Mplus VERSION 8 (Mac)
MUTHEN & MUTHEN
11/04/2017   2:01 PM

INPUT INSTRUCTIONS

  TITLE:
  Title: EFA of 1-factor solution using ESEM considering indicators as continuous;
  DATA:
  FILE = "../data/06_Analayses_EfaSEMCont.1.csv";

  VARIABLE:
  NAMES = Des_15 Des_17 Des_21 Des_24 Des_26 Des_29 Des_33 Car_16 Car_18 Car_20 Car_23
       Car_25 Car_28 Car_30 Car_32 Car_34 Car_36 Self_19 Self_22 Self_27 Self_31
       Self_35;
   MISSING=.;

    Missing are all (-99, -9, -8, -1);,
    USEVARIABLES =    Des_15  Des_17  Des_21
                      Des_24 Des_26  Des_29
                      Des_33  Car_16 Car_18
                      Car_20  Car_23  Car_25
                      Car_28  Car_30  Car_32
                      Car_34 Car_36  Self_19
                      Self_22 Self_27 Self_31
                      Self_35;
  ANALYSIS:

    ITERATIONS = 10000;
    ESTIMATOR = MLR;
  MODEL:

    f1 BY Des_15  Des_17  Des_21  Des_24
    Des_26  Des_29  Des_33  Car_16
    Car_18  Car_20  Car_23  Car_25
    Car_28  Car_30  Car_32  Car_34
    Car_36  Self_19 Self_22 Self_27
    Self_31 Self_35 (*1);
  OUTPUT:
  SAMPSTAT MODINDICES(3.8) STANDARDIZED tech1;



*** WARNING
  Data set contains cases with missing on all variables.
  These cases were not included in the analysis.
  Number of cases with missing on all variables:  10
   1 WARNING(S) FOUND IN THE INPUT INSTRUCTIONS




EFA of 1-factor solution using ESEM considering indicators as continuous;

SUMMARY OF ANALYSIS

Number of groups                                                 1
Number of observations                                         467

Number of dependent variables                                   22
Number of independent variables                                  0
Number of continuous latent variables                            1

Observed dependent variables

  Continuous
   DES_15      DES_17      DES_21      DES_24      DES_26      DES_29
   DES_33      CAR_16      CAR_18      CAR_20      CAR_23      CAR_25
   CAR_28      CAR_30      CAR_32      CAR_34      CAR_36      SELF_19
   SELF_22     SELF_27     SELF_31     SELF_35

Continuous latent variables

  EFA factors
  *1:   F1


Estimator                                                      MLR
Rotation                                                    GEOMIN
Row standardization                                    CORRELATION
Type of rotation                                           OBLIQUE
Epsilon value                                               Varies
Information matrix                                        OBSERVED
Maximum number of iterations                                 10000
Convergence criterion                                    0.500D-04
Maximum number of steepest descent iterations                   20
Maximum number of iterations for H1                           2000
Convergence criterion for H1                             0.100D-03
Optimization Specifications for the Exploratory Factor Analysis
Rotation Algorithm
  Number of random starts                                       30
  Maximum number of iterations                               10000
  Derivative convergence criterion                       0.100D-04

Input data file(s)
  ../data/06_Analayses_EfaSEMCont.1.csv

Input data format  FREE


SUMMARY OF DATA

     Number of missing data patterns            54


COVARIANCE COVERAGE OF DATA

Minimum covariance coverage value   0.100


     PROPORTION OF DATA PRESENT


           Covariance Coverage
              DES_15        DES_17        DES_21        DES_24        DES_26
              ________      ________      ________      ________      ________
 DES_15         0.994
 DES_17         0.959         0.966
 DES_21         0.985         0.957         0.991
 DES_24         0.972         0.944         0.970         0.979
 DES_26         0.983         0.955         0.981         0.968         0.989
 DES_29         0.979         0.953         0.976         0.964         0.974
 DES_33         0.961         0.936         0.961         0.949         0.957
 CAR_16         0.968         0.949         0.966         0.957         0.964
 CAR_18         0.981         0.953         0.979         0.968         0.976
 CAR_20         0.961         0.936         0.959         0.946         0.959
 CAR_23         0.983         0.957         0.981         0.970         0.979
 CAR_25         0.979         0.955         0.976         0.964         0.976
 CAR_28         0.981         0.953         0.979         0.968         0.976
 CAR_30         0.981         0.953         0.979         0.966         0.976
 CAR_32         0.979         0.951         0.976         0.966         0.976
 CAR_34         0.974         0.946         0.972         0.961         0.970
 CAR_36         0.987         0.961         0.985         0.974         0.983
 SELF_19        0.983         0.959         0.981         0.970         0.979
 SELF_22        0.985         0.957         0.983         0.972         0.981
 SELF_27        0.979         0.951         0.976         0.964         0.974
 SELF_31        0.979         0.951         0.976         0.964         0.979
 SELF_35        0.979         0.951         0.976         0.968         0.974


           Covariance Coverage
              DES_29        DES_33        CAR_16        CAR_18        CAR_20
              ________      ________      ________      ________      ________
 DES_29         0.985
 DES_33         0.955         0.968
 CAR_16         0.959         0.942         0.974
 CAR_18         0.972         0.955         0.961         0.987
 CAR_20         0.953         0.936         0.946         0.955         0.968
 CAR_23         0.974         0.957         0.966         0.976         0.959
 CAR_25         0.970         0.953         0.961         0.972         0.953
 CAR_28         0.972         0.957         0.961         0.976         0.955
 CAR_30         0.974         0.955         0.961         0.974         0.955
 CAR_32         0.970         0.959         0.959         0.972         0.955
 CAR_34         0.966         0.953         0.955         0.968         0.951
 CAR_36         0.979         0.964         0.968         0.981         0.961
 SELF_19        0.976         0.959         0.966         0.976         0.957
 SELF_22        0.976         0.959         0.970         0.979         0.959
 SELF_27        0.970         0.953         0.959         0.972         0.953
 SELF_31        0.970         0.957         0.959         0.974         0.955
 SELF_35        0.970         0.955         0.961         0.972         0.955


           Covariance Coverage
              CAR_23        CAR_25        CAR_28        CAR_30        CAR_32
              ________      ________      ________      ________      ________
 CAR_23         0.989
 CAR_25         0.974         0.985
 CAR_28         0.979         0.972         0.987
 CAR_30         0.979         0.974         0.974         0.987
 CAR_32         0.974         0.970         0.976         0.974         0.985
 CAR_34         0.970         0.966         0.968         0.970         0.970
 CAR_36         0.983         0.979         0.981         0.981         0.981
 SELF_19        0.979         0.974         0.976         0.976         0.974
 SELF_22        0.983         0.976         0.979         0.979         0.976
 SELF_27        0.974         0.972         0.972         0.974         0.970
 SELF_31        0.974         0.970         0.974         0.972         0.974
 SELF_35        0.976         0.970         0.972         0.972         0.972


           Covariance Coverage
              CAR_34        CAR_36        SELF_19       SELF_22       SELF_27
              ________      ________      ________      ________      ________
 CAR_34         0.981
 CAR_36         0.976         0.994
 SELF_19        0.970         0.983         0.989
 SELF_22        0.972         0.985         0.981         0.991
 SELF_27        0.966         0.979         0.976         0.976         0.985
 SELF_31        0.966         0.979         0.974         0.976         0.970
 SELF_35        0.972         0.981         0.974         0.979         0.970


           Covariance Coverage
              SELF_31       SELF_35
              ________      ________
 SELF_31        0.985
 SELF_35        0.970         0.985


SAMPLE STATISTICS


     ESTIMATED SAMPLE STATISTICS


           Means
              DES_15        DES_17        DES_21        DES_24        DES_26
              ________      ________      ________      ________      ________
                4.031         3.033         2.685         3.489         4.331


           Means
              DES_29        DES_33        CAR_16        CAR_18        CAR_20
              ________      ________      ________      ________      ________
                3.818         3.477         3.246         3.073         3.244


           Means
              CAR_23        CAR_25        CAR_28        CAR_30        CAR_32
              ________      ________      ________      ________      ________
                3.630         3.667         2.437         3.008         3.635


           Means
              CAR_34        CAR_36        SELF_19       SELF_22       SELF_27
              ________      ________      ________      ________      ________
                3.687         2.836         3.518         3.982         4.147


           Means
              SELF_31       SELF_35
              ________      ________
                3.530         3.817


           Covariances
              DES_15        DES_17        DES_21        DES_24        DES_26
              ________      ________      ________      ________      ________
 DES_15         0.915
 DES_17         0.457         1.425
 DES_21         0.295         0.601         1.272
 DES_24         0.450         0.504         0.439         1.374
 DES_26         0.237         0.269         0.185         0.227         0.842
 DES_29         0.707         0.625         0.350         0.586         0.285
 DES_33         0.670         0.602         0.463         0.589         0.389
 CAR_16         0.351         0.293         0.111         0.266         0.156
 CAR_18         0.517         0.664         0.504         0.585         0.290
 CAR_20         0.486         0.439         0.298         0.432         0.168
 CAR_23         0.407         0.497         0.367         0.526         0.278
 CAR_25         0.593         0.519         0.290         0.535         0.173
 CAR_28         0.447         0.406         0.430         0.423         0.239
 CAR_30         0.499         0.493         0.329         0.469         0.117
 CAR_32         0.599         0.565         0.416         0.571         0.375
 CAR_34         0.376         0.401         0.253         0.456         0.292
 CAR_36         0.576         0.610         0.485         0.545         0.222
 SELF_19        0.287         0.181         0.220         0.350         0.101
 SELF_22        0.247         0.253         0.208         0.405         0.147
 SELF_27        0.251         0.159         0.060         0.288         0.089
 SELF_31        0.324         0.217         0.215         0.480         0.177
 SELF_35        0.348         0.246         0.186         0.261         0.178


           Covariances
              DES_29        DES_33        CAR_16        CAR_18        CAR_20
              ________      ________      ________      ________      ________
 DES_29         1.433
 DES_33         0.833         1.331
 CAR_16         0.462         0.478         1.362
 CAR_18         0.734         0.732         0.461         1.504
 CAR_20         0.587         0.635         0.706         0.755         1.567
 CAR_23         0.540         0.518         0.386         0.779         0.589
 CAR_25         0.706         0.728         0.627         0.722         0.816
 CAR_28         0.484         0.536         0.358         0.677         0.510
 CAR_30         0.658         0.603         0.722         0.844         0.860
 CAR_32         0.726         0.741         0.490         0.833         0.727
 CAR_34         0.402         0.582         0.486         0.530         0.582
 CAR_36         0.742         0.796         0.624         0.936         0.817
 SELF_19        0.390         0.327         0.197         0.258         0.192
 SELF_22        0.360         0.326         0.132         0.291         0.120
 SELF_27        0.353         0.259         0.198         0.171         0.163
 SELF_31        0.419         0.397         0.337         0.279         0.290
 SELF_35        0.418         0.293         0.249         0.190         0.136


           Covariances
              CAR_23        CAR_25        CAR_28        CAR_30        CAR_32
              ________      ________      ________      ________      ________
 CAR_23         1.220
 CAR_25         0.670         1.450
 CAR_28         0.487         0.420         1.234
 CAR_30         0.648         0.837         0.530         1.668
 CAR_32         0.819         0.899         0.625         0.733         1.412
 CAR_34         0.429         0.728         0.359         0.765         0.622
 CAR_36         0.722         0.790         0.776         0.983         0.977
 SELF_19        0.198         0.206         0.163         0.275         0.229
 SELF_22        0.189         0.240         0.164         0.178         0.305
 SELF_27        0.077         0.349         0.016         0.248         0.181
 SELF_31        0.183         0.358         0.115         0.387         0.353
 SELF_35        0.098         0.370         0.097         0.314         0.260


           Covariances
              CAR_34        CAR_36        SELF_19       SELF_22       SELF_27
              ________      ________      ________      ________      ________
 CAR_34         1.407
 CAR_36         0.572         1.495
 SELF_19        0.208         0.283         0.916
 SELF_22        0.209         0.211         0.365         0.842
 SELF_27        0.365         0.154         0.326         0.326         1.030
 SELF_31        0.473         0.313         0.336         0.265         0.580
 SELF_35        0.432         0.184         0.385         0.373         0.613


           Covariances
              SELF_31       SELF_35
              ________      ________
 SELF_31        1.470
 SELF_35        0.577         1.326


           Correlations
              DES_15        DES_17        DES_21        DES_24        DES_26
              ________      ________      ________      ________      ________
 DES_15         1.000
 DES_17         0.400         1.000
 DES_21         0.273         0.446         1.000
 DES_24         0.401         0.361         0.332         1.000
 DES_26         0.270         0.246         0.179         0.211         1.000
 DES_29         0.618         0.437         0.259         0.417         0.259
 DES_33         0.607         0.437         0.356         0.435         0.367
 CAR_16         0.315         0.210         0.084         0.194         0.146
 CAR_18         0.440         0.453         0.365         0.407         0.258
 CAR_20         0.406         0.294         0.211         0.294         0.146
 CAR_23         0.385         0.377         0.295         0.406         0.275
 CAR_25         0.514         0.361         0.214         0.379         0.157
 CAR_28         0.421         0.306         0.343         0.325         0.235
 CAR_30         0.404         0.319         0.226         0.310         0.099
 CAR_32         0.527         0.399         0.311         0.410         0.344
 CAR_34         0.331         0.283         0.189         0.328         0.268
 CAR_36         0.492         0.418         0.352         0.380         0.198
 SELF_19        0.313         0.159         0.204         0.312         0.115
 SELF_22        0.281         0.231         0.201         0.376         0.174
 SELF_27        0.258         0.131         0.052         0.242         0.096
 SELF_31        0.280         0.150         0.157         0.338         0.159
 SELF_35        0.316         0.179         0.144         0.194         0.168


           Correlations
              DES_29        DES_33        CAR_16        CAR_18        CAR_20
              ________      ________      ________      ________      ________
 DES_29         1.000
 DES_33         0.603         1.000
 CAR_16         0.331         0.355         1.000
 CAR_18         0.500         0.518         0.322         1.000
 CAR_20         0.392         0.439         0.483         0.492         1.000
 CAR_23         0.409         0.407         0.300         0.575         0.426
 CAR_25         0.490         0.524         0.446         0.489         0.542
 CAR_28         0.364         0.419         0.277         0.497         0.367
 CAR_30         0.425         0.404         0.479         0.533         0.532
 CAR_32         0.511         0.541         0.353         0.572         0.489
 CAR_34         0.283         0.426         0.351         0.364         0.392
 CAR_36         0.507         0.564         0.437         0.624         0.534
 SELF_19        0.341         0.296         0.177         0.220         0.160
 SELF_22        0.328         0.308         0.123         0.258         0.104
 SELF_27        0.290         0.221         0.167         0.138         0.129
 SELF_31        0.288         0.284         0.238         0.188         0.191
 SELF_35        0.303         0.220         0.186         0.134         0.094


           Correlations
              CAR_23        CAR_25        CAR_28        CAR_30        CAR_32
              ________      ________      ________      ________      ________
 CAR_23         1.000
 CAR_25         0.504         1.000
 CAR_28         0.397         0.314         1.000
 CAR_30         0.454         0.538         0.369         1.000
 CAR_32         0.624         0.628         0.474         0.478         1.000
 CAR_34         0.327         0.510         0.272         0.499         0.441
 CAR_36         0.534         0.537         0.572         0.622         0.673
 SELF_19        0.187         0.178         0.153         0.223         0.202
 SELF_22        0.187         0.217         0.161         0.150         0.280
 SELF_27        0.068         0.286         0.014         0.189         0.150
 SELF_31        0.137         0.245         0.085         0.247         0.245
 SELF_35        0.077         0.267         0.076         0.211         0.190


           Correlations
              CAR_34        CAR_36        SELF_19       SELF_22       SELF_27
              ________      ________      ________      ________      ________
 CAR_34         1.000
 CAR_36         0.395         1.000
 SELF_19        0.183         0.242         1.000
 SELF_22        0.192         0.188         0.415         1.000
 SELF_27        0.303         0.124         0.335         0.351         1.000
 SELF_31        0.329         0.211         0.289         0.238         0.471
 SELF_35        0.316         0.130         0.350         0.353         0.524


           Correlations
              SELF_31       SELF_35
              ________      ________
 SELF_31        1.000
 SELF_35        0.413         1.000


     MAXIMUM LOG-LIKELIHOOD VALUE FOR THE UNRESTRICTED (H1) MODEL IS -13289.376


UNIVARIATE SAMPLE STATISTICS


     UNIVARIATE HIGHER-ORDER MOMENT DESCRIPTIVE STATISTICS

         Variable/         Mean/     Skewness/   Minimum/ % with                Percentiles
        Sample Size      Variance    Kurtosis    Maximum  Min/Max      20%/60%    40%/80%    Median

     DES_15                4.028      -0.957       1.000    2.37%       3.000      4.000      4.000
             464.000       0.915       0.764       5.000   36.42%       4.000      5.000
     DES_17                3.033      -0.158       1.000   13.30%       2.000      3.000      3.000
             451.000       1.425      -0.869       5.000   10.64%       3.000      4.000
     DES_21                2.685       0.244       1.000   16.20%       2.000      2.000      3.000
             463.000       1.274      -0.663       5.000    6.70%       3.000      4.000
     DES_24                3.479      -0.441       1.000    6.78%       2.000      3.000      4.000
             457.000       1.370      -0.640       5.000   21.66%       4.000      5.000
     DES_26                4.333      -1.632       1.000    2.38%       4.000      4.000      5.000
             462.000       0.841       2.734       5.000   54.76%       5.000      5.000
     DES_29                3.822      -0.812       1.000    5.87%       3.000      4.000      4.000
             460.000       1.438      -0.293       5.000   37.17%       4.000      5.000
     DES_33                3.487      -0.388       1.000    6.86%       3.000      3.000      3.000
             452.000       1.338      -0.545       5.000   23.23%       4.000      5.000
     CAR_16                3.240      -0.158       1.000    9.23%       2.000      3.000      3.000
             455.000       1.360      -0.620       5.000   17.58%       3.000      4.000
     CAR_18                3.069       0.023       1.000   11.28%       2.000      3.000      3.000
             461.000       1.505      -0.910       5.000   16.05%       3.000      4.000
     CAR_20                3.257      -0.168       1.000   10.62%       2.000      3.000      3.000
             452.000       1.567      -0.894       5.000   21.24%       4.000      5.000
     CAR_23                3.630      -0.584       1.000    5.41%       3.000      3.000      4.000
             462.000       1.224      -0.248       5.000   24.46%       4.000      5.000
     CAR_25                3.661      -0.487       1.000    5.65%       3.000      3.000      4.000
             460.000       1.442      -0.700       5.000   33.04%       4.000      5.000
     CAR_28                2.443       0.378       1.000   23.86%       1.000      2.000      2.000
             461.000       1.232      -0.552       5.000    4.56%       3.000      3.000
     CAR_30                3.009       0.086       1.000   14.53%       2.000      3.000      3.000
             461.000       1.670      -0.995       5.000   18.22%       3.000      4.000
     CAR_32                3.635      -0.564       1.000    6.30%       3.000      3.000      4.000
             460.000       1.419      -0.565       5.000   29.13%       4.000      5.000
     CAR_34                3.697      -0.637       1.000    6.55%       3.000      3.000      4.000
             458.000       1.408      -0.410       5.000   31.88%       4.000      5.000
     CAR_36                2.834       0.206       1.000   16.59%       2.000      3.000      3.000
             464.000       1.500      -0.735       5.000   13.15%       3.000      4.000
     SELF_19               3.515      -0.236       1.000    2.60%       3.000      3.000      3.000
             462.000       0.916      -0.185       5.000   16.45%       4.000      4.000
     SELF_22               3.983      -1.039       1.000    2.59%       3.000      4.000      4.000
             463.000       0.842       1.324       5.000   30.02%       4.000      5.000
     SELF_27               4.150      -1.205       1.000    2.83%       3.000      4.000      4.000
             460.000       1.027       0.997       5.000   47.17%       5.000      5.000
     SELF_31               3.530      -0.479       1.000    7.61%       2.000      3.000      4.000
             460.000       1.475      -0.679       5.000   26.09%       4.000      5.000
     SELF_35               3.815      -0.791       1.000    5.43%       3.000      4.000      4.000
             460.000       1.325      -0.138       5.000   34.78%       4.000      5.000


THE MODEL ESTIMATION TERMINATED NORMALLY



MODEL FIT INFORMATION

Number of Free Parameters                       66

Loglikelihood

          H0 Value                      -13879.199
          H0 Scaling Correction Factor      1.1666
            for MLR
          H1 Value                      -13289.376
          H1 Scaling Correction Factor      1.3047
            for MLR

Information Criteria

          Akaike (AIC)                   27890.397
          Bayesian (BIC)                 28164.055
          Sample-Size Adjusted BIC       27954.585
            (n* = (n + 2) / 24)

Chi-Square Test of Model Fit

          Value                            874.920*
          Degrees of Freedom                   209
          P-Value                           0.0000
          Scaling Correction Factor         1.3483
            for MLR

*   The chi-square value for MLM, MLMV, MLR, ULSMV, WLSM and WLSMV cannot be used
    for chi-square difference testing in the regular way.  MLM, MLR and WLSM
    chi-square difference testing is described on the Mplus website.  MLMV, WLSMV,
    and ULSMV difference testing is done using the DIFFTEST option.

RMSEA (Root Mean Square Error Of Approximation)

          Estimate                           0.083
          90 Percent C.I.                    0.077  0.088
          Probability RMSEA <= .05           0.000

CFI/TLI

          CFI                                0.783
          TLI                                0.760

Chi-Square Test of Model Fit for the Baseline Model

          Value                           3300.534
          Degrees of Freedom                   231
          P-Value                           0.0000

SRMR (Standardized Root Mean Square Residual)

          Value                              0.079



MODEL RESULTS

                                                    Two-Tailed
                    Estimate       S.E.  Est./S.E.    P-Value

 F1       BY
    DES_15             0.662      0.045     14.849      0.000
    DES_17             0.658      0.051     12.835      0.000
    DES_21             0.484      0.050      9.591      0.000
    DES_24             0.654      0.052     12.677      0.000
    DES_26             0.327      0.048      6.839      0.000
    DES_29             0.833      0.049     17.001      0.000
    DES_33             0.848      0.047     17.934      0.000
    CAR_16             0.601      0.064      9.439      0.000
    CAR_18             0.899      0.046     19.723      0.000
    CAR_20             0.796      0.057     13.950      0.000
    CAR_23             0.729      0.049     14.793      0.000
    CAR_25             0.870      0.047     18.606      0.000
    CAR_28             0.641      0.047     13.583      0.000
    CAR_30             0.866      0.056     15.408      0.000
    CAR_32             0.931      0.041     22.561      0.000
    CAR_34             0.669      0.054     12.437      0.000
    CAR_36             0.962      0.043     22.524      0.000
    SELF_19            0.344      0.045      7.635      0.000
    SELF_22            0.334      0.048      7.011      0.000
    SELF_27            0.302      0.053      5.735      0.000
    SELF_31            0.443      0.061      7.294      0.000
    SELF_35            0.362      0.061      5.951      0.000

 Intercepts
    DES_15             4.030      0.044     90.966      0.000
    DES_17             3.038      0.056     54.460      0.000
    DES_21             2.682      0.052     51.170      0.000
    DES_24             3.486      0.054     63.967      0.000
    DES_26             4.332      0.043    101.541      0.000
    DES_29             3.818      0.056     68.559      0.000
    DES_33             3.479      0.054     64.558      0.000
    CAR_16             3.241      0.054     59.487      0.000
    CAR_18             3.072      0.057     53.947      0.000
    CAR_20             3.246      0.059     55.422      0.000
    CAR_23             3.629      0.051     70.724      0.000
    CAR_25             3.662      0.056     65.765      0.000
    CAR_28             2.438      0.052     47.305      0.000
    CAR_30             3.009      0.060     50.204      0.000
    CAR_32             3.634      0.055     65.832      0.000
    CAR_34             3.694      0.055     66.840      0.000
    CAR_36             2.835      0.057     50.030      0.000
    SELF_19            3.517      0.044     79.097      0.000
    SELF_22            3.982      0.043     93.356      0.000
    SELF_27            4.151      0.047     87.992      0.000
    SELF_31            3.532      0.057     62.472      0.000
    SELF_35            3.816      0.054     71.167      0.000

 Variances
    F1                 1.000      0.000    999.000    999.000

 Residual Variances
    DES_15             0.479      0.043     11.049      0.000
    DES_17             0.986      0.071     13.855      0.000
    DES_21             1.041      0.065     15.920      0.000
    DES_24             0.941      0.069     13.691      0.000
    DES_26             0.734      0.085      8.664      0.000
    DES_29             0.738      0.054     13.608      0.000
    DES_33             0.612      0.063      9.764      0.000
    CAR_16             1.000      0.083     12.079      0.000
    CAR_18             0.695      0.061     11.372      0.000
    CAR_20             0.933      0.082     11.427      0.000
    CAR_23             0.690      0.054     12.811      0.000
    CAR_25             0.681      0.069      9.851      0.000
    CAR_28             0.822      0.065     12.624      0.000
    CAR_30             0.914      0.094      9.755      0.000
    CAR_32             0.549      0.046     11.858      0.000
    CAR_34             0.957      0.080     11.965      0.000
    CAR_36             0.570      0.054     10.493      0.000
    SELF_19            0.798      0.054     14.886      0.000
    SELF_22            0.731      0.065     11.157      0.000
    SELF_27            0.936      0.083     11.263      0.000
    SELF_31            1.277      0.085     14.936      0.000
    SELF_35            1.193      0.089     13.338      0.000


STANDARDIZED MODEL RESULTS


STDYX Standardization

                                                    Two-Tailed
                    Estimate       S.E.  Est./S.E.    P-Value

 F1       BY
    DES_15             0.691      0.030     22.881      0.000
    DES_17             0.552      0.039     14.341      0.000
    DES_21             0.429      0.041     10.402      0.000
    DES_24             0.559      0.038     14.650      0.000
    DES_26             0.357      0.052      6.899      0.000
    DES_29             0.696      0.027     25.456      0.000
    DES_33             0.735      0.031     23.706      0.000
    CAR_16             0.515      0.051     10.188      0.000
    CAR_18             0.733      0.028     26.262      0.000
    CAR_20             0.636      0.039     16.123      0.000
    CAR_23             0.659      0.033     20.100      0.000
    CAR_25             0.725      0.031     23.343      0.000
    CAR_28             0.577      0.037     15.550      0.000
    CAR_30             0.672      0.039     17.133      0.000
    CAR_32             0.782      0.021     37.648      0.000
    CAR_34             0.565      0.040     14.008      0.000
    CAR_36             0.787      0.023     33.997      0.000
    SELF_19            0.360      0.044      8.180      0.000
    SELF_22            0.364      0.048      7.601      0.000
    SELF_27            0.298      0.051      5.832      0.000
    SELF_31            0.365      0.049      7.464      0.000
    SELF_35            0.315      0.052      6.004      0.000

 Intercepts
    DES_15             4.211      0.193     21.843      0.000
    DES_17             2.551      0.084     30.207      0.000
    DES_21             2.376      0.071     33.653      0.000
    DES_24             2.979      0.108     27.664      0.000
    DES_26             4.725      0.276     17.130      0.000
    DES_29             3.190      0.131     24.378      0.000
    DES_33             3.015      0.109     27.585      0.000
    CAR_16             2.778      0.095     29.355      0.000
    CAR_18             2.505      0.076     33.106      0.000
    CAR_20             2.593      0.085     30.502      0.000
    CAR_23             3.284      0.128     25.589      0.000
    CAR_25             3.055      0.109     27.978      0.000
    CAR_28             2.196      0.065     34.026      0.000
    CAR_30             2.332      0.068     34.146      0.000
    CAR_32             3.055      0.115     26.619      0.000
    CAR_34             3.117      0.122     25.529      0.000
    CAR_36             2.318      0.069     33.526      0.000
    SELF_19            3.675      0.131     27.970      0.000
    SELF_22            4.339      0.214     20.297      0.000
    SELF_27            4.096      0.201     20.427      0.000
    SELF_31            2.910      0.106     27.397      0.000
    SELF_35            3.316      0.138     24.060      0.000

 Variances
    F1                 1.000      0.000    999.000    999.000

 Residual Variances
    DES_15             0.522      0.042     12.510      0.000
    DES_17             0.695      0.043     16.338      0.000
    DES_21             0.816      0.035     23.095      0.000
    DES_24             0.687      0.043     16.109      0.000
    DES_26             0.873      0.037     23.646      0.000
    DES_29             0.515      0.038     13.521      0.000
    DES_33             0.460      0.046     10.078      0.000
    CAR_16             0.734      0.052     14.075      0.000
    CAR_18             0.462      0.041     11.282      0.000
    CAR_20             0.595      0.050     11.867      0.000
    CAR_23             0.565      0.043     13.067      0.000
    CAR_25             0.474      0.045     10.514      0.000
    CAR_28             0.667      0.043     15.570      0.000
    CAR_30             0.549      0.053     10.427      0.000
    CAR_32             0.388      0.033     11.923      0.000
    CAR_34             0.681      0.046     14.960      0.000
    CAR_36             0.381      0.036     10.468      0.000
    SELF_19            0.871      0.032     27.552      0.000
    SELF_22            0.868      0.035     24.914      0.000
    SELF_27            0.911      0.031     29.849      0.000
    SELF_31            0.867      0.036     24.309      0.000
    SELF_35            0.901      0.033     27.267      0.000


STDY Standardization

                                                    Two-Tailed
                    Estimate       S.E.  Est./S.E.    P-Value

 F1       BY
    DES_15             0.691      0.030     22.881      0.000
    DES_17             0.552      0.039     14.341      0.000
    DES_21             0.429      0.041     10.402      0.000
    DES_24             0.559      0.038     14.650      0.000
    DES_26             0.357      0.052      6.899      0.000
    DES_29             0.696      0.027     25.456      0.000
    DES_33             0.735      0.031     23.706      0.000
    CAR_16             0.515      0.051     10.188      0.000
    CAR_18             0.733      0.028     26.262      0.000
    CAR_20             0.636      0.039     16.123      0.000
    CAR_23             0.659      0.033     20.100      0.000
    CAR_25             0.725      0.031     23.343      0.000
    CAR_28             0.577      0.037     15.550      0.000
    CAR_30             0.672      0.039     17.133      0.000
    CAR_32             0.782      0.021     37.648      0.000
    CAR_34             0.565      0.040     14.008      0.000
    CAR_36             0.787      0.023     33.997      0.000
    SELF_19            0.360      0.044      8.180      0.000
    SELF_22            0.364      0.048      7.601      0.000
    SELF_27            0.298      0.051      5.832      0.000
    SELF_31            0.365      0.049      7.464      0.000
    SELF_35            0.315      0.052      6.004      0.000

 Intercepts
    DES_15             4.211      0.193     21.843      0.000
    DES_17             2.551      0.084     30.207      0.000
    DES_21             2.376      0.071     33.653      0.000
    DES_24             2.979      0.108     27.664      0.000
    DES_26             4.725      0.276     17.130      0.000
    DES_29             3.190      0.131     24.378      0.000
    DES_33             3.015      0.109     27.585      0.000
    CAR_16             2.778      0.095     29.355      0.000
    CAR_18             2.505      0.076     33.106      0.000
    CAR_20             2.593      0.085     30.502      0.000
    CAR_23             3.284      0.128     25.589      0.000
    CAR_25             3.055      0.109     27.978      0.000
    CAR_28             2.196      0.065     34.026      0.000
    CAR_30             2.332      0.068     34.146      0.000
    CAR_32             3.055      0.115     26.619      0.000
    CAR_34             3.117      0.122     25.529      0.000
    CAR_36             2.318      0.069     33.526      0.000
    SELF_19            3.675      0.131     27.970      0.000
    SELF_22            4.339      0.214     20.297      0.000
    SELF_27            4.096      0.201     20.427      0.000
    SELF_31            2.910      0.106     27.397      0.000
    SELF_35            3.316      0.138     24.060      0.000

 Variances
    F1                 1.000      0.000    999.000    999.000

 Residual Variances
    DES_15             0.522      0.042     12.510      0.000
    DES_17             0.695      0.043     16.338      0.000
    DES_21             0.816      0.035     23.095      0.000
    DES_24             0.687      0.043     16.109      0.000
    DES_26             0.873      0.037     23.646      0.000
    DES_29             0.515      0.038     13.521      0.000
    DES_33             0.460      0.046     10.078      0.000
    CAR_16             0.734      0.052     14.075      0.000
    CAR_18             0.462      0.041     11.282      0.000
    CAR_20             0.595      0.050     11.867      0.000
    CAR_23             0.565      0.043     13.067      0.000
    CAR_25             0.474      0.045     10.514      0.000
    CAR_28             0.667      0.043     15.570      0.000
    CAR_30             0.549      0.053     10.427      0.000
    CAR_32             0.388      0.033     11.923      0.000
    CAR_34             0.681      0.046     14.960      0.000
    CAR_36             0.381      0.036     10.468      0.000
    SELF_19            0.871      0.032     27.552      0.000
    SELF_22            0.868      0.035     24.914      0.000
    SELF_27            0.911      0.031     29.849      0.000
    SELF_31            0.867      0.036     24.309      0.000
    SELF_35            0.901      0.033     27.267      0.000


STD Standardization

                                                    Two-Tailed
                    Estimate       S.E.  Est./S.E.    P-Value

 F1       BY
    DES_15             0.662      0.045     14.849      0.000
    DES_17             0.658      0.051     12.835      0.000
    DES_21             0.484      0.050      9.591      0.000
    DES_24             0.654      0.052     12.677      0.000
    DES_26             0.327      0.048      6.839      0.000
    DES_29             0.833      0.049     17.001      0.000
    DES_33             0.848      0.047     17.934      0.000
    CAR_16             0.601      0.064      9.439      0.000
    CAR_18             0.899      0.046     19.723      0.000
    CAR_20             0.796      0.057     13.950      0.000
    CAR_23             0.729      0.049     14.793      0.000
    CAR_25             0.870      0.047     18.606      0.000
    CAR_28             0.641      0.047     13.583      0.000
    CAR_30             0.866      0.056     15.408      0.000
    CAR_32             0.931      0.041     22.561      0.000
    CAR_34             0.669      0.054     12.437      0.000
    CAR_36             0.962      0.043     22.524      0.000
    SELF_19            0.344      0.045      7.635      0.000
    SELF_22            0.334      0.048      7.011      0.000
    SELF_27            0.302      0.053      5.735      0.000
    SELF_31            0.443      0.061      7.294      0.000
    SELF_35            0.362      0.061      5.951      0.000

 Intercepts
    DES_15             4.030      0.044     90.966      0.000
    DES_17             3.038      0.056     54.460      0.000
    DES_21             2.682      0.052     51.170      0.000
    DES_24             3.486      0.054     63.967      0.000
    DES_26             4.332      0.043    101.541      0.000
    DES_29             3.818      0.056     68.559      0.000
    DES_33             3.479      0.054     64.558      0.000
    CAR_16             3.241      0.054     59.487      0.000
    CAR_18             3.072      0.057     53.947      0.000
    CAR_20             3.246      0.059     55.422      0.000
    CAR_23             3.629      0.051     70.724      0.000
    CAR_25             3.662      0.056     65.765      0.000
    CAR_28             2.438      0.052     47.305      0.000
    CAR_30             3.009      0.060     50.204      0.000
    CAR_32             3.634      0.055     65.832      0.000
    CAR_34             3.694      0.055     66.840      0.000
    CAR_36             2.835      0.057     50.030      0.000
    SELF_19            3.517      0.044     79.097      0.000
    SELF_22            3.982      0.043     93.356      0.000
    SELF_27            4.151      0.047     87.992      0.000
    SELF_31            3.532      0.057     62.472      0.000
    SELF_35            3.816      0.054     71.167      0.000

 Variances
    F1                 1.000      0.000    999.000    999.000

 Residual Variances
    DES_15             0.479      0.043     11.049      0.000
    DES_17             0.986      0.071     13.855      0.000
    DES_21             1.041      0.065     15.920      0.000
    DES_24             0.941      0.069     13.691      0.000
    DES_26             0.734      0.085      8.664      0.000
    DES_29             0.738      0.054     13.608      0.000
    DES_33             0.612      0.063      9.764      0.000
    CAR_16             1.000      0.083     12.079      0.000
    CAR_18             0.695      0.061     11.372      0.000
    CAR_20             0.933      0.082     11.427      0.000
    CAR_23             0.690      0.054     12.811      0.000
    CAR_25             0.681      0.069      9.851      0.000
    CAR_28             0.822      0.065     12.624      0.000
    CAR_30             0.914      0.094      9.755      0.000
    CAR_32             0.549      0.046     11.858      0.000
    CAR_34             0.957      0.080     11.965      0.000
    CAR_36             0.570      0.054     10.493      0.000
    SELF_19            0.798      0.054     14.886      0.000
    SELF_22            0.731      0.065     11.157      0.000
    SELF_27            0.936      0.083     11.263      0.000
    SELF_31            1.277      0.085     14.936      0.000
    SELF_35            1.193      0.089     13.338      0.000


R-SQUARE

    Observed                                        Two-Tailed
    Variable        Estimate       S.E.  Est./S.E.    P-Value

    DES_15             0.478      0.042     11.441      0.000
    DES_17             0.305      0.043      7.170      0.000
    DES_21             0.184      0.035      5.201      0.000
    DES_24             0.313      0.043      7.325      0.000
    DES_26             0.127      0.037      3.449      0.001
    DES_29             0.485      0.038     12.728      0.000
    DES_33             0.540      0.046     11.853      0.000
    CAR_16             0.266      0.052      5.094      0.000
    CAR_18             0.538      0.041     13.131      0.000
    CAR_20             0.405      0.050      8.061      0.000
    CAR_23             0.435      0.043     10.050      0.000
    CAR_25             0.526      0.045     11.671      0.000
    CAR_28             0.333      0.043      7.775      0.000
    CAR_30             0.451      0.053      8.566      0.000
    CAR_32             0.612      0.033     18.824      0.000
    CAR_34             0.319      0.046      7.004      0.000
    CAR_36             0.619      0.036     16.998      0.000
    SELF_19            0.129      0.032      4.090      0.000
    SELF_22            0.132      0.035      3.800      0.000
    SELF_27            0.089      0.031      2.916      0.004
    SELF_31            0.133      0.036      3.732      0.000
    SELF_35            0.099      0.033      3.002      0.003


QUALITY OF NUMERICAL RESULTS

     Condition Number for the Information Matrix              0.207E-01
       (ratio of smallest to largest eigenvalue)


MODEL MODIFICATION INDICES

NOTE:  Modification indices for direct effects of observed dependent variables
regressed on covariates may not be included.  To include these, request
MODINDICES (ALL).

Minimum M.I. value for printing the modification index     3.800

                                   M.I.     E.P.C.  Std E.P.C.  StdYX E.P.C.

WITH Statements

DES_21   WITH DES_17              26.013     0.291      0.291        0.287
DES_24   WITH DES_21               4.297     0.115      0.115        0.116
DES_29   WITH DES_15              27.796     0.184      0.184        0.309
DES_33   WITH DES_15              16.021     0.130      0.130        0.240
DES_33   WITH DES_26               9.770     0.121      0.121        0.181
DES_33   WITH DES_29              13.406     0.148      0.148        0.220
CAR_16   WITH DES_21               9.602    -0.177     -0.177       -0.173
CAR_16   WITH DES_24               5.352    -0.127     -0.127       -0.131
CAR_18   WITH DES_15               7.647    -0.095     -0.095       -0.164
CAR_20   WITH DES_26               4.496    -0.099     -0.099       -0.120
CAR_20   WITH CAR_16              18.979     0.242      0.242        0.251
CAR_23   WITH DES_15               6.692    -0.086     -0.086       -0.150
CAR_23   WITH DES_33               9.310    -0.118     -0.118       -0.182
CAR_23   WITH CAR_18              13.271     0.149      0.149        0.215
CAR_25   WITH DES_21               9.280    -0.147     -0.147       -0.175
CAR_25   WITH DES_26               7.004    -0.107     -0.107       -0.151
CAR_25   WITH CAR_16               5.212     0.109      0.109        0.133
CAR_25   WITH CAR_20               8.368     0.137      0.137        0.171
CAR_28   WITH DES_21               6.376     0.130      0.130        0.141
CAR_28   WITH CAR_18               6.873     0.115      0.115        0.153
CAR_28   WITH CAR_25              14.110    -0.164     -0.164       -0.219
CAR_30   WITH DES_15               5.071    -0.087     -0.087       -0.131
CAR_30   WITH DES_24               4.984    -0.119     -0.119       -0.128
CAR_30   WITH DES_26              14.645    -0.177     -0.177       -0.216
CAR_30   WITH DES_33              13.453    -0.164     -0.164       -0.219
CAR_30   WITH CAR_16              15.622     0.217      0.217        0.227
CAR_30   WITH CAR_20              12.507     0.191      0.191        0.207
CAR_32   WITH DES_26               5.204     0.084      0.084        0.133
CAR_32   WITH CAR_23              22.288     0.175      0.175        0.284
CAR_32   WITH CAR_25               8.546     0.110      0.110        0.180
CAR_32   WITH CAR_30               4.728    -0.093     -0.093       -0.131
CAR_34   WITH DES_29              13.421    -0.178     -0.178       -0.212
CAR_34   WITH CAR_25              10.573     0.153      0.153        0.189
CAR_34   WITH CAR_30              14.615     0.205      0.205        0.220
CAR_36   WITH DES_15               5.564    -0.074     -0.074       -0.143
CAR_36   WITH DES_24               5.788    -0.105     -0.105       -0.143
CAR_36   WITH DES_26               7.115    -0.100     -0.100       -0.155
CAR_36   WITH CAR_18               5.731     0.093      0.093        0.147
CAR_36   WITH CAR_28              22.069     0.191      0.191        0.278
CAR_36   WITH CAR_30              18.553     0.188      0.188        0.260
CAR_36   WITH CAR_32              10.253     0.113      0.113        0.202
SELF_19  WITH DES_24               7.112     0.129      0.129        0.149
SELF_19  WITH DES_29               6.762     0.113      0.113        0.147
SELF_19  WITH CAR_25               6.286    -0.106     -0.106       -0.143
SELF_19  WITH CAR_32               8.114    -0.110     -0.110       -0.166
SELF_22  WITH DES_24              17.483     0.193      0.193        0.233
SELF_22  WITH DES_29               4.457     0.088      0.088        0.120
SELF_22  WITH CAR_20              11.272    -0.157     -0.157       -0.190
SELF_22  WITH CAR_30               7.156    -0.123     -0.123       -0.151
SELF_22  WITH CAR_36              12.200    -0.131     -0.131       -0.203
SELF_22  WITH SELF_19             37.952     0.258      0.258        0.338
SELF_27  WITH DES_29               4.688     0.102      0.102        0.123
SELF_27  WITH CAR_18               5.341    -0.107     -0.107       -0.132
SELF_27  WITH CAR_23              11.792    -0.155     -0.155       -0.193
SELF_27  WITH CAR_25               4.188     0.093      0.093        0.117
SELF_27  WITH CAR_28              15.823    -0.194     -0.194       -0.222
SELF_27  WITH CAR_32               7.669    -0.116     -0.116       -0.161
SELF_27  WITH CAR_34               9.427     0.162      0.162        0.171
SELF_27  WITH CAR_36              12.738    -0.151     -0.151       -0.207
SELF_27  WITH SELF_19             22.356     0.224      0.224        0.259
SELF_27  WITH SELF_22             26.249     0.232      0.232        0.281
SELF_31  WITH DES_24              10.237     0.196      0.196        0.179
SELF_31  WITH CAR_18               6.129    -0.134     -0.134       -0.142
SELF_31  WITH CAR_23               8.213    -0.152     -0.152       -0.162
SELF_31  WITH CAR_28               9.628    -0.177     -0.177       -0.173
SELF_31  WITH CAR_34               9.648     0.192      0.192        0.174
SELF_31  WITH CAR_36               6.681    -0.129     -0.129       -0.151
SELF_31  WITH SELF_19             11.872     0.191      0.191        0.190
SELF_31  WITH SELF_22              5.024     0.119      0.119        0.123
SELF_31  WITH SELF_27             56.083     0.451      0.451        0.412
SELF_35  WITH DES_15               7.231     0.115      0.115        0.152
SELF_35  WITH DES_29               4.943     0.118      0.118        0.126
SELF_35  WITH CAR_18               8.866    -0.155     -0.155       -0.170
SELF_35  WITH CAR_20               7.549    -0.164     -0.164       -0.156
SELF_35  WITH CAR_23              12.594    -0.181     -0.181       -0.200
SELF_35  WITH CAR_28               6.674    -0.143     -0.143       -0.144
SELF_35  WITH CAR_32               3.969    -0.094     -0.094       -0.116
SELF_35  WITH CAR_34               9.460     0.183      0.183        0.171
SELF_35  WITH CAR_36              16.680    -0.196     -0.196       -0.237
SELF_35  WITH SELF_19             24.856     0.267      0.267        0.274
SELF_35  WITH SELF_22             25.448     0.258      0.258        0.277
SELF_35  WITH SELF_27             75.563     0.505      0.505        0.478
SELF_35  WITH SELF_31             39.270     0.426      0.426        0.345


TECHNICAL 1 OUTPUT


     TECHNICAL 1 OUTPUT FOR THE UNROTATED SOLUTION


     PARAMETER SPECIFICATION


           NU
              DES_15        DES_17        DES_21        DES_24        DES_26
              ________      ________      ________      ________      ________
                  1             2             3             4             5


           NU
              DES_29        DES_33        CAR_16        CAR_18        CAR_20
              ________      ________      ________      ________      ________
                  6             7             8             9            10


           NU
              CAR_23        CAR_25        CAR_28        CAR_30        CAR_32
              ________      ________      ________      ________      ________
                 11            12            13            14            15


           NU
              CAR_34        CAR_36        SELF_19       SELF_22       SELF_27
              ________      ________      ________      ________      ________
                 16            17            18            19            20


           NU
              SELF_31       SELF_35
              ________      ________
                 21            22


           LAMBDA
              F1
              ________
 DES_15            23
 DES_17            24
 DES_21            25
 DES_24            26
 DES_26            27
 DES_29            28
 DES_33            29
 CAR_16            30
 CAR_18            31
 CAR_20            32
 CAR_23            33
 CAR_25            34
 CAR_28            35
 CAR_30            36
 CAR_32            37
 CAR_34            38
 CAR_36            39
 SELF_19           40
 SELF_22           41
 SELF_27           42
 SELF_31           43
 SELF_35           44


           THETA
              DES_15        DES_17        DES_21        DES_24        DES_26
              ________      ________      ________      ________      ________
 DES_15            45
 DES_17             0            46
 DES_21             0             0            47
 DES_24             0             0             0            48
 DES_26             0             0             0             0            49
 DES_29             0             0             0             0             0
 DES_33             0             0             0             0             0
 CAR_16             0             0             0             0             0
 CAR_18             0             0             0             0             0
 CAR_20             0             0             0             0             0
 CAR_23             0             0             0             0             0
 CAR_25             0             0             0             0             0
 CAR_28             0             0             0             0             0
 CAR_30             0             0             0             0             0
 CAR_32             0             0             0             0             0
 CAR_34             0             0             0             0             0
 CAR_36             0             0             0             0             0
 SELF_19            0             0             0             0             0
 SELF_22            0             0             0             0             0
 SELF_27            0             0             0             0             0
 SELF_31            0             0             0             0             0
 SELF_35            0             0             0             0             0


           THETA
              DES_29        DES_33        CAR_16        CAR_18        CAR_20
              ________      ________      ________      ________      ________
 DES_29            50
 DES_33             0            51
 CAR_16             0             0            52
 CAR_18             0             0             0            53
 CAR_20             0             0             0             0            54
 CAR_23             0             0             0             0             0
 CAR_25             0             0             0             0             0
 CAR_28             0             0             0             0             0
 CAR_30             0             0             0             0             0
 CAR_32             0             0             0             0             0
 CAR_34             0             0             0             0             0
 CAR_36             0             0             0             0             0
 SELF_19            0             0             0             0             0
 SELF_22            0             0             0             0             0
 SELF_27            0             0             0             0             0
 SELF_31            0             0             0             0             0
 SELF_35            0             0             0             0             0


           THETA
              CAR_23        CAR_25        CAR_28        CAR_30        CAR_32
              ________      ________      ________      ________      ________
 CAR_23            55
 CAR_25             0            56
 CAR_28             0             0            57
 CAR_30             0             0             0            58
 CAR_32             0             0             0             0            59
 CAR_34             0             0             0             0             0
 CAR_36             0             0             0             0             0
 SELF_19            0             0             0             0             0
 SELF_22            0             0             0             0             0
 SELF_27            0             0             0             0             0
 SELF_31            0             0             0             0             0
 SELF_35            0             0             0             0             0


           THETA
              CAR_34        CAR_36        SELF_19       SELF_22       SELF_27
              ________      ________      ________      ________      ________
 CAR_34            60
 CAR_36             0            61
 SELF_19            0             0            62
 SELF_22            0             0             0            63
 SELF_27            0             0             0             0            64
 SELF_31            0             0             0             0             0
 SELF_35            0             0             0             0             0


           THETA
              SELF_31       SELF_35
              ________      ________
 SELF_31           65
 SELF_35            0            66


           ALPHA
              F1
              ________
                  0


           BETA
              F1
              ________
 F1                 0


           PSI
              F1
              ________
 F1                 0


     STARTING VALUES


           NU
              DES_15        DES_17        DES_21        DES_24        DES_26
              ________      ________      ________      ________      ________
                4.028         3.033         2.685         3.479         4.333


           NU
              DES_29        DES_33        CAR_16        CAR_18        CAR_20
              ________      ________      ________      ________      ________
                3.822         3.487         3.240         3.069         3.257


           NU
              CAR_23        CAR_25        CAR_28        CAR_30        CAR_32
              ________      ________      ________      ________      ________
                3.630         3.661         2.443         3.009         3.635


           NU
              CAR_34        CAR_36        SELF_19       SELF_22       SELF_27
              ________      ________      ________      ________      ________
                3.697         2.834         3.515         3.983         4.150


           NU
              SELF_31       SELF_35
              ________      ________
                3.530         3.815


           LAMBDA
              F1
              ________
 DES_15         0.661
 DES_17         0.659
 DES_21         0.482
 DES_24         0.657
 DES_26         0.324
 DES_29         0.835
 DES_33         0.849
 CAR_16         0.597
 CAR_18         0.899
 CAR_20         0.797
 CAR_23         0.729
 CAR_25         0.875
 CAR_28         0.642
 CAR_30         0.870
 CAR_32         0.929
 CAR_34         0.670
 CAR_36         0.960
 SELF_19        0.345
 SELF_22        0.336
 SELF_27        0.304
 SELF_31        0.442
 SELF_35        0.368


           THETA
              DES_15        DES_17        DES_21        DES_24        DES_26
              ________      ________      ________      ________      ________
 DES_15         0.478
 DES_17         0.000         0.991
 DES_21         0.000         0.000         1.040
 DES_24         0.000         0.000         0.000         0.942
 DES_26         0.000         0.000         0.000         0.000         0.737
 DES_29         0.000         0.000         0.000         0.000         0.000
 DES_33         0.000         0.000         0.000         0.000         0.000
 CAR_16         0.000         0.000         0.000         0.000         0.000
 CAR_18         0.000         0.000         0.000         0.000         0.000
 CAR_20         0.000         0.000         0.000         0.000         0.000
 CAR_23         0.000         0.000         0.000         0.000         0.000
 CAR_25         0.000         0.000         0.000         0.000         0.000
 CAR_28         0.000         0.000         0.000         0.000         0.000
 CAR_30         0.000         0.000         0.000         0.000         0.000
 CAR_32         0.000         0.000         0.000         0.000         0.000
 CAR_34         0.000         0.000         0.000         0.000         0.000
 CAR_36         0.000         0.000         0.000         0.000         0.000
 SELF_19        0.000         0.000         0.000         0.000         0.000
 SELF_22        0.000         0.000         0.000         0.000         0.000
 SELF_27        0.000         0.000         0.000         0.000         0.000
 SELF_31        0.000         0.000         0.000         0.000         0.000
 SELF_35        0.000         0.000         0.000         0.000         0.000


           THETA
              DES_29        DES_33        CAR_16        CAR_18        CAR_20
              ________      ________      ________      ________      ________
 DES_29         0.736
 DES_33         0.000         0.611
 CAR_16         0.000         0.000         1.005
 CAR_18         0.000         0.000         0.000         0.695
 CAR_20         0.000         0.000         0.000         0.000         0.932
 CAR_23         0.000         0.000         0.000         0.000         0.000
 CAR_25         0.000         0.000         0.000         0.000         0.000
 CAR_28         0.000         0.000         0.000         0.000         0.000
 CAR_30         0.000         0.000         0.000         0.000         0.000
 CAR_32         0.000         0.000         0.000         0.000         0.000
 CAR_34         0.000         0.000         0.000         0.000         0.000
 CAR_36         0.000         0.000         0.000         0.000         0.000
 SELF_19        0.000         0.000         0.000         0.000         0.000
 SELF_22        0.000         0.000         0.000         0.000         0.000
 SELF_27        0.000         0.000         0.000         0.000         0.000
 SELF_31        0.000         0.000         0.000         0.000         0.000
 SELF_35        0.000         0.000         0.000         0.000         0.000


           THETA
              CAR_23        CAR_25        CAR_28        CAR_30        CAR_32
              ________      ________      ________      ________      ________
 CAR_23         0.689
 CAR_25         0.000         0.685
 CAR_28         0.000         0.000         0.821
 CAR_30         0.000         0.000         0.000         0.911
 CAR_32         0.000         0.000         0.000         0.000         0.549
 CAR_34         0.000         0.000         0.000         0.000         0.000
 CAR_36         0.000         0.000         0.000         0.000         0.000
 SELF_19        0.000         0.000         0.000         0.000         0.000
 SELF_22        0.000         0.000         0.000         0.000         0.000
 SELF_27        0.000         0.000         0.000         0.000         0.000
 SELF_31        0.000         0.000         0.000         0.000         0.000
 SELF_35        0.000         0.000         0.000         0.000         0.000


           THETA
              CAR_34        CAR_36        SELF_19       SELF_22       SELF_27
              ________      ________      ________      ________      ________
 CAR_34         0.958
 CAR_36         0.000         0.572
 SELF_19        0.000         0.000         0.796
 SELF_22        0.000         0.000         0.000         0.729
 SELF_27        0.000         0.000         0.000         0.000         0.938
 SELF_31        0.000         0.000         0.000         0.000         0.000
 SELF_35        0.000         0.000         0.000         0.000         0.000


           THETA
              SELF_31       SELF_35
              ________      ________
 SELF_31        1.275
 SELF_35        0.000         1.191


           ALPHA
              F1
              ________
                0.000


           BETA
              F1
              ________
 F1             0.000


           PSI
              F1
              ________
 F1             1.000


     TECHNICAL 1 OUTPUT FOR THE ROTATED SOLUTION


     PARAMETER SPECIFICATION


           NU
              DES_15        DES_17        DES_21        DES_24        DES_26
              ________      ________      ________      ________      ________
                  1             2             3             4             5


           NU
              DES_29        DES_33        CAR_16        CAR_18        CAR_20
              ________      ________      ________      ________      ________
                  6             7             8             9            10


           NU
              CAR_23        CAR_25        CAR_28        CAR_30        CAR_32
              ________      ________      ________      ________      ________
                 11            12            13            14            15


           NU
              CAR_34        CAR_36        SELF_19       SELF_22       SELF_27
              ________      ________      ________      ________      ________
                 16            17            18            19            20


           NU
              SELF_31       SELF_35
              ________      ________
                 21            22


           LAMBDA
              F1
              ________
 DES_15            23
 DES_17            24
 DES_21            25
 DES_24            26
 DES_26            27
 DES_29            28
 DES_33            29
 CAR_16            30
 CAR_18            31
 CAR_20            32
 CAR_23            33
 CAR_25            34
 CAR_28            35
 CAR_30            36
 CAR_32            37
 CAR_34            38
 CAR_36            39
 SELF_19           40
 SELF_22           41
 SELF_27           42
 SELF_31           43
 SELF_35           44


           THETA
              DES_15        DES_17        DES_21        DES_24        DES_26
              ________      ________      ________      ________      ________
 DES_15            45
 DES_17             0            46
 DES_21             0             0            47
 DES_24             0             0             0            48
 DES_26             0             0             0             0            49
 DES_29             0             0             0             0             0
 DES_33             0             0             0             0             0
 CAR_16             0             0             0             0             0
 CAR_18             0             0             0             0             0
 CAR_20             0             0             0             0             0
 CAR_23             0             0             0             0             0
 CAR_25             0             0             0             0             0
 CAR_28             0             0             0             0             0
 CAR_30             0             0             0             0             0
 CAR_32             0             0             0             0             0
 CAR_34             0             0             0             0             0
 CAR_36             0             0             0             0             0
 SELF_19            0             0             0             0             0
 SELF_22            0             0             0             0             0
 SELF_27            0             0             0             0             0
 SELF_31            0             0             0             0             0
 SELF_35            0             0             0             0             0


           THETA
              DES_29        DES_33        CAR_16        CAR_18        CAR_20
              ________      ________      ________      ________      ________
 DES_29            50
 DES_33             0            51
 CAR_16             0             0            52
 CAR_18             0             0             0            53
 CAR_20             0             0             0             0            54
 CAR_23             0             0             0             0             0
 CAR_25             0             0             0             0             0
 CAR_28             0             0             0             0             0
 CAR_30             0             0             0             0             0
 CAR_32             0             0             0             0             0
 CAR_34             0             0             0             0             0
 CAR_36             0             0             0             0             0
 SELF_19            0             0             0             0             0
 SELF_22            0             0             0             0             0
 SELF_27            0             0             0             0             0
 SELF_31            0             0             0             0             0
 SELF_35            0             0             0             0             0


           THETA
              CAR_23        CAR_25        CAR_28        CAR_30        CAR_32
              ________      ________      ________      ________      ________
 CAR_23            55
 CAR_25             0            56
 CAR_28             0             0            57
 CAR_30             0             0             0            58
 CAR_32             0             0             0             0            59
 CAR_34             0             0             0             0             0
 CAR_36             0             0             0             0             0
 SELF_19            0             0             0             0             0
 SELF_22            0             0             0             0             0
 SELF_27            0             0             0             0             0
 SELF_31            0             0             0             0             0
 SELF_35            0             0             0             0             0


           THETA
              CAR_34        CAR_36        SELF_19       SELF_22       SELF_27
              ________      ________      ________      ________      ________
 CAR_34            60
 CAR_36             0            61
 SELF_19            0             0            62
 SELF_22            0             0             0            63
 SELF_27            0             0             0             0            64
 SELF_31            0             0             0             0             0
 SELF_35            0             0             0             0             0


           THETA
              SELF_31       SELF_35
              ________      ________
 SELF_31           65
 SELF_35            0            66


           ALPHA
              F1
              ________
                  0


           BETA
              F1
              ________
 F1                 0


           PSI
              F1
              ________
 F1                 0


     STARTING VALUES


           NU
              DES_15        DES_17        DES_21        DES_24        DES_26
              ________      ________      ________      ________      ________
                4.028         3.033         2.685         3.479         4.333


           NU
              DES_29        DES_33        CAR_16        CAR_18        CAR_20
              ________      ________      ________      ________      ________
                3.822         3.487         3.240         3.069         3.257


           NU
              CAR_23        CAR_25        CAR_28        CAR_30        CAR_32
              ________      ________      ________      ________      ________
                3.630         3.661         2.443         3.009         3.635


           NU
              CAR_34        CAR_36        SELF_19       SELF_22       SELF_27
              ________      ________      ________      ________      ________
                3.697         2.834         3.515         3.983         4.150


           NU
              SELF_31       SELF_35
              ________      ________
                3.530         3.815


           LAMBDA
              F1
              ________
 DES_15         0.000
 DES_17         0.000
 DES_21         0.000
 DES_24         0.000
 DES_26         0.000
 DES_29         0.000
 DES_33         0.000
 CAR_16         0.000
 CAR_18         0.000
 CAR_20         0.000
 CAR_23         0.000
 CAR_25         0.000
 CAR_28         0.000
 CAR_30         0.000
 CAR_32         0.000
 CAR_34         0.000
 CAR_36         0.000
 SELF_19        0.000
 SELF_22        0.000
 SELF_27        0.000
 SELF_31        0.000
 SELF_35        0.000


           THETA
              DES_15        DES_17        DES_21        DES_24        DES_26
              ________      ________      ________      ________      ________
 DES_15         0.458
 DES_17         0.000         0.712
 DES_21         0.000         0.000         0.637
 DES_24         0.000         0.000         0.000         0.685
 DES_26         0.000         0.000         0.000         0.000         0.421
 DES_29         0.000         0.000         0.000         0.000         0.000
 DES_33         0.000         0.000         0.000         0.000         0.000
 CAR_16         0.000         0.000         0.000         0.000         0.000
 CAR_18         0.000         0.000         0.000         0.000         0.000
 CAR_20         0.000         0.000         0.000         0.000         0.000
 CAR_23         0.000         0.000         0.000         0.000         0.000
 CAR_25         0.000         0.000         0.000         0.000         0.000
 CAR_28         0.000         0.000         0.000         0.000         0.000
 CAR_30         0.000         0.000         0.000         0.000         0.000
 CAR_32         0.000         0.000         0.000         0.000         0.000
 CAR_34         0.000         0.000         0.000         0.000         0.000
 CAR_36         0.000         0.000         0.000         0.000         0.000
 SELF_19        0.000         0.000         0.000         0.000         0.000
 SELF_22        0.000         0.000         0.000         0.000         0.000
 SELF_27        0.000         0.000         0.000         0.000         0.000
 SELF_31        0.000         0.000         0.000         0.000         0.000
 SELF_35        0.000         0.000         0.000         0.000         0.000


           THETA
              DES_29        DES_33        CAR_16        CAR_18        CAR_20
              ________      ________      ________      ________      ________
 DES_29         0.719
 DES_33         0.000         0.669
 CAR_16         0.000         0.000         0.680
 CAR_18         0.000         0.000         0.000         0.752
 CAR_20         0.000         0.000         0.000         0.000         0.783
 CAR_23         0.000         0.000         0.000         0.000         0.000
 CAR_25         0.000         0.000         0.000         0.000         0.000
 CAR_28         0.000         0.000         0.000         0.000         0.000
 CAR_30         0.000         0.000         0.000         0.000         0.000
 CAR_32         0.000         0.000         0.000         0.000         0.000
 CAR_34         0.000         0.000         0.000         0.000         0.000
 CAR_36         0.000         0.000         0.000         0.000         0.000
 SELF_19        0.000         0.000         0.000         0.000         0.000
 SELF_22        0.000         0.000         0.000         0.000         0.000
 SELF_27        0.000         0.000         0.000         0.000         0.000
 SELF_31        0.000         0.000         0.000         0.000         0.000
 SELF_35        0.000         0.000         0.000         0.000         0.000


           THETA
              CAR_23        CAR_25        CAR_28        CAR_30        CAR_32
              ________      ________      ________      ________      ________
 CAR_23         0.612
 CAR_25         0.000         0.721
 CAR_28         0.000         0.000         0.616
 CAR_30         0.000         0.000         0.000         0.835
 CAR_32         0.000         0.000         0.000         0.000         0.709
 CAR_34         0.000         0.000         0.000         0.000         0.000
 CAR_36         0.000         0.000         0.000         0.000         0.000
 SELF_19        0.000         0.000         0.000         0.000         0.000
 SELF_22        0.000         0.000         0.000         0.000         0.000
 SELF_27        0.000         0.000         0.000         0.000         0.000
 SELF_31        0.000         0.000         0.000         0.000         0.000
 SELF_35        0.000         0.000         0.000         0.000         0.000


           THETA
              CAR_34        CAR_36        SELF_19       SELF_22       SELF_27
              ________      ________      ________      ________      ________
 CAR_34         0.704
 CAR_36         0.000         0.750
 SELF_19        0.000         0.000         0.458
 SELF_22        0.000         0.000         0.000         0.421
 SELF_27        0.000         0.000         0.000         0.000         0.514
 SELF_31        0.000         0.000         0.000         0.000         0.000
 SELF_35        0.000         0.000         0.000         0.000         0.000


           THETA
              SELF_31       SELF_35
              ________      ________
 SELF_31        0.738
 SELF_35        0.000         0.662


           ALPHA
              F1
              ________
                0.000


           BETA
              F1
              ________
 F1             0.000


           PSI
              F1
              ________
 F1             1.000


     Beginning Time:  14:01:11
        Ending Time:  14:01:12
       Elapsed Time:  00:00:01



MUTHEN & MUTHEN
3463 Stoner Ave.
Los Angeles, CA  90066

Tel: (310) 391-9971
Fax: (310) 391-8971
Web: www.StatModel.com
Support: Support@StatModel.com

Copyright (c) 1998-2017 Muthen & Muthen
