Mplus VERSION 8 (Mac)
MUTHEN & MUTHEN
11/04/2017   1:15 PM

INPUT INSTRUCTIONS

  TITLE:
  Title: EFA of 3-factor solution using the ICM-CFA approach considering indicators
    as continuous;
  DATA:
  FILE = "../data/06_Analayses_icm.cfaCont.3.csv";

  VARIABLE:
  NAMES = Des_15 Des_17 Des_21 Des_24 Des_26 Des_29 Des_33 Car_16 Car_18 Car_20 Car_23
       Car_25 Car_28 Car_30 Car_32 Car_34 Car_36 Self_19 Self_22 Self_27 Self_31
       Self_35;
   MISSING=.;

    Missing are all (-99, -9, -8, -1);,
    USEVARIABLES =    Des_15  Des_17  Des_21
                      Des_24 Des_26  Des_29
                      Des_33  Car_16 Car_18
                      Car_20  Car_23  Car_25
                      Car_28  Car_30  Car_32
                      Car_34 Car_36  Self_19
                      Self_22 Self_27 Self_31
                      Self_35;
  ANALYSIS:

    ITERATIONS = 10000;
    ESTIMATOR = MLR;
    ! MLR = maximum likelihood estimation with robust standard errors is used
  MODEL:

    DES BY Des_15  Des_17  Des_21  Des_24 Des_26  Des_29  Des_33;
    CAREER BY Car_16 Car_18  Car_20  Car_23  Car_25 Car_28  Car_30
    Car_32  Car_34 Car_36;
    SELF BY Self_19 Self_22 Self_27
    Self_31 Self_35;
    ! ICM-CFA models for the latent variables in the analysis
    ! (measurement component of the model)
  OUTPUT:
  STDYX CINTERVAL MODINDICES(3.8);
    ! STDYX standardizes parameters with the variances of the continuous latent variables an
    ! the variances of the background and outcome variables
    ! CINTERVAL option is used to request confidence intervals for parameter estimates
    ! wherein SYMMETRIC intervals is the default for frequentist estimation (such as MLR),
    ! producing 90%, 95% and 99% symmetric confidence intervals by default in program output



*** WARNING
  Input line exceeded 90 characters. Some input may be truncated.
    ! STDYX standardizes parameters with the variances of the continuous latent variables and
*** WARNING
  Data set contains cases with missing on all variables.
  These cases were not included in the analysis.
  Number of cases with missing on all variables:  10
   2 WARNING(S) FOUND IN THE INPUT INSTRUCTIONS




EFA of 3-factor solution using the ICM-CFA approach considering indicators
as continuous;

SUMMARY OF ANALYSIS

Number of groups                                                 1
Number of observations                                         467

Number of dependent variables                                   22
Number of independent variables                                  0
Number of continuous latent variables                            3

Observed dependent variables

  Continuous
   DES_15      DES_17      DES_21      DES_24      DES_26      DES_29
   DES_33      CAR_16      CAR_18      CAR_20      CAR_23      CAR_25
   CAR_28      CAR_30      CAR_32      CAR_34      CAR_36      SELF_19
   SELF_22     SELF_27     SELF_31     SELF_35

Continuous latent variables
   DES         CAREER      SELF


Estimator                                                      MLR
Information matrix                                        OBSERVED
Maximum number of iterations                                 10000
Convergence criterion                                    0.500D-04
Maximum number of steepest descent iterations                   20
Maximum number of iterations for H1                           2000
Convergence criterion for H1                             0.100D-03

Input data file(s)
  ../data/06_Analayses_icm.cfaCont.3.csv

Input data format  FREE


SUMMARY OF DATA

     Number of missing data patterns            54


COVARIANCE COVERAGE OF DATA

Minimum covariance coverage value   0.100


     PROPORTION OF DATA PRESENT


           Covariance Coverage
              DES_15        DES_17        DES_21        DES_24        DES_26
              ________      ________      ________      ________      ________
 DES_15         0.994
 DES_17         0.959         0.966
 DES_21         0.985         0.957         0.991
 DES_24         0.972         0.944         0.970         0.979
 DES_26         0.983         0.955         0.981         0.968         0.989
 DES_29         0.979         0.953         0.976         0.964         0.974
 DES_33         0.961         0.936         0.961         0.949         0.957
 CAR_16         0.968         0.949         0.966         0.957         0.964
 CAR_18         0.981         0.953         0.979         0.968         0.976
 CAR_20         0.961         0.936         0.959         0.946         0.959
 CAR_23         0.983         0.957         0.981         0.970         0.979
 CAR_25         0.979         0.955         0.976         0.964         0.976
 CAR_28         0.981         0.953         0.979         0.968         0.976
 CAR_30         0.981         0.953         0.979         0.966         0.976
 CAR_32         0.979         0.951         0.976         0.966         0.976
 CAR_34         0.974         0.946         0.972         0.961         0.970
 CAR_36         0.987         0.961         0.985         0.974         0.983
 SELF_19        0.983         0.959         0.981         0.970         0.979
 SELF_22        0.985         0.957         0.983         0.972         0.981
 SELF_27        0.979         0.951         0.976         0.964         0.974
 SELF_31        0.979         0.951         0.976         0.964         0.979
 SELF_35        0.979         0.951         0.976         0.968         0.974


           Covariance Coverage
              DES_29        DES_33        CAR_16        CAR_18        CAR_20
              ________      ________      ________      ________      ________
 DES_29         0.985
 DES_33         0.955         0.968
 CAR_16         0.959         0.942         0.974
 CAR_18         0.972         0.955         0.961         0.987
 CAR_20         0.953         0.936         0.946         0.955         0.968
 CAR_23         0.974         0.957         0.966         0.976         0.959
 CAR_25         0.970         0.953         0.961         0.972         0.953
 CAR_28         0.972         0.957         0.961         0.976         0.955
 CAR_30         0.974         0.955         0.961         0.974         0.955
 CAR_32         0.970         0.959         0.959         0.972         0.955
 CAR_34         0.966         0.953         0.955         0.968         0.951
 CAR_36         0.979         0.964         0.968         0.981         0.961
 SELF_19        0.976         0.959         0.966         0.976         0.957
 SELF_22        0.976         0.959         0.970         0.979         0.959
 SELF_27        0.970         0.953         0.959         0.972         0.953
 SELF_31        0.970         0.957         0.959         0.974         0.955
 SELF_35        0.970         0.955         0.961         0.972         0.955


           Covariance Coverage
              CAR_23        CAR_25        CAR_28        CAR_30        CAR_32
              ________      ________      ________      ________      ________
 CAR_23         0.989
 CAR_25         0.974         0.985
 CAR_28         0.979         0.972         0.987
 CAR_30         0.979         0.974         0.974         0.987
 CAR_32         0.974         0.970         0.976         0.974         0.985
 CAR_34         0.970         0.966         0.968         0.970         0.970
 CAR_36         0.983         0.979         0.981         0.981         0.981
 SELF_19        0.979         0.974         0.976         0.976         0.974
 SELF_22        0.983         0.976         0.979         0.979         0.976
 SELF_27        0.974         0.972         0.972         0.974         0.970
 SELF_31        0.974         0.970         0.974         0.972         0.974
 SELF_35        0.976         0.970         0.972         0.972         0.972


           Covariance Coverage
              CAR_34        CAR_36        SELF_19       SELF_22       SELF_27
              ________      ________      ________      ________      ________
 CAR_34         0.981
 CAR_36         0.976         0.994
 SELF_19        0.970         0.983         0.989
 SELF_22        0.972         0.985         0.981         0.991
 SELF_27        0.966         0.979         0.976         0.976         0.985
 SELF_31        0.966         0.979         0.974         0.976         0.970
 SELF_35        0.972         0.981         0.974         0.979         0.970


           Covariance Coverage
              SELF_31       SELF_35
              ________      ________
 SELF_31        0.985
 SELF_35        0.970         0.985



UNIVARIATE SAMPLE STATISTICS


     UNIVARIATE HIGHER-ORDER MOMENT DESCRIPTIVE STATISTICS

         Variable/         Mean/     Skewness/   Minimum/ % with                Percentiles
        Sample Size      Variance    Kurtosis    Maximum  Min/Max      20%/60%    40%/80%    Median

     DES_15                4.028      -0.957       1.000    2.37%       3.000      4.000      4.000
             464.000       0.915       0.764       5.000   36.42%       4.000      5.000
     DES_17                3.033      -0.158       1.000   13.30%       2.000      3.000      3.000
             451.000       1.425      -0.869       5.000   10.64%       3.000      4.000
     DES_21                2.685       0.244       1.000   16.20%       2.000      2.000      3.000
             463.000       1.274      -0.663       5.000    6.70%       3.000      4.000
     DES_24                3.479      -0.441       1.000    6.78%       2.000      3.000      4.000
             457.000       1.370      -0.640       5.000   21.66%       4.000      5.000
     DES_26                4.333      -1.632       1.000    2.38%       4.000      4.000      5.000
             462.000       0.841       2.734       5.000   54.76%       5.000      5.000
     DES_29                3.822      -0.812       1.000    5.87%       3.000      4.000      4.000
             460.000       1.438      -0.293       5.000   37.17%       4.000      5.000
     DES_33                3.487      -0.388       1.000    6.86%       3.000      3.000      3.000
             452.000       1.338      -0.545       5.000   23.23%       4.000      5.000
     CAR_16                3.240      -0.158       1.000    9.23%       2.000      3.000      3.000
             455.000       1.360      -0.620       5.000   17.58%       3.000      4.000
     CAR_18                3.069       0.023       1.000   11.28%       2.000      3.000      3.000
             461.000       1.505      -0.910       5.000   16.05%       3.000      4.000
     CAR_20                3.257      -0.168       1.000   10.62%       2.000      3.000      3.000
             452.000       1.567      -0.894       5.000   21.24%       4.000      5.000
     CAR_23                3.630      -0.584       1.000    5.41%       3.000      3.000      4.000
             462.000       1.224      -0.248       5.000   24.46%       4.000      5.000
     CAR_25                3.661      -0.487       1.000    5.65%       3.000      3.000      4.000
             460.000       1.442      -0.700       5.000   33.04%       4.000      5.000
     CAR_28                2.443       0.378       1.000   23.86%       1.000      2.000      2.000
             461.000       1.232      -0.552       5.000    4.56%       3.000      3.000
     CAR_30                3.009       0.086       1.000   14.53%       2.000      3.000      3.000
             461.000       1.670      -0.995       5.000   18.22%       3.000      4.000
     CAR_32                3.635      -0.564       1.000    6.30%       3.000      3.000      4.000
             460.000       1.419      -0.565       5.000   29.13%       4.000      5.000
     CAR_34                3.697      -0.637       1.000    6.55%       3.000      3.000      4.000
             458.000       1.408      -0.410       5.000   31.88%       4.000      5.000
     CAR_36                2.834       0.206       1.000   16.59%       2.000      3.000      3.000
             464.000       1.500      -0.735       5.000   13.15%       3.000      4.000
     SELF_19               3.515      -0.236       1.000    2.60%       3.000      3.000      3.000
             462.000       0.916      -0.185       5.000   16.45%       4.000      4.000
     SELF_22               3.983      -1.039       1.000    2.59%       3.000      4.000      4.000
             463.000       0.842       1.324       5.000   30.02%       4.000      5.000
     SELF_27               4.150      -1.205       1.000    2.83%       3.000      4.000      4.000
             460.000       1.027       0.997       5.000   47.17%       5.000      5.000
     SELF_31               3.530      -0.479       1.000    7.61%       2.000      3.000      4.000
             460.000       1.475      -0.679       5.000   26.09%       4.000      5.000
     SELF_35               3.815      -0.791       1.000    5.43%       3.000      4.000      4.000
             460.000       1.325      -0.138       5.000   34.78%       4.000      5.000


THE MODEL ESTIMATION TERMINATED NORMALLY



MODEL FIT INFORMATION

Number of Free Parameters                       69

Loglikelihood

          H0 Value                      -13638.175
          H0 Scaling Correction Factor      1.2472
            for MLR
          H1 Value                      -13289.376
          H1 Scaling Correction Factor      1.3047
            for MLR

Information Criteria

          Akaike (AIC)                   27414.350
          Bayesian (BIC)                 27700.447
          Sample-Size Adjusted BIC       27481.456
            (n* = (n + 2) / 24)

Chi-Square Test of Model Fit

          Value                            526.918*
          Degrees of Freedom                   206
          P-Value                           0.0000
          Scaling Correction Factor         1.3239
            for MLR

*   The chi-square value for MLM, MLMV, MLR, ULSMV, WLSM and WLSMV cannot be used
    for chi-square difference testing in the regular way.  MLM, MLR and WLSM
    chi-square difference testing is described on the Mplus website.  MLMV, WLSMV,
    and ULSMV difference testing is done using the DIFFTEST option.

RMSEA (Root Mean Square Error Of Approximation)

          Estimate                           0.058
          90 Percent C.I.                    0.052  0.064
          Probability RMSEA <= .05           0.018

CFI/TLI

          CFI                                0.895
          TLI                                0.883

Chi-Square Test of Model Fit for the Baseline Model

          Value                           3300.534
          Degrees of Freedom                   231
          P-Value                           0.0000

SRMR (Standardized Root Mean Square Residual)

          Value                              0.056



MODEL RESULTS

                                                    Two-Tailed
                    Estimate       S.E.  Est./S.E.    P-Value

 DES      BY
    DES_15             1.000      0.000    999.000    999.000
    DES_17             0.964      0.084     11.467      0.000
    DES_21             0.702      0.081      8.643      0.000
    DES_24             0.947      0.090     10.567      0.000
    DES_26             0.494      0.072      6.848      0.000
    DES_29             1.264      0.077     16.460      0.000
    DES_33             1.266      0.084     14.999      0.000

 CAREER   BY
    CAR_16             1.000      0.000    999.000    999.000
    CAR_18             1.471      0.164      8.955      0.000
    CAR_20             1.345      0.132     10.163      0.000
    CAR_23             1.219      0.141      8.671      0.000
    CAR_25             1.409      0.144      9.768      0.000
    CAR_28             1.059      0.136      7.807      0.000
    CAR_30             1.461      0.145     10.057      0.000
    CAR_32             1.529      0.164      9.341      0.000
    CAR_34             1.062      0.123      8.609      0.000
    CAR_36             1.616      0.168      9.608      0.000

 SELF     BY
    SELF_19            1.000      0.000    999.000    999.000
    SELF_22            0.950      0.091     10.448      0.000
    SELF_27            1.304      0.171      7.630      0.000
    SELF_31            1.347      0.184      7.331      0.000
    SELF_35            1.462      0.187      7.825      0.000

 CAREER   WITH
    DES                0.375      0.049      7.701      0.000

 SELF     WITH
    DES                0.226      0.041      5.487      0.000
    CAREER             0.134      0.029      4.625      0.000

 Intercepts
    DES_15             4.031      0.044     91.019      0.000
    DES_17             3.038      0.056     54.439      0.000
    DES_21             2.682      0.052     51.178      0.000
    DES_24             3.486      0.054     63.967      0.000
    DES_26             4.332      0.043    101.496      0.000
    DES_29             3.818      0.056     68.621      0.000
    DES_33             3.480      0.054     64.661      0.000
    CAR_16             3.242      0.054     59.541      0.000
    CAR_18             3.073      0.057     54.009      0.000
    CAR_20             3.246      0.059     55.441      0.000
    CAR_23             3.630      0.051     70.771      0.000
    CAR_25             3.662      0.056     65.777      0.000
    CAR_28             2.438      0.052     47.320      0.000
    CAR_30             3.008      0.060     50.177      0.000
    CAR_32             3.635      0.055     65.854      0.000
    CAR_34             3.694      0.055     66.789      0.000
    CAR_36             2.835      0.057     50.042      0.000
    SELF_19            3.515      0.044     79.074      0.000
    SELF_22            3.983      0.043     93.487      0.000
    SELF_27            4.150      0.047     87.770      0.000
    SELF_31            3.534      0.056     62.624      0.000
    SELF_35            3.815      0.054     71.245      0.000

 Variances
    DES                0.517      0.063      8.140      0.000
    CAREER             0.386      0.079      4.861      0.000
    SELF               0.287      0.057      5.005      0.000

 Residual Variances
    DES_15             0.399      0.043      9.338      0.000
    DES_17             0.938      0.070     13.382      0.000
    DES_21             1.021      0.064     16.047      0.000
    DES_24             0.905      0.072     12.513      0.000
    DES_26             0.715      0.086      8.312      0.000
    DES_29             0.606      0.057     10.669      0.000
    DES_33             0.502      0.057      8.748      0.000
    CAR_16             0.976      0.084     11.625      0.000
    CAR_18             0.668      0.064     10.361      0.000
    CAR_20             0.869      0.086     10.138      0.000
    CAR_23             0.647      0.052     12.412      0.000
    CAR_25             0.671      0.073      9.217      0.000
    CAR_28             0.800      0.066     12.123      0.000
    CAR_30             0.841      0.096      8.762      0.000
    CAR_32             0.513      0.043     12.037      0.000
    CAR_34             0.970      0.082     11.842      0.000
    CAR_36             0.488      0.052      9.406      0.000
    SELF_19            0.629      0.057     11.034      0.000
    SELF_22            0.583      0.069      8.506      0.000
    SELF_27            0.542      0.070      7.754      0.000
    SELF_31            0.952      0.088     10.860      0.000
    SELF_35            0.711      0.105      6.763      0.000


STANDARDIZED MODEL RESULTS


STDYX Standardization

                                                    Two-Tailed
                    Estimate       S.E.  Est./S.E.    P-Value

 DES      BY
    DES_15             0.751      0.029     26.194      0.000
    DES_17             0.582      0.038     15.456      0.000
    DES_21             0.447      0.041     10.868      0.000
    DES_24             0.582      0.040     14.677      0.000
    DES_26             0.387      0.054      7.181      0.000
    DES_29             0.760      0.026     28.941      0.000
    DES_33             0.789      0.027     29.087      0.000

 CAREER   BY
    CAR_16             0.532      0.051     10.525      0.000
    CAR_18             0.746      0.029     25.864      0.000
    CAR_20             0.668      0.040     16.858      0.000
    CAR_23             0.686      0.031     22.355      0.000
    CAR_25             0.730      0.033     22.454      0.000
    CAR_28             0.593      0.038     15.591      0.000
    CAR_30             0.704      0.039     18.165      0.000
    CAR_32             0.798      0.019     41.447      0.000
    CAR_34             0.557      0.042     13.265      0.000
    CAR_36             0.821      0.021     38.278      0.000

 SELF     BY
    SELF_19            0.560      0.049     11.324      0.000
    SELF_22            0.555      0.053     10.523      0.000
    SELF_27            0.688      0.041     16.647      0.000
    SELF_31            0.595      0.045     13.095      0.000
    SELF_35            0.681      0.051     13.444      0.000

 CAREER   WITH
    DES                0.840      0.028     29.586      0.000

 SELF     WITH
    DES                0.587      0.055     10.688      0.000
    CAREER             0.401      0.055      7.351      0.000

 Intercepts
    DES_15             4.213      0.193     21.843      0.000
    DES_17             2.551      0.084     30.205      0.000
    DES_21             2.375      0.071     33.636      0.000
    DES_24             2.980      0.108     27.659      0.000
    DES_26             4.724      0.276     17.131      0.000
    DES_29             3.191      0.131     24.391      0.000
    DES_33             3.017      0.109     27.605      0.000
    CAR_16             2.778      0.095     29.368      0.000
    CAR_18             2.507      0.076     33.112      0.000
    CAR_20             2.593      0.085     30.558      0.000
    CAR_23             3.285      0.128     25.592      0.000
    CAR_25             3.054      0.109     27.966      0.000
    CAR_28             2.196      0.065     34.054      0.000
    CAR_30             2.331      0.068     34.143      0.000
    CAR_32             3.055      0.115     26.648      0.000
    CAR_34             3.116      0.122     25.526      0.000
    CAR_36             2.318      0.069     33.524      0.000
    SELF_19            3.674      0.131     27.989      0.000
    SELF_22            4.341      0.214     20.309      0.000
    SELF_27            4.089      0.200     20.413      0.000
    SELF_31            2.913      0.106     27.448      0.000
    SELF_35            3.316      0.138     24.087      0.000

 Variances
    DES                1.000      0.000    999.000    999.000
    CAREER             1.000      0.000    999.000    999.000
    SELF               1.000      0.000    999.000    999.000

 Residual Variances
    DES_15             0.435      0.043     10.104      0.000
    DES_17             0.661      0.044     15.089      0.000
    DES_21             0.800      0.037     21.799      0.000
    DES_24             0.661      0.046     14.336      0.000
    DES_26             0.850      0.042     20.324      0.000
    DES_29             0.423      0.040     10.612      0.000
    DES_33             0.377      0.043      8.808      0.000
    CAR_16             0.717      0.054     13.303      0.000
    CAR_18             0.444      0.043     10.335      0.000
    CAR_20             0.554      0.053     10.488      0.000
    CAR_23             0.530      0.042     12.600      0.000
    CAR_25             0.467      0.048      9.825      0.000
    CAR_28             0.649      0.045     14.397      0.000
    CAR_30             0.505      0.055      9.264      0.000
    CAR_32             0.362      0.031     11.783      0.000
    CAR_34             0.690      0.047     14.784      0.000
    CAR_36             0.326      0.035      9.261      0.000
    SELF_19            0.687      0.055     12.414      0.000
    SELF_22            0.692      0.058     11.847      0.000
    SELF_27            0.526      0.057      9.247      0.000
    SELF_31            0.646      0.054     11.971      0.000
    SELF_35            0.537      0.069      7.789      0.000


R-SQUARE

    Observed                                        Two-Tailed
    Variable        Estimate       S.E.  Est./S.E.    P-Value

    DES_15             0.565      0.043     13.097      0.000
    DES_17             0.339      0.044      7.728      0.000
    DES_21             0.200      0.037      5.434      0.000
    DES_24             0.339      0.046      7.339      0.000
    DES_26             0.150      0.042      3.590      0.000
    DES_29             0.577      0.040     14.470      0.000
    DES_33             0.623      0.043     14.544      0.000
    CAR_16             0.283      0.054      5.263      0.000
    CAR_18             0.556      0.043     12.932      0.000
    CAR_20             0.446      0.053      8.429      0.000
    CAR_23             0.470      0.042     11.178      0.000
    CAR_25             0.533      0.048     11.227      0.000
    CAR_28             0.351      0.045      7.796      0.000
    CAR_30             0.495      0.055      9.082      0.000
    CAR_32             0.638      0.031     20.724      0.000
    CAR_34             0.310      0.047      6.633      0.000
    CAR_36             0.674      0.035     19.139      0.000
    SELF_19            0.313      0.055      5.662      0.000
    SELF_22            0.308      0.058      5.262      0.000
    SELF_27            0.474      0.057      8.324      0.000
    SELF_31            0.354      0.054      6.548      0.000
    SELF_35            0.463      0.069      6.722      0.000


QUALITY OF NUMERICAL RESULTS

     Condition Number for the Information Matrix              0.375E-03
       (ratio of smallest to largest eigenvalue)


CONFIDENCE INTERVALS OF MODEL RESULTS

                  Lower .5%  Lower 2.5%    Lower 5%    Estimate    Upper 5%  Upper 2.5%   Upper .5%

 DES      BY
    DES_15           1.000       1.000       1.000       1.000       1.000       1.000       1.000
    DES_17           0.748       0.799       0.826       0.964       1.103       1.129       1.181
    DES_21           0.493       0.543       0.568       0.702       0.835       0.861       0.911
    DES_24           0.716       0.771       0.800       0.947       1.094       1.123       1.178
    DES_26           0.308       0.353       0.376       0.494       0.613       0.636       0.680
    DES_29           1.067       1.114       1.138       1.264       1.391       1.415       1.462
    DES_33           1.049       1.101       1.128       1.266       1.405       1.432       1.484

 CAREER   BY
    CAR_16           1.000       1.000       1.000       1.000       1.000       1.000       1.000
    CAR_18           1.048       1.149       1.201       1.471       1.741       1.793       1.894
    CAR_20           1.004       1.086       1.127       1.345       1.563       1.604       1.686
    CAR_23           0.857       0.944       0.988       1.219       1.451       1.495       1.581
    CAR_25           1.038       1.126       1.172       1.409       1.647       1.692       1.781
    CAR_28           0.710       0.793       0.836       1.059       1.282       1.325       1.408
    CAR_30           1.087       1.176       1.222       1.461       1.700       1.746       1.835
    CAR_32           1.107       1.208       1.260       1.529       1.798       1.850       1.951
    CAR_34           0.744       0.820       0.859       1.062       1.265       1.304       1.380
    CAR_36           1.183       1.286       1.339       1.616       1.892       1.945       2.049

 SELF     BY
    SELF_19          1.000       1.000       1.000       1.000       1.000       1.000       1.000
    SELF_22          0.716       0.772       0.800       0.950       1.100       1.128       1.184
    SELF_27          0.864       0.969       1.023       1.304       1.586       1.639       1.745
    SELF_31          0.874       0.987       1.045       1.347       1.649       1.707       1.820
    SELF_35          0.981       1.096       1.155       1.462       1.770       1.829       1.944

 CAREER   WITH
    DES              0.250       0.280       0.295       0.375       0.455       0.471       0.500

 SELF     WITH
    DES              0.120       0.145       0.158       0.226       0.294       0.307       0.332
    CAREER           0.059       0.077       0.086       0.134       0.181       0.190       0.208

 Intercepts
    DES_15           3.917       3.944       3.958       4.031       4.104       4.118       4.145
    DES_17           2.894       2.928       2.946       3.038       3.129       3.147       3.181
    DES_21           2.547       2.579       2.595       2.682       2.768       2.784       2.817
    DES_24           3.346       3.379       3.396       3.486       3.576       3.593       3.626
    DES_26           4.222       4.248       4.261       4.332       4.402       4.415       4.442
    DES_29           3.675       3.709       3.727       3.818       3.910       3.927       3.962
    DES_33           3.342       3.375       3.392       3.480       3.569       3.586       3.619
    CAR_16           3.102       3.136       3.153       3.242       3.332       3.349       3.383
    CAR_18           2.927       2.962       2.980       3.073       3.167       3.185       3.220
    CAR_20           3.095       3.131       3.149       3.246       3.342       3.361       3.397
    CAR_23           3.498       3.529       3.545       3.630       3.714       3.730       3.762
    CAR_25           3.519       3.553       3.571       3.662       3.754       3.771       3.806
    CAR_28           2.306       2.337       2.354       2.438       2.523       2.539       2.571
    CAR_30           2.854       2.891       2.909       3.008       3.107       3.126       3.162
    CAR_32           3.493       3.527       3.544       3.635       3.726       3.743       3.777
    CAR_34           3.551       3.585       3.603       3.694       3.785       3.802       3.836
    CAR_36           2.689       2.724       2.742       2.835       2.928       2.946       2.981
    SELF_19          3.401       3.428       3.442       3.515       3.589       3.603       3.630
    SELF_22          3.873       3.899       3.913       3.983       4.053       4.066       4.093
    SELF_27          4.028       4.057       4.072       4.150       4.228       4.242       4.272
    SELF_31          3.389       3.424       3.442       3.534       3.627       3.645       3.680
    SELF_35          3.677       3.710       3.727       3.815       3.903       3.920       3.953

 Variances
    DES              0.353       0.392       0.412       0.517       0.621       0.641       0.680
    CAREER           0.181       0.230       0.255       0.386       0.517       0.542       0.591
    SELF             0.139       0.174       0.193       0.287       0.381       0.399       0.434

 Residual Variances
    DES_15           0.289       0.315       0.328       0.399       0.469       0.482       0.509
    DES_17           0.757       0.801       0.823       0.938       1.053       1.075       1.119
    DES_21           0.857       0.896       0.916       1.021       1.125       1.145       1.185
    DES_24           0.719       0.763       0.786       0.905       1.024       1.047       1.091
    DES_26           0.493       0.546       0.573       0.715       0.856       0.883       0.936
    DES_29           0.460       0.495       0.512       0.606       0.699       0.717       0.752
    DES_33           0.354       0.389       0.408       0.502       0.596       0.614       0.650
    CAR_16           0.760       0.811       0.838       0.976       1.114       1.140       1.192
    CAR_18           0.502       0.541       0.562       0.668       0.774       0.794       0.833
    CAR_20           0.648       0.701       0.728       0.869       1.010       1.037       1.090
    CAR_23           0.513       0.545       0.561       0.647       0.733       0.749       0.781
    CAR_25           0.483       0.528       0.551       0.671       0.791       0.814       0.858
    CAR_28           0.630       0.670       0.691       0.800       0.908       0.929       0.969
    CAR_30           0.594       0.653       0.683       0.841       0.998       1.029       1.088
    CAR_32           0.403       0.430       0.443       0.513       0.583       0.597       0.623
    CAR_34           0.759       0.809       0.835       0.970       1.105       1.131       1.181
    CAR_36           0.354       0.386       0.402       0.488       0.573       0.589       0.621
    SELF_19          0.482       0.517       0.535       0.629       0.723       0.741       0.776
    SELF_22          0.406       0.449       0.470       0.583       0.696       0.717       0.759
    SELF_27          0.362       0.405       0.427       0.542       0.657       0.679       0.722
    SELF_31          0.726       0.780       0.807       0.952       1.096       1.123       1.177
    SELF_35          0.440       0.505       0.538       0.711       0.883       0.917       0.981


CONFIDENCE INTERVALS OF STANDARDIZED MODEL RESULTS


STDYX Standardization

                  Lower .5%  Lower 2.5%    Lower 5%    Estimate    Upper 5%  Upper 2.5%   Upper .5%

 DES      BY
    DES_15           0.677       0.695       0.704       0.751       0.799       0.808       0.825
    DES_17           0.485       0.508       0.520       0.582       0.644       0.656       0.679
    DES_21           0.341       0.366       0.379       0.447       0.514       0.527       0.553
    DES_24           0.480       0.504       0.517       0.582       0.647       0.660       0.684
    DES_26           0.248       0.282       0.299       0.387       0.476       0.493       0.526
    DES_29           0.692       0.708       0.716       0.760       0.803       0.811       0.827
    DES_33           0.719       0.736       0.745       0.789       0.834       0.842       0.859

 CAREER   BY
    CAR_16           0.402       0.433       0.449       0.532       0.616       0.632       0.663
    CAR_18           0.671       0.689       0.698       0.746       0.793       0.802       0.820
    CAR_20           0.566       0.590       0.602       0.668       0.733       0.745       0.770
    CAR_23           0.607       0.626       0.635       0.686       0.736       0.746       0.765
    CAR_25           0.646       0.667       0.677       0.730       0.784       0.794       0.814
    CAR_28           0.495       0.518       0.530       0.593       0.655       0.667       0.691
    CAR_30           0.604       0.628       0.640       0.704       0.767       0.780       0.803
    CAR_32           0.749       0.761       0.767       0.798       0.830       0.836       0.848
    CAR_34           0.448       0.474       0.487       0.557       0.626       0.639       0.665
    CAR_36           0.766       0.779       0.786       0.821       0.856       0.863       0.876

 SELF     BY
    SELF_19          0.432       0.463       0.478       0.560       0.641       0.657       0.687
    SELF_22          0.419       0.451       0.468       0.555       0.641       0.658       0.690
    SELF_27          0.582       0.607       0.620       0.688       0.756       0.769       0.795
    SELF_31          0.478       0.506       0.520       0.595       0.669       0.684       0.712
    SELF_35          0.550       0.581       0.597       0.681       0.764       0.780       0.811

 CAREER   WITH
    DES              0.767       0.784       0.793       0.840       0.886       0.895       0.913

 SELF     WITH
    DES              0.446       0.479       0.497       0.587       0.677       0.695       0.729
    CAREER           0.261       0.294       0.311       0.401       0.491       0.508       0.542

 Intercepts
    DES_15           3.716       3.835       3.896       4.213       4.530       4.591       4.710
    DES_17           2.333       2.385       2.412       2.551       2.689       2.716       2.768
    DES_21           2.193       2.236       2.259       2.375       2.491       2.513       2.557
    DES_24           2.702       2.769       2.803       2.980       3.157       3.191       3.258
    DES_26           4.014       4.184       4.270       4.724       5.178       5.265       5.434
    DES_29           2.854       2.934       2.975       3.191       3.406       3.447       3.528
    DES_33           2.735       2.803       2.837       3.017       3.197       3.231       3.299
    CAR_16           2.535       2.593       2.623       2.778       2.934       2.964       3.022
    CAR_18           2.312       2.359       2.382       2.507       2.631       2.655       2.702
    CAR_20           2.374       2.427       2.453       2.593       2.732       2.759       2.811
    CAR_23           2.955       3.034       3.074       3.285       3.496       3.537       3.616
    CAR_25           2.773       2.840       2.875       3.054       3.234       3.269       3.336
    CAR_28           2.030       2.070       2.090       2.196       2.303       2.323       2.363
    CAR_30           2.155       2.198       2.219       2.331       2.444       2.465       2.507
    CAR_32           2.760       2.830       2.866       3.055       3.244       3.280       3.350
    CAR_34           2.802       2.877       2.915       3.116       3.317       3.355       3.430
    CAR_36           2.140       2.183       2.205       2.318       2.432       2.454       2.496
    SELF_19          3.336       3.416       3.458       3.674       3.890       3.931       4.012
    SELF_22          3.790       3.922       3.989       4.341       4.693       4.760       4.892
    SELF_27          3.573       3.696       3.759       4.089       4.418       4.481       4.605
    SELF_31          2.640       2.705       2.739       2.913       3.088       3.121       3.187
    SELF_35          2.961       3.046       3.089       3.316       3.542       3.586       3.670

 Variances
    DES              1.000       1.000       1.000       1.000       1.000       1.000       1.000
    CAREER           1.000       1.000       1.000       1.000       1.000       1.000       1.000
    SELF             1.000       1.000       1.000       1.000       1.000       1.000       1.000

 Residual Variances
    DES_15           0.324       0.351       0.365       0.435       0.506       0.520       0.547
    DES_17           0.548       0.575       0.589       0.661       0.733       0.747       0.774
    DES_21           0.706       0.728       0.740       0.800       0.861       0.872       0.895
    DES_24           0.543       0.571       0.586       0.661       0.737       0.752       0.780
    DES_26           0.742       0.768       0.781       0.850       0.919       0.932       0.958
    DES_29           0.320       0.345       0.358       0.423       0.489       0.501       0.526
    DES_33           0.267       0.293       0.307       0.377       0.448       0.461       0.487
    CAR_16           0.578       0.611       0.628       0.717       0.805       0.822       0.855
    CAR_18           0.333       0.360       0.373       0.444       0.515       0.528       0.555
    CAR_20           0.418       0.451       0.467       0.554       0.641       0.658       0.691
    CAR_23           0.422       0.447       0.461       0.530       0.599       0.612       0.638
    CAR_25           0.344       0.374       0.389       0.467       0.545       0.560       0.589
    CAR_28           0.533       0.560       0.575       0.649       0.723       0.737       0.765
    CAR_30           0.365       0.398       0.415       0.505       0.595       0.612       0.645
    CAR_32           0.283       0.302       0.312       0.362       0.413       0.423       0.442
    CAR_34           0.570       0.599       0.613       0.690       0.767       0.782       0.811
    CAR_36           0.235       0.257       0.268       0.326       0.384       0.395       0.417
    SELF_19          0.544       0.578       0.596       0.687       0.778       0.795       0.829
    SELF_22          0.542       0.578       0.596       0.692       0.789       0.807       0.843
    SELF_27          0.380       0.415       0.433       0.526       0.620       0.638       0.673
    SELF_31          0.507       0.541       0.558       0.646       0.735       0.752       0.786
    SELF_35          0.359       0.402       0.423       0.537       0.650       0.672       0.714


MODEL MODIFICATION INDICES

NOTE:  Modification indices for direct effects of observed dependent variables
regressed on covariates may not be included.  To include these, request
MODINDICES (ALL).

Minimum M.I. value for printing the modification index     3.800

                                   M.I.     E.P.C.  Std E.P.C.  StdYX E.P.C.

BY Statements

DES      BY CAR_30                 5.462    -0.415     -0.298       -0.231
DES      BY SELF_19                4.872     0.206      0.148        0.155
DES      BY SELF_22                6.461     0.227      0.163        0.178
DES      BY SELF_27                9.590    -0.302     -0.217       -0.214
CAREER   BY SELF_27                5.290    -0.210     -0.131       -0.129
SELF     BY DES_24                 5.986     0.374      0.201        0.171
SELF     BY DES_33                 3.884    -0.257     -0.137       -0.119
SELF     BY CAR_23                 4.415    -0.228     -0.122       -0.110
SELF     BY CAR_25                 7.320     0.304      0.163        0.136
SELF     BY CAR_34                19.171     0.570      0.305        0.257
SELF     BY CAR_36                 3.992    -0.202     -0.108       -0.088

WITH Statements

DES_21   WITH DES_15               3.977    -0.077     -0.077       -0.120
DES_21   WITH DES_17              22.893     0.268      0.268        0.274
DES_29   WITH DES_15               6.932     0.090      0.090        0.183
DES_29   WITH DES_21               7.903    -0.134     -0.134       -0.171
DES_33   WITH DES_26               4.937     0.083      0.083        0.138
CAR_16   WITH DES_21               7.082    -0.148     -0.148       -0.149
CAR_18   WITH DES_17               4.792     0.103      0.103        0.130
CAR_18   WITH DES_21               5.362     0.110      0.110        0.133
CAR_18   WITH CAR_16               5.545    -0.112     -0.112       -0.139
CAR_20   WITH CAR_16              14.468     0.203      0.203        0.220
CAR_23   WITH DES_24               6.595     0.114      0.114        0.148
CAR_23   WITH DES_33               3.857    -0.070     -0.070       -0.123
CAR_23   WITH CAR_16               3.928    -0.091     -0.091       -0.114
CAR_23   WITH CAR_18               7.796     0.111      0.111        0.168
CAR_25   WITH DES_21               6.823    -0.124     -0.124       -0.150
CAR_25   WITH DES_26               4.777    -0.086     -0.086       -0.125
CAR_25   WITH CAR_18               7.142    -0.110     -0.110       -0.164
CAR_25   WITH CAR_20               4.138     0.094      0.094        0.123
CAR_28   WITH DES_21               8.530     0.147      0.147        0.163
CAR_28   WITH CAR_18               4.318     0.090      0.090        0.123
CAR_28   WITH CAR_25              20.105    -0.193     -0.193       -0.263
CAR_30   WITH DES_26              10.266    -0.141     -0.141       -0.182
CAR_30   WITH DES_33               4.290    -0.085     -0.085       -0.131
CAR_30   WITH CAR_16              11.104     0.175      0.175        0.193
CAR_30   WITH CAR_20               5.710     0.122      0.122        0.143
CAR_32   WITH DES_26              10.937     0.118      0.118        0.194
CAR_32   WITH CAR_16               6.617    -0.110     -0.110       -0.156
CAR_32   WITH CAR_20               4.295    -0.087     -0.087       -0.130
CAR_32   WITH CAR_23              14.361     0.136      0.136        0.236
CAR_32   WITH CAR_25               5.840     0.090      0.090        0.154
CAR_32   WITH CAR_30              18.668    -0.178     -0.178       -0.271
CAR_34   WITH DES_26               4.295     0.096      0.096        0.115
CAR_34   WITH DES_29              10.330    -0.148     -0.148       -0.193
CAR_34   WITH CAR_25              11.626     0.161      0.161        0.200
CAR_34   WITH CAR_30              13.231     0.190      0.190        0.211
CAR_36   WITH DES_26               4.086    -0.071     -0.071       -0.120
CAR_36   WITH CAR_25              11.877    -0.128     -0.128       -0.224
CAR_36   WITH CAR_28              15.429     0.151      0.151        0.243
CAR_36   WITH CAR_30               6.393     0.104      0.104        0.162
CAR_36   WITH CAR_34               7.382    -0.115     -0.115       -0.167
SELF_19  WITH CAR_25               5.927    -0.094     -0.094       -0.145
SELF_22  WITH DES_24              10.254     0.136      0.136        0.188
SELF_22  WITH CAR_18               4.128     0.076      0.076        0.121
SELF_22  WITH CAR_30               3.814    -0.081     -0.081       -0.115
SELF_22  WITH CAR_32               4.547     0.071      0.071        0.130
SELF_22  WITH SELF_19             11.274     0.130      0.130        0.214
SELF_27  WITH DES_21               7.561    -0.125     -0.125       -0.168
SELF_27  WITH CAR_25              11.946     0.132      0.132        0.219
SELF_27  WITH CAR_28               6.826    -0.106     -0.106       -0.161
SELF_27  WITH CAR_34               7.736     0.124      0.124        0.171
SELF_27  WITH SELF_19              4.156    -0.087     -0.087       -0.149
SELF_31  WITH DES_24               5.121     0.125      0.125        0.135
SELF_31  WITH CAR_34               6.207     0.141      0.141        0.146
SELF_31  WITH SELF_22              9.636    -0.152     -0.152       -0.203
SELF_31  WITH SELF_27              7.130     0.145      0.145        0.202
SELF_35  WITH DES_24               5.171    -0.113     -0.113       -0.141
SELF_35  WITH CAR_25               4.808     0.095      0.095        0.138
SELF_35  WITH CAR_34               7.669     0.140      0.140        0.169
SELF_35  WITH SELF_27              9.541     0.165      0.165        0.266


     Beginning Time:  13:15:02
        Ending Time:  13:15:03
       Elapsed Time:  00:00:01



MUTHEN & MUTHEN
3463 Stoner Ave.
Los Angeles, CA  90066

Tel: (310) 391-9971
Fax: (310) 391-8971
Web: www.StatModel.com
Support: Support@StatModel.com

Copyright (c) 1998-2017 Muthen & Muthen
