Mplus VERSION 8 (Mac)
MUTHEN & MUTHEN
11/04/2017   1:15 PM

INPUT INSTRUCTIONS

  TITLE:
  Title: EFA of 2-factor solution using ESEM considering indicators as continuous;
  DATA:
  FILE = "../data/06_Analayses_EfaSEMCont.2.csv";

  VARIABLE:
  NAMES = Des_15 Des_17 Des_21 Des_24 Des_26 Des_29 Des_33 Car_16 Car_18 Car_20 Car_23
       Car_25 Car_28 Car_30 Car_32 Car_34 Car_36 Self_19 Self_22 Self_27 Self_31
       Self_35;
   MISSING=.;

    Missing are all (-99, -9, -8, -1);,
    USEVARIABLES =    Des_15  Des_17  Des_21
                      Des_24 Des_26  Des_29
                      Des_33  Car_16 Car_18
                      Car_20  Car_23  Car_25
                      Car_28  Car_30  Car_32
                      Car_34 Car_36  Self_19
                      Self_22 Self_27 Self_31
                      Self_35;
  ANALYSIS:

    ITERATIONS = 10000;
    ESTIMATOR = MLR;
  MODEL:

    f1-f2 BY Des_15  Des_17  Des_21  Des_24
    Des_26  Des_29  Des_33  Car_16
    Car_18  Car_20  Car_23  Car_25
    Car_28  Car_30  Car_32  Car_34
    Car_36  Self_19 Self_22 Self_27
    Self_31 Self_35 (*1);
  OUTPUT:
  SAMPSTAT MODINDICES(3.8) STANDARDIZED tech1;



*** WARNING
  Data set contains cases with missing on all variables.
  These cases were not included in the analysis.
  Number of cases with missing on all variables:  10
   1 WARNING(S) FOUND IN THE INPUT INSTRUCTIONS




EFA of 2-factor solution using ESEM considering indicators as continuous;

SUMMARY OF ANALYSIS

Number of groups                                                 1
Number of observations                                         467

Number of dependent variables                                   22
Number of independent variables                                  0
Number of continuous latent variables                            2

Observed dependent variables

  Continuous
   DES_15      DES_17      DES_21      DES_24      DES_26      DES_29
   DES_33      CAR_16      CAR_18      CAR_20      CAR_23      CAR_25
   CAR_28      CAR_30      CAR_32      CAR_34      CAR_36      SELF_19
   SELF_22     SELF_27     SELF_31     SELF_35

Continuous latent variables

  EFA factors
  *1:   F1          F2


Estimator                                                      MLR
Rotation                                                    GEOMIN
Row standardization                                    CORRELATION
Type of rotation                                           OBLIQUE
Epsilon value                                               Varies
Information matrix                                        OBSERVED
Maximum number of iterations                                 10000
Convergence criterion                                    0.500D-04
Maximum number of steepest descent iterations                   20
Maximum number of iterations for H1                           2000
Convergence criterion for H1                             0.100D-03
Optimization Specifications for the Exploratory Factor Analysis
Rotation Algorithm
  Number of random starts                                       30
  Maximum number of iterations                               10000
  Derivative convergence criterion                       0.100D-04

Input data file(s)
  ../data/06_Analayses_EfaSEMCont.2.csv

Input data format  FREE


SUMMARY OF DATA

     Number of missing data patterns            54


COVARIANCE COVERAGE OF DATA

Minimum covariance coverage value   0.100


     PROPORTION OF DATA PRESENT


           Covariance Coverage
              DES_15        DES_17        DES_21        DES_24        DES_26
              ________      ________      ________      ________      ________
 DES_15         0.994
 DES_17         0.959         0.966
 DES_21         0.985         0.957         0.991
 DES_24         0.972         0.944         0.970         0.979
 DES_26         0.983         0.955         0.981         0.968         0.989
 DES_29         0.979         0.953         0.976         0.964         0.974
 DES_33         0.961         0.936         0.961         0.949         0.957
 CAR_16         0.968         0.949         0.966         0.957         0.964
 CAR_18         0.981         0.953         0.979         0.968         0.976
 CAR_20         0.961         0.936         0.959         0.946         0.959
 CAR_23         0.983         0.957         0.981         0.970         0.979
 CAR_25         0.979         0.955         0.976         0.964         0.976
 CAR_28         0.981         0.953         0.979         0.968         0.976
 CAR_30         0.981         0.953         0.979         0.966         0.976
 CAR_32         0.979         0.951         0.976         0.966         0.976
 CAR_34         0.974         0.946         0.972         0.961         0.970
 CAR_36         0.987         0.961         0.985         0.974         0.983
 SELF_19        0.983         0.959         0.981         0.970         0.979
 SELF_22        0.985         0.957         0.983         0.972         0.981
 SELF_27        0.979         0.951         0.976         0.964         0.974
 SELF_31        0.979         0.951         0.976         0.964         0.979
 SELF_35        0.979         0.951         0.976         0.968         0.974


           Covariance Coverage
              DES_29        DES_33        CAR_16        CAR_18        CAR_20
              ________      ________      ________      ________      ________
 DES_29         0.985
 DES_33         0.955         0.968
 CAR_16         0.959         0.942         0.974
 CAR_18         0.972         0.955         0.961         0.987
 CAR_20         0.953         0.936         0.946         0.955         0.968
 CAR_23         0.974         0.957         0.966         0.976         0.959
 CAR_25         0.970         0.953         0.961         0.972         0.953
 CAR_28         0.972         0.957         0.961         0.976         0.955
 CAR_30         0.974         0.955         0.961         0.974         0.955
 CAR_32         0.970         0.959         0.959         0.972         0.955
 CAR_34         0.966         0.953         0.955         0.968         0.951
 CAR_36         0.979         0.964         0.968         0.981         0.961
 SELF_19        0.976         0.959         0.966         0.976         0.957
 SELF_22        0.976         0.959         0.970         0.979         0.959
 SELF_27        0.970         0.953         0.959         0.972         0.953
 SELF_31        0.970         0.957         0.959         0.974         0.955
 SELF_35        0.970         0.955         0.961         0.972         0.955


           Covariance Coverage
              CAR_23        CAR_25        CAR_28        CAR_30        CAR_32
              ________      ________      ________      ________      ________
 CAR_23         0.989
 CAR_25         0.974         0.985
 CAR_28         0.979         0.972         0.987
 CAR_30         0.979         0.974         0.974         0.987
 CAR_32         0.974         0.970         0.976         0.974         0.985
 CAR_34         0.970         0.966         0.968         0.970         0.970
 CAR_36         0.983         0.979         0.981         0.981         0.981
 SELF_19        0.979         0.974         0.976         0.976         0.974
 SELF_22        0.983         0.976         0.979         0.979         0.976
 SELF_27        0.974         0.972         0.972         0.974         0.970
 SELF_31        0.974         0.970         0.974         0.972         0.974
 SELF_35        0.976         0.970         0.972         0.972         0.972


           Covariance Coverage
              CAR_34        CAR_36        SELF_19       SELF_22       SELF_27
              ________      ________      ________      ________      ________
 CAR_34         0.981
 CAR_36         0.976         0.994
 SELF_19        0.970         0.983         0.989
 SELF_22        0.972         0.985         0.981         0.991
 SELF_27        0.966         0.979         0.976         0.976         0.985
 SELF_31        0.966         0.979         0.974         0.976         0.970
 SELF_35        0.972         0.981         0.974         0.979         0.970


           Covariance Coverage
              SELF_31       SELF_35
              ________      ________
 SELF_31        0.985
 SELF_35        0.970         0.985


SAMPLE STATISTICS


     ESTIMATED SAMPLE STATISTICS


           Means
              DES_15        DES_17        DES_21        DES_24        DES_26
              ________      ________      ________      ________      ________
                4.031         3.033         2.685         3.489         4.331


           Means
              DES_29        DES_33        CAR_16        CAR_18        CAR_20
              ________      ________      ________      ________      ________
                3.818         3.477         3.246         3.073         3.244


           Means
              CAR_23        CAR_25        CAR_28        CAR_30        CAR_32
              ________      ________      ________      ________      ________
                3.630         3.667         2.437         3.008         3.635


           Means
              CAR_34        CAR_36        SELF_19       SELF_22       SELF_27
              ________      ________      ________      ________      ________
                3.687         2.836         3.518         3.982         4.147


           Means
              SELF_31       SELF_35
              ________      ________
                3.530         3.817


           Covariances
              DES_15        DES_17        DES_21        DES_24        DES_26
              ________      ________      ________      ________      ________
 DES_15         0.915
 DES_17         0.457         1.425
 DES_21         0.295         0.601         1.272
 DES_24         0.450         0.504         0.439         1.374
 DES_26         0.237         0.269         0.185         0.227         0.842
 DES_29         0.707         0.625         0.350         0.586         0.285
 DES_33         0.670         0.602         0.463         0.589         0.389
 CAR_16         0.351         0.293         0.111         0.266         0.156
 CAR_18         0.517         0.664         0.504         0.585         0.290
 CAR_20         0.486         0.439         0.298         0.432         0.168
 CAR_23         0.407         0.497         0.367         0.526         0.278
 CAR_25         0.593         0.519         0.290         0.535         0.173
 CAR_28         0.447         0.406         0.430         0.423         0.239
 CAR_30         0.499         0.493         0.329         0.469         0.117
 CAR_32         0.599         0.565         0.416         0.571         0.375
 CAR_34         0.376         0.401         0.253         0.456         0.292
 CAR_36         0.576         0.610         0.485         0.545         0.222
 SELF_19        0.287         0.181         0.220         0.350         0.101
 SELF_22        0.247         0.253         0.208         0.405         0.147
 SELF_27        0.251         0.159         0.060         0.288         0.089
 SELF_31        0.324         0.217         0.215         0.480         0.177
 SELF_35        0.348         0.246         0.186         0.261         0.178


           Covariances
              DES_29        DES_33        CAR_16        CAR_18        CAR_20
              ________      ________      ________      ________      ________
 DES_29         1.433
 DES_33         0.833         1.331
 CAR_16         0.462         0.478         1.362
 CAR_18         0.734         0.732         0.461         1.504
 CAR_20         0.587         0.635         0.706         0.755         1.567
 CAR_23         0.540         0.518         0.386         0.779         0.589
 CAR_25         0.706         0.728         0.627         0.722         0.816
 CAR_28         0.484         0.536         0.358         0.677         0.510
 CAR_30         0.658         0.603         0.722         0.844         0.860
 CAR_32         0.726         0.741         0.490         0.833         0.727
 CAR_34         0.402         0.582         0.486         0.530         0.582
 CAR_36         0.742         0.796         0.624         0.936         0.817
 SELF_19        0.390         0.327         0.197         0.258         0.192
 SELF_22        0.360         0.326         0.132         0.291         0.120
 SELF_27        0.353         0.259         0.198         0.171         0.163
 SELF_31        0.419         0.397         0.337         0.279         0.290
 SELF_35        0.418         0.293         0.249         0.190         0.136


           Covariances
              CAR_23        CAR_25        CAR_28        CAR_30        CAR_32
              ________      ________      ________      ________      ________
 CAR_23         1.220
 CAR_25         0.670         1.450
 CAR_28         0.487         0.420         1.234
 CAR_30         0.648         0.837         0.530         1.668
 CAR_32         0.819         0.899         0.625         0.733         1.412
 CAR_34         0.429         0.728         0.359         0.765         0.622
 CAR_36         0.722         0.790         0.776         0.983         0.977
 SELF_19        0.198         0.206         0.163         0.275         0.229
 SELF_22        0.189         0.240         0.164         0.178         0.305
 SELF_27        0.077         0.349         0.016         0.248         0.181
 SELF_31        0.183         0.358         0.115         0.387         0.353
 SELF_35        0.098         0.370         0.097         0.314         0.260


           Covariances
              CAR_34        CAR_36        SELF_19       SELF_22       SELF_27
              ________      ________      ________      ________      ________
 CAR_34         1.407
 CAR_36         0.572         1.495
 SELF_19        0.208         0.283         0.916
 SELF_22        0.209         0.211         0.365         0.842
 SELF_27        0.365         0.154         0.326         0.326         1.030
 SELF_31        0.473         0.313         0.336         0.265         0.580
 SELF_35        0.432         0.184         0.385         0.373         0.613


           Covariances
              SELF_31       SELF_35
              ________      ________
 SELF_31        1.470
 SELF_35        0.577         1.326


           Correlations
              DES_15        DES_17        DES_21        DES_24        DES_26
              ________      ________      ________      ________      ________
 DES_15         1.000
 DES_17         0.400         1.000
 DES_21         0.273         0.446         1.000
 DES_24         0.401         0.361         0.332         1.000
 DES_26         0.270         0.246         0.179         0.211         1.000
 DES_29         0.618         0.437         0.259         0.417         0.259
 DES_33         0.607         0.437         0.356         0.435         0.367
 CAR_16         0.315         0.210         0.084         0.194         0.146
 CAR_18         0.440         0.453         0.365         0.407         0.258
 CAR_20         0.406         0.294         0.211         0.294         0.146
 CAR_23         0.385         0.377         0.295         0.406         0.275
 CAR_25         0.514         0.361         0.214         0.379         0.157
 CAR_28         0.421         0.306         0.343         0.325         0.235
 CAR_30         0.404         0.319         0.226         0.310         0.099
 CAR_32         0.527         0.399         0.311         0.410         0.344
 CAR_34         0.331         0.283         0.189         0.328         0.268
 CAR_36         0.492         0.418         0.352         0.380         0.198
 SELF_19        0.313         0.159         0.204         0.312         0.115
 SELF_22        0.281         0.231         0.201         0.376         0.174
 SELF_27        0.258         0.131         0.052         0.242         0.096
 SELF_31        0.280         0.150         0.157         0.338         0.159
 SELF_35        0.316         0.179         0.144         0.194         0.168


           Correlations
              DES_29        DES_33        CAR_16        CAR_18        CAR_20
              ________      ________      ________      ________      ________
 DES_29         1.000
 DES_33         0.603         1.000
 CAR_16         0.331         0.355         1.000
 CAR_18         0.500         0.518         0.322         1.000
 CAR_20         0.392         0.439         0.483         0.492         1.000
 CAR_23         0.409         0.407         0.300         0.575         0.426
 CAR_25         0.490         0.524         0.446         0.489         0.542
 CAR_28         0.364         0.419         0.277         0.497         0.367
 CAR_30         0.425         0.404         0.479         0.533         0.532
 CAR_32         0.511         0.541         0.353         0.572         0.489
 CAR_34         0.283         0.426         0.351         0.364         0.392
 CAR_36         0.507         0.564         0.437         0.624         0.534
 SELF_19        0.341         0.296         0.177         0.220         0.160
 SELF_22        0.328         0.308         0.123         0.258         0.104
 SELF_27        0.290         0.221         0.167         0.138         0.129
 SELF_31        0.288         0.284         0.238         0.188         0.191
 SELF_35        0.303         0.220         0.186         0.134         0.094


           Correlations
              CAR_23        CAR_25        CAR_28        CAR_30        CAR_32
              ________      ________      ________      ________      ________
 CAR_23         1.000
 CAR_25         0.504         1.000
 CAR_28         0.397         0.314         1.000
 CAR_30         0.454         0.538         0.369         1.000
 CAR_32         0.624         0.628         0.474         0.478         1.000
 CAR_34         0.327         0.510         0.272         0.499         0.441
 CAR_36         0.534         0.537         0.572         0.622         0.673
 SELF_19        0.187         0.178         0.153         0.223         0.202
 SELF_22        0.187         0.217         0.161         0.150         0.280
 SELF_27        0.068         0.286         0.014         0.189         0.150
 SELF_31        0.137         0.245         0.085         0.247         0.245
 SELF_35        0.077         0.267         0.076         0.211         0.190


           Correlations
              CAR_34        CAR_36        SELF_19       SELF_22       SELF_27
              ________      ________      ________      ________      ________
 CAR_34         1.000
 CAR_36         0.395         1.000
 SELF_19        0.183         0.242         1.000
 SELF_22        0.192         0.188         0.415         1.000
 SELF_27        0.303         0.124         0.335         0.351         1.000
 SELF_31        0.329         0.211         0.289         0.238         0.471
 SELF_35        0.316         0.130         0.350         0.353         0.524


           Correlations
              SELF_31       SELF_35
              ________      ________
 SELF_31        1.000
 SELF_35        0.413         1.000


     MAXIMUM LOG-LIKELIHOOD VALUE FOR THE UNRESTRICTED (H1) MODEL IS -13289.376


UNIVARIATE SAMPLE STATISTICS


     UNIVARIATE HIGHER-ORDER MOMENT DESCRIPTIVE STATISTICS

         Variable/         Mean/     Skewness/   Minimum/ % with                Percentiles
        Sample Size      Variance    Kurtosis    Maximum  Min/Max      20%/60%    40%/80%    Median

     DES_15                4.028      -0.957       1.000    2.37%       3.000      4.000      4.000
             464.000       0.915       0.764       5.000   36.42%       4.000      5.000
     DES_17                3.033      -0.158       1.000   13.30%       2.000      3.000      3.000
             451.000       1.425      -0.869       5.000   10.64%       3.000      4.000
     DES_21                2.685       0.244       1.000   16.20%       2.000      2.000      3.000
             463.000       1.274      -0.663       5.000    6.70%       3.000      4.000
     DES_24                3.479      -0.441       1.000    6.78%       2.000      3.000      4.000
             457.000       1.370      -0.640       5.000   21.66%       4.000      5.000
     DES_26                4.333      -1.632       1.000    2.38%       4.000      4.000      5.000
             462.000       0.841       2.734       5.000   54.76%       5.000      5.000
     DES_29                3.822      -0.812       1.000    5.87%       3.000      4.000      4.000
             460.000       1.438      -0.293       5.000   37.17%       4.000      5.000
     DES_33                3.487      -0.388       1.000    6.86%       3.000      3.000      3.000
             452.000       1.338      -0.545       5.000   23.23%       4.000      5.000
     CAR_16                3.240      -0.158       1.000    9.23%       2.000      3.000      3.000
             455.000       1.360      -0.620       5.000   17.58%       3.000      4.000
     CAR_18                3.069       0.023       1.000   11.28%       2.000      3.000      3.000
             461.000       1.505      -0.910       5.000   16.05%       3.000      4.000
     CAR_20                3.257      -0.168       1.000   10.62%       2.000      3.000      3.000
             452.000       1.567      -0.894       5.000   21.24%       4.000      5.000
     CAR_23                3.630      -0.584       1.000    5.41%       3.000      3.000      4.000
             462.000       1.224      -0.248       5.000   24.46%       4.000      5.000
     CAR_25                3.661      -0.487       1.000    5.65%       3.000      3.000      4.000
             460.000       1.442      -0.700       5.000   33.04%       4.000      5.000
     CAR_28                2.443       0.378       1.000   23.86%       1.000      2.000      2.000
             461.000       1.232      -0.552       5.000    4.56%       3.000      3.000
     CAR_30                3.009       0.086       1.000   14.53%       2.000      3.000      3.000
             461.000       1.670      -0.995       5.000   18.22%       3.000      4.000
     CAR_32                3.635      -0.564       1.000    6.30%       3.000      3.000      4.000
             460.000       1.419      -0.565       5.000   29.13%       4.000      5.000
     CAR_34                3.697      -0.637       1.000    6.55%       3.000      3.000      4.000
             458.000       1.408      -0.410       5.000   31.88%       4.000      5.000
     CAR_36                2.834       0.206       1.000   16.59%       2.000      3.000      3.000
             464.000       1.500      -0.735       5.000   13.15%       3.000      4.000
     SELF_19               3.515      -0.236       1.000    2.60%       3.000      3.000      3.000
             462.000       0.916      -0.185       5.000   16.45%       4.000      4.000
     SELF_22               3.983      -1.039       1.000    2.59%       3.000      4.000      4.000
             463.000       0.842       1.324       5.000   30.02%       4.000      5.000
     SELF_27               4.150      -1.205       1.000    2.83%       3.000      4.000      4.000
             460.000       1.027       0.997       5.000   47.17%       5.000      5.000
     SELF_31               3.530      -0.479       1.000    7.61%       2.000      3.000      4.000
             460.000       1.475      -0.679       5.000   26.09%       4.000      5.000
     SELF_35               3.815      -0.791       1.000    5.43%       3.000      4.000      4.000
             460.000       1.325      -0.138       5.000   34.78%       4.000      5.000


THE MODEL ESTIMATION TERMINATED NORMALLY



MODEL FIT INFORMATION

Number of Free Parameters                       87

Loglikelihood

          H0 Value                      -13636.163
          H0 Scaling Correction Factor      1.2987
            for MLR
          H1 Value                      -13289.376
          H1 Scaling Correction Factor      1.3047
            for MLR

Information Criteria

          Akaike (AIC)                   27446.325
          Bayesian (BIC)                 27807.056
          Sample-Size Adjusted BIC       27530.937
            (n* = (n + 2) / 24)

Chi-Square Test of Model Fit

          Value                            530.484*
          Degrees of Freedom                   188
          P-Value                           0.0000
          Scaling Correction Factor         1.3074
            for MLR

*   The chi-square value for MLM, MLMV, MLR, ULSMV, WLSM and WLSMV cannot be used
    for chi-square difference testing in the regular way.  MLM, MLR and WLSM
    chi-square difference testing is described on the Mplus website.  MLMV, WLSMV,
    and ULSMV difference testing is done using the DIFFTEST option.

RMSEA (Root Mean Square Error Of Approximation)

          Estimate                           0.062
          90 Percent C.I.                    0.056  0.069
          Probability RMSEA <= .05           0.001

CFI/TLI

          CFI                                0.888
          TLI                                0.863

Chi-Square Test of Model Fit for the Baseline Model

          Value                           3300.534
          Degrees of Freedom                   231
          P-Value                           0.0000

SRMR (Standardized Root Mean Square Residual)

          Value                              0.048



MODEL RESULTS

                                                    Two-Tailed
                    Estimate       S.E.  Est./S.E.    P-Value

 F1       BY
    DES_15             0.551      0.053     10.368      0.000
    DES_17             0.619      0.066      9.388      0.000
    DES_21             0.470      0.067      7.012      0.000
    DES_24             0.527      0.070      7.478      0.000
    DES_26             0.280      0.054      5.202      0.000
    DES_29             0.690      0.065     10.574      0.000
    DES_33             0.753      0.067     11.228      0.000
    CAR_16             0.561      0.078      7.201      0.000
    CAR_18             0.942      0.054     17.559      0.000
    CAR_20             0.831      0.073     11.431      0.000
    CAR_23             0.798      0.050     15.883      0.000
    CAR_25             0.792      0.063     12.510      0.000
    CAR_28             0.726      0.058     12.614      0.000
    CAR_30             0.854      0.076     11.270      0.000
    CAR_32             0.947      0.041     23.209      0.000
    CAR_34             0.536      0.067      7.963      0.000
    CAR_36             1.038      0.049     20.980      0.000
    SELF_19            0.149      0.061      2.433      0.015
    SELF_22            0.143      0.062      2.314      0.021
    SELF_27           -0.037      0.060     -0.624      0.533
    SELF_31            0.137      0.070      1.957      0.050
    SELF_35           -0.001      0.007     -0.135      0.893

 F2       BY
    DES_15             0.246      0.067      3.673      0.000
    DES_17             0.094      0.087      1.071      0.284
    DES_21             0.044      0.097      0.455      0.649
    DES_24             0.285      0.083      3.449      0.001
    DES_26             0.104      0.055      1.894      0.058
    DES_29             0.327      0.092      3.565      0.000
    DES_33             0.213      0.089      2.392      0.017
    CAR_16             0.102      0.093      1.093      0.274
    CAR_18            -0.057      0.076     -0.743      0.457
    CAR_20            -0.052      0.091     -0.576      0.565
    CAR_23            -0.119      0.050     -2.357      0.018
    CAR_25             0.180      0.080      2.232      0.026
    CAR_28            -0.148      0.076     -1.938      0.053
    CAR_30             0.057      0.101      0.564      0.573
    CAR_32            -0.001      0.007     -0.132      0.895
    CAR_34             0.298      0.085      3.492      0.000
    CAR_36            -0.109      0.067     -1.620      0.105
    SELF_19            0.432      0.072      5.967      0.000
    SELF_22            0.418      0.071      5.898      0.000
    SELF_27            0.749      0.070     10.671      0.000
    SELF_31            0.674      0.074      9.120      0.000
    SELF_35            0.804      0.062     12.866      0.000

 F2       WITH
    F1                 0.318      0.074      4.286      0.000

 Intercepts
    DES_15             4.030      0.044     90.941      0.000
    DES_17             3.038      0.056     54.462      0.000
    DES_21             2.683      0.052     51.174      0.000
    DES_24             3.486      0.054     63.985      0.000
    DES_26             4.332      0.043    101.548      0.000
    DES_29             3.817      0.056     68.436      0.000
    DES_33             3.480      0.054     64.585      0.000
    CAR_16             3.241      0.055     59.328      0.000
    CAR_18             3.074      0.057     53.983      0.000
    CAR_20             3.246      0.059     55.448      0.000
    CAR_23             3.630      0.051     70.768      0.000
    CAR_25             3.662      0.056     65.757      0.000
    CAR_28             2.438      0.052     47.273      0.000
    CAR_30             3.009      0.060     50.206      0.000
    CAR_32             3.636      0.055     65.839      0.000
    CAR_34             3.693      0.055     66.816      0.000
    CAR_36             2.835      0.057     50.044      0.000
    SELF_19            3.516      0.044     79.041      0.000
    SELF_22            3.983      0.043     93.503      0.000
    SELF_27            4.149      0.048     87.314      0.000
    SELF_31            3.534      0.056     62.668      0.000
    SELF_35            3.815      0.054     71.277      0.000

 Variances
    F1                 1.000      0.000    999.000    999.000
    F2                 1.000      0.000    999.000    999.000

 Residual Variances
    DES_15             0.466      0.040     11.608      0.000
    DES_17             0.990      0.072     13.770      0.000
    DES_21             1.039      0.066     15.773      0.000
    DES_24             0.915      0.069     13.198      0.000
    DES_26             0.733      0.085      8.669      0.000
    DES_29             0.710      0.056     12.713      0.000
    DES_33             0.617      0.061     10.195      0.000
    CAR_16             1.000      0.083     12.116      0.000
    CAR_18             0.646      0.064     10.157      0.000
    CAR_20             0.901      0.092      9.750      0.000
    CAR_23             0.630      0.054     11.599      0.000
    CAR_25             0.687      0.067     10.250      0.000
    CAR_28             0.754      0.067     11.299      0.000
    CAR_30             0.900      0.099      9.072      0.000
    CAR_32             0.520      0.046     11.383      0.000
    CAR_34             0.927      0.077     12.100      0.000
    CAR_36             0.478      0.053      8.979      0.000
    SELF_19            0.666      0.059     11.316      0.000
    SELF_22            0.608      0.069      8.870      0.000
    SELF_27            0.488      0.073      6.660      0.000
    SELF_31            0.940      0.087     10.859      0.000
    SELF_35            0.678      0.102      6.679      0.000


STANDARDIZED MODEL RESULTS


STDYX Standardization

                                                    Two-Tailed
                    Estimate       S.E.  Est./S.E.    P-Value

 F1       BY
    DES_15             0.576      0.048     11.896      0.000
    DES_17             0.520      0.053      9.881      0.000
    DES_21             0.416      0.057      7.309      0.000
    DES_24             0.450      0.057      7.924      0.000
    DES_26             0.305      0.058      5.290      0.000
    DES_29             0.576      0.049     11.855      0.000
    DES_33             0.652      0.053     12.296      0.000
    CAR_16             0.481      0.064      7.483      0.000
    CAR_18             0.769      0.036     21.552      0.000
    CAR_20             0.664      0.054     12.319      0.000
    CAR_23             0.722      0.034     21.500      0.000
    CAR_25             0.661      0.050     13.165      0.000
    CAR_28             0.653      0.045     14.403      0.000
    CAR_30             0.662      0.056     11.770      0.000
    CAR_32             0.796      0.020     39.346      0.000
    CAR_34             0.452      0.055      8.291      0.000
    CAR_36             0.849      0.029     29.163      0.000
    SELF_19            0.156      0.064      2.444      0.015
    SELF_22            0.156      0.067      2.334      0.020
    SELF_27           -0.037      0.059     -0.625      0.532
    SELF_31            0.113      0.058      1.955      0.051
    SELF_35           -0.001      0.006     -0.135      0.893

 F2       BY
    DES_15             0.257      0.068      3.757      0.000
    DES_17             0.079      0.073      1.073      0.283
    DES_21             0.039      0.086      0.455      0.649
    DES_24             0.244      0.071      3.442      0.001
    DES_26             0.113      0.060      1.881      0.060
    DES_29             0.273      0.076      3.591      0.000
    DES_33             0.185      0.077      2.398      0.017
    CAR_16             0.087      0.080      1.096      0.273
    CAR_18            -0.046      0.062     -0.744      0.457
    CAR_20            -0.042      0.072     -0.576      0.565
    CAR_23            -0.107      0.046     -2.353      0.019
    CAR_25             0.150      0.066      2.260      0.024
    CAR_28            -0.133      0.068     -1.956      0.050
    CAR_30             0.044      0.078      0.565      0.572
    CAR_32            -0.001      0.006     -0.132      0.895
    CAR_34             0.252      0.071      3.543      0.000
    CAR_36            -0.089      0.055     -1.624      0.104
    SELF_19            0.451      0.073      6.216      0.000
    SELF_22            0.455      0.075      6.094      0.000
    SELF_27            0.737      0.055     13.377      0.000
    SELF_31            0.556      0.057      9.820      0.000
    SELF_35            0.699      0.050     14.107      0.000

 F2       WITH
    F1                 0.318      0.074      4.286      0.000

 Intercepts
    DES_15             4.210      0.193     21.846      0.000
    DES_17             2.551      0.084     30.208      0.000
    DES_21             2.376      0.071     33.665      0.000
    DES_24             2.979      0.108     27.662      0.000
    DES_26             4.725      0.276     17.130      0.000
    DES_29             3.185      0.131     24.372      0.000
    DES_33             3.016      0.109     27.584      0.000
    CAR_16             2.777      0.095     29.327      0.000
    CAR_18             2.507      0.076     33.096      0.000
    CAR_20             2.594      0.085     30.563      0.000
    CAR_23             3.285      0.128     25.600      0.000
    CAR_25             3.054      0.109     27.968      0.000
    CAR_28             2.195      0.065     33.973      0.000
    CAR_30             2.332      0.068     34.141      0.000
    CAR_32             3.056      0.115     26.626      0.000
    CAR_34             3.116      0.122     25.520      0.000
    CAR_36             2.319      0.069     33.515      0.000
    SELF_19            3.674      0.131     27.977      0.000
    SELF_22            4.341      0.214     20.312      0.000
    SELF_27            4.084      0.201     20.329      0.000
    SELF_31            2.914      0.106     27.447      0.000
    SELF_35            3.316      0.137     24.121      0.000

 Variances
    F1                 1.000      0.000    999.000    999.000
    F2                 1.000      0.000    999.000    999.000

 Residual Variances
    DES_15             0.508      0.039     12.916      0.000
    DES_17             0.698      0.043     16.219      0.000
    DES_21             0.815      0.036     22.630      0.000
    DES_24             0.668      0.043     15.560      0.000
    DES_26             0.872      0.036     23.919      0.000
    DES_29             0.494      0.039     12.639      0.000
    DES_33             0.464      0.044     10.514      0.000
    CAR_16             0.734      0.052     14.096      0.000
    CAR_18             0.430      0.043     10.105      0.000
    CAR_20             0.575      0.057     10.110      0.000
    CAR_23             0.516      0.044     11.864      0.000
    CAR_25             0.478      0.044     10.949      0.000
    CAR_28             0.611      0.049     12.395      0.000
    CAR_30             0.541      0.056      9.671      0.000
    CAR_32             0.367      0.032     11.415      0.000
    CAR_34             0.660      0.045     14.695      0.000
    CAR_36             0.320      0.037      8.717      0.000
    SELF_19            0.728      0.054     13.413      0.000
    SELF_22            0.723      0.056     12.822      0.000
    SELF_27            0.473      0.071      6.621      0.000
    SELF_31            0.639      0.055     11.702      0.000
    SELF_35            0.512      0.070      7.357      0.000


STDY Standardization

                                                    Two-Tailed
                    Estimate       S.E.  Est./S.E.    P-Value

 F1       BY
    DES_15             0.576      0.048     11.896      0.000
    DES_17             0.520      0.053      9.881      0.000
    DES_21             0.416      0.057      7.309      0.000
    DES_24             0.450      0.057      7.924      0.000
    DES_26             0.305      0.058      5.290      0.000
    DES_29             0.576      0.049     11.855      0.000
    DES_33             0.652      0.053     12.296      0.000
    CAR_16             0.481      0.064      7.483      0.000
    CAR_18             0.769      0.036     21.552      0.000
    CAR_20             0.664      0.054     12.319      0.000
    CAR_23             0.722      0.034     21.500      0.000
    CAR_25             0.661      0.050     13.165      0.000
    CAR_28             0.653      0.045     14.403      0.000
    CAR_30             0.662      0.056     11.770      0.000
    CAR_32             0.796      0.020     39.346      0.000
    CAR_34             0.452      0.055      8.291      0.000
    CAR_36             0.849      0.029     29.163      0.000
    SELF_19            0.156      0.064      2.444      0.015
    SELF_22            0.156      0.067      2.334      0.020
    SELF_27           -0.037      0.059     -0.625      0.532
    SELF_31            0.113      0.058      1.955      0.051
    SELF_35           -0.001      0.006     -0.135      0.893

 F2       BY
    DES_15             0.257      0.068      3.757      0.000
    DES_17             0.079      0.073      1.073      0.283
    DES_21             0.039      0.086      0.455      0.649
    DES_24             0.244      0.071      3.442      0.001
    DES_26             0.113      0.060      1.881      0.060
    DES_29             0.273      0.076      3.591      0.000
    DES_33             0.185      0.077      2.398      0.017
    CAR_16             0.087      0.080      1.096      0.273
    CAR_18            -0.046      0.062     -0.744      0.457
    CAR_20            -0.042      0.072     -0.576      0.565
    CAR_23            -0.107      0.046     -2.353      0.019
    CAR_25             0.150      0.066      2.260      0.024
    CAR_28            -0.133      0.068     -1.956      0.050
    CAR_30             0.044      0.078      0.565      0.572
    CAR_32            -0.001      0.006     -0.132      0.895
    CAR_34             0.252      0.071      3.543      0.000
    CAR_36            -0.089      0.055     -1.624      0.104
    SELF_19            0.451      0.073      6.216      0.000
    SELF_22            0.455      0.075      6.094      0.000
    SELF_27            0.737      0.055     13.377      0.000
    SELF_31            0.556      0.057      9.820      0.000
    SELF_35            0.699      0.050     14.107      0.000

 F2       WITH
    F1                 0.318      0.074      4.286      0.000

 Intercepts
    DES_15             4.210      0.193     21.846      0.000
    DES_17             2.551      0.084     30.208      0.000
    DES_21             2.376      0.071     33.665      0.000
    DES_24             2.979      0.108     27.662      0.000
    DES_26             4.725      0.276     17.130      0.000
    DES_29             3.185      0.131     24.372      0.000
    DES_33             3.016      0.109     27.584      0.000
    CAR_16             2.777      0.095     29.327      0.000
    CAR_18             2.507      0.076     33.096      0.000
    CAR_20             2.594      0.085     30.563      0.000
    CAR_23             3.285      0.128     25.600      0.000
    CAR_25             3.054      0.109     27.968      0.000
    CAR_28             2.195      0.065     33.973      0.000
    CAR_30             2.332      0.068     34.141      0.000
    CAR_32             3.056      0.115     26.626      0.000
    CAR_34             3.116      0.122     25.520      0.000
    CAR_36             2.319      0.069     33.515      0.000
    SELF_19            3.674      0.131     27.977      0.000
    SELF_22            4.341      0.214     20.312      0.000
    SELF_27            4.084      0.201     20.329      0.000
    SELF_31            2.914      0.106     27.447      0.000
    SELF_35            3.316      0.137     24.121      0.000

 Variances
    F1                 1.000      0.000    999.000    999.000
    F2                 1.000      0.000    999.000    999.000

 Residual Variances
    DES_15             0.508      0.039     12.916      0.000
    DES_17             0.698      0.043     16.219      0.000
    DES_21             0.815      0.036     22.630      0.000
    DES_24             0.668      0.043     15.560      0.000
    DES_26             0.872      0.036     23.919      0.000
    DES_29             0.494      0.039     12.639      0.000
    DES_33             0.464      0.044     10.514      0.000
    CAR_16             0.734      0.052     14.096      0.000
    CAR_18             0.430      0.043     10.105      0.000
    CAR_20             0.575      0.057     10.110      0.000
    CAR_23             0.516      0.044     11.864      0.000
    CAR_25             0.478      0.044     10.949      0.000
    CAR_28             0.611      0.049     12.395      0.000
    CAR_30             0.541      0.056      9.671      0.000
    CAR_32             0.367      0.032     11.415      0.000
    CAR_34             0.660      0.045     14.695      0.000
    CAR_36             0.320      0.037      8.717      0.000
    SELF_19            0.728      0.054     13.413      0.000
    SELF_22            0.723      0.056     12.822      0.000
    SELF_27            0.473      0.071      6.621      0.000
    SELF_31            0.639      0.055     11.702      0.000
    SELF_35            0.512      0.070      7.357      0.000


STD Standardization

                                                    Two-Tailed
                    Estimate       S.E.  Est./S.E.    P-Value

 F1       BY
    DES_15             0.551      0.053     10.368      0.000
    DES_17             0.619      0.066      9.388      0.000
    DES_21             0.470      0.067      7.012      0.000
    DES_24             0.527      0.070      7.478      0.000
    DES_26             0.280      0.054      5.202      0.000
    DES_29             0.690      0.065     10.574      0.000
    DES_33             0.753      0.067     11.228      0.000
    CAR_16             0.561      0.078      7.201      0.000
    CAR_18             0.942      0.054     17.559      0.000
    CAR_20             0.831      0.073     11.431      0.000
    CAR_23             0.798      0.050     15.883      0.000
    CAR_25             0.792      0.063     12.510      0.000
    CAR_28             0.726      0.058     12.614      0.000
    CAR_30             0.854      0.076     11.270      0.000
    CAR_32             0.947      0.041     23.209      0.000
    CAR_34             0.536      0.067      7.963      0.000
    CAR_36             1.038      0.049     20.980      0.000
    SELF_19            0.149      0.061      2.433      0.015
    SELF_22            0.143      0.062      2.314      0.021
    SELF_27           -0.037      0.060     -0.624      0.533
    SELF_31            0.137      0.070      1.957      0.050
    SELF_35           -0.001      0.007     -0.135      0.893

 F2       BY
    DES_15             0.246      0.067      3.673      0.000
    DES_17             0.094      0.087      1.071      0.284
    DES_21             0.044      0.097      0.455      0.649
    DES_24             0.285      0.083      3.449      0.001
    DES_26             0.104      0.055      1.894      0.058
    DES_29             0.327      0.092      3.565      0.000
    DES_33             0.213      0.089      2.392      0.017
    CAR_16             0.102      0.093      1.093      0.274
    CAR_18            -0.057      0.076     -0.743      0.457
    CAR_20            -0.052      0.091     -0.576      0.565
    CAR_23            -0.119      0.050     -2.357      0.018
    CAR_25             0.180      0.080      2.232      0.026
    CAR_28            -0.148      0.076     -1.938      0.053
    CAR_30             0.057      0.101      0.564      0.573
    CAR_32            -0.001      0.007     -0.132      0.895
    CAR_34             0.298      0.085      3.492      0.000
    CAR_36            -0.109      0.067     -1.620      0.105
    SELF_19            0.432      0.072      5.967      0.000
    SELF_22            0.418      0.071      5.898      0.000
    SELF_27            0.749      0.070     10.671      0.000
    SELF_31            0.674      0.074      9.120      0.000
    SELF_35            0.804      0.062     12.866      0.000

 F2       WITH
    F1                 0.318      0.074      4.286      0.000

 Intercepts
    DES_15             4.030      0.044     90.941      0.000
    DES_17             3.038      0.056     54.462      0.000
    DES_21             2.683      0.052     51.174      0.000
    DES_24             3.486      0.054     63.985      0.000
    DES_26             4.332      0.043    101.548      0.000
    DES_29             3.817      0.056     68.436      0.000
    DES_33             3.480      0.054     64.585      0.000
    CAR_16             3.241      0.055     59.328      0.000
    CAR_18             3.074      0.057     53.983      0.000
    CAR_20             3.246      0.059     55.448      0.000
    CAR_23             3.630      0.051     70.768      0.000
    CAR_25             3.662      0.056     65.757      0.000
    CAR_28             2.438      0.052     47.273      0.000
    CAR_30             3.009      0.060     50.206      0.000
    CAR_32             3.636      0.055     65.839      0.000
    CAR_34             3.693      0.055     66.816      0.000
    CAR_36             2.835      0.057     50.044      0.000
    SELF_19            3.516      0.044     79.041      0.000
    SELF_22            3.983      0.043     93.503      0.000
    SELF_27            4.149      0.048     87.314      0.000
    SELF_31            3.534      0.056     62.668      0.000
    SELF_35            3.815      0.054     71.277      0.000

 Variances
    F1                 1.000      0.000    999.000    999.000
    F2                 1.000      0.000    999.000    999.000

 Residual Variances
    DES_15             0.466      0.040     11.608      0.000
    DES_17             0.990      0.072     13.770      0.000
    DES_21             1.039      0.066     15.773      0.000
    DES_24             0.915      0.069     13.198      0.000
    DES_26             0.733      0.085      8.669      0.000
    DES_29             0.710      0.056     12.713      0.000
    DES_33             0.617      0.061     10.195      0.000
    CAR_16             1.000      0.083     12.116      0.000
    CAR_18             0.646      0.064     10.157      0.000
    CAR_20             0.901      0.092      9.750      0.000
    CAR_23             0.630      0.054     11.599      0.000
    CAR_25             0.687      0.067     10.250      0.000
    CAR_28             0.754      0.067     11.299      0.000
    CAR_30             0.900      0.099      9.072      0.000
    CAR_32             0.520      0.046     11.383      0.000
    CAR_34             0.927      0.077     12.100      0.000
    CAR_36             0.478      0.053      8.979      0.000
    SELF_19            0.666      0.059     11.316      0.000
    SELF_22            0.608      0.069      8.870      0.000
    SELF_27            0.488      0.073      6.660      0.000
    SELF_31            0.940      0.087     10.859      0.000
    SELF_35            0.678      0.102      6.679      0.000


R-SQUARE

    Observed                                        Two-Tailed
    Variable        Estimate       S.E.  Est./S.E.    P-Value

    DES_15             0.492      0.039     12.495      0.000
    DES_17             0.302      0.043      7.026      0.000
    DES_21             0.185      0.036      5.134      0.000
    DES_24             0.332      0.043      7.722      0.000
    DES_26             0.128      0.036      3.513      0.000
    DES_29             0.506      0.039     12.920      0.000
    DES_33             0.536      0.044     12.160      0.000
    CAR_16             0.266      0.052      5.099      0.000
    CAR_18             0.570      0.043     13.405      0.000
    CAR_20             0.425      0.057      7.467      0.000
    CAR_23             0.484      0.044     11.124      0.000
    CAR_25             0.522      0.044     11.955      0.000
    CAR_28             0.389      0.049      7.901      0.000
    CAR_30             0.459      0.056      8.208      0.000
    CAR_32             0.633      0.032     19.679      0.000
    CAR_34             0.340      0.045      7.569      0.000
    CAR_36             0.680      0.037     18.556      0.000
    SELF_19            0.272      0.054      5.020      0.000
    SELF_22            0.277      0.056      4.915      0.000
    SELF_27            0.527      0.071      7.385      0.000
    SELF_31            0.361      0.055      6.612      0.000
    SELF_35            0.488      0.070      7.004      0.000


QUALITY OF NUMERICAL RESULTS

     Condition Number for the Information Matrix              0.630E-02
       (ratio of smallest to largest eigenvalue)


MODEL MODIFICATION INDICES

NOTE:  Modification indices for direct effects of observed dependent variables
regressed on covariates may not be included.  To include these, request
MODINDICES (ALL).

Minimum M.I. value for printing the modification index     3.800

                                   M.I.     E.P.C.  Std E.P.C.  StdYX E.P.C.

WITH Statements

DES_21   WITH DES_17              27.020     0.292      0.292        0.288
DES_24   WITH DES_21               5.347     0.125      0.125        0.128
DES_29   WITH DES_15              23.837     0.164      0.164        0.285
DES_33   WITH DES_15              15.894     0.126      0.126        0.235
DES_33   WITH DES_26               9.996     0.121      0.121        0.179
DES_33   WITH DES_29              12.985     0.141      0.141        0.214
CAR_16   WITH DES_21               9.906    -0.176     -0.176       -0.173
CAR_16   WITH DES_24               5.753    -0.128     -0.128       -0.134
CAR_18   WITH DES_15               4.004    -0.065     -0.065       -0.118
CAR_20   WITH DES_26               4.013    -0.091     -0.091       -0.112
CAR_20   WITH CAR_16              20.194     0.243      0.243        0.256
CAR_23   WITH DES_24               5.134     0.099      0.099        0.130
CAR_23   WITH DES_33               7.252    -0.100     -0.100       -0.160
CAR_23   WITH CAR_18               5.789     0.093      0.093        0.146
CAR_25   WITH DES_21               9.071    -0.143     -0.143       -0.169
CAR_25   WITH DES_26               6.735    -0.103     -0.103       -0.145
CAR_25   WITH CAR_16               5.593     0.112      0.112        0.135
CAR_25   WITH CAR_20              10.211     0.147      0.147        0.187
CAR_28   WITH DES_21               5.786     0.119      0.119        0.135
CAR_28   WITH CAR_25              15.189    -0.163     -0.163       -0.226
CAR_30   WITH DES_15               3.858    -0.073     -0.073       -0.113
CAR_30   WITH DES_24               4.061    -0.104     -0.104       -0.114
CAR_30   WITH DES_26              14.391    -0.171     -0.171       -0.211
CAR_30   WITH DES_33              12.421    -0.154     -0.154       -0.207
CAR_30   WITH CAR_16              15.964     0.214      0.214        0.226
CAR_30   WITH CAR_20              11.156     0.175      0.175        0.194
CAR_30   WITH CAR_25               4.001     0.091      0.091        0.116
CAR_32   WITH DES_26               7.391     0.097      0.097        0.157
CAR_32   WITH CAR_23              14.526     0.135      0.135        0.236
CAR_32   WITH CAR_25              10.094     0.116      0.116        0.193
CAR_32   WITH CAR_30               8.368    -0.119     -0.119       -0.175
CAR_34   WITH DES_15               6.003    -0.092     -0.092       -0.140
CAR_34   WITH DES_29              20.890    -0.213     -0.213       -0.263
CAR_34   WITH CAR_25              11.032     0.152      0.152        0.191
CAR_34   WITH CAR_30              18.537     0.223      0.223        0.244
CAR_36   WITH DES_26               7.438    -0.097     -0.097       -0.163
CAR_36   WITH CAR_23               4.838    -0.078     -0.078       -0.142
CAR_36   WITH CAR_28               9.042     0.114      0.114        0.190
CAR_36   WITH CAR_30              14.895     0.159      0.159        0.242
SELF_19  WITH CAR_25              10.967    -0.130     -0.130       -0.192
SELF_19  WITH CAR_34               5.080    -0.101     -0.101       -0.129
SELF_22  WITH DES_24              11.104     0.142      0.142        0.190
SELF_22  WITH CAR_20               5.440    -0.100     -0.100       -0.135
SELF_22  WITH CAR_25               4.237    -0.077     -0.077       -0.119
SELF_22  WITH CAR_30               5.446    -0.099     -0.099       -0.134
SELF_22  WITH CAR_34               4.192    -0.088     -0.088       -0.117
SELF_22  WITH SELF_19             15.885     0.148      0.148        0.233
SELF_27  WITH DES_15               3.862    -0.064     -0.064       -0.134
SELF_27  WITH DES_21               4.801    -0.102     -0.102       -0.143
SELF_27  WITH DES_33               3.987    -0.075     -0.075       -0.137
SELF_27  WITH CAR_25               4.922     0.087      0.087        0.150
SELF_31  WITH SELF_22              5.840    -0.111     -0.111       -0.147
SELF_31  WITH SELF_27              4.843     0.116      0.116        0.172
SELF_35  WITH DES_24               8.787    -0.150     -0.150       -0.191
SELF_35  WITH DES_33               5.952    -0.104     -0.104       -0.161


TECHNICAL 1 OUTPUT


     TECHNICAL 1 OUTPUT FOR THE UNROTATED SOLUTION


     PARAMETER SPECIFICATION


           NU
              DES_15        DES_17        DES_21        DES_24        DES_26
              ________      ________      ________      ________      ________
                  1             2             3             4             5


           NU
              DES_29        DES_33        CAR_16        CAR_18        CAR_20
              ________      ________      ________      ________      ________
                  6             7             8             9            10


           NU
              CAR_23        CAR_25        CAR_28        CAR_30        CAR_32
              ________      ________      ________      ________      ________
                 11            12            13            14            15


           NU
              CAR_34        CAR_36        SELF_19       SELF_22       SELF_27
              ________      ________      ________      ________      ________
                 16            17            18            19            20


           NU
              SELF_31       SELF_35
              ________      ________
                 21            22


           LAMBDA
              F1            F2
              ________      ________
 DES_15            23             0
 DES_17            24            25
 DES_21            26            27
 DES_24            28            29
 DES_26            30            31
 DES_29            32            33
 DES_33            34            35
 CAR_16            36            37
 CAR_18            38            39
 CAR_20            40            41
 CAR_23            42            43
 CAR_25            44            45
 CAR_28            46            47
 CAR_30            48            49
 CAR_32            50            51
 CAR_34            52            53
 CAR_36            54            55
 SELF_19           56            57
 SELF_22           58            59
 SELF_27           60            61
 SELF_31           62            63
 SELF_35           64            65


           THETA
              DES_15        DES_17        DES_21        DES_24        DES_26
              ________      ________      ________      ________      ________
 DES_15            66
 DES_17             0            67
 DES_21             0             0            68
 DES_24             0             0             0            69
 DES_26             0             0             0             0            70
 DES_29             0             0             0             0             0
 DES_33             0             0             0             0             0
 CAR_16             0             0             0             0             0
 CAR_18             0             0             0             0             0
 CAR_20             0             0             0             0             0
 CAR_23             0             0             0             0             0
 CAR_25             0             0             0             0             0
 CAR_28             0             0             0             0             0
 CAR_30             0             0             0             0             0
 CAR_32             0             0             0             0             0
 CAR_34             0             0             0             0             0
 CAR_36             0             0             0             0             0
 SELF_19            0             0             0             0             0
 SELF_22            0             0             0             0             0
 SELF_27            0             0             0             0             0
 SELF_31            0             0             0             0             0
 SELF_35            0             0             0             0             0


           THETA
              DES_29        DES_33        CAR_16        CAR_18        CAR_20
              ________      ________      ________      ________      ________
 DES_29            71
 DES_33             0            72
 CAR_16             0             0            73
 CAR_18             0             0             0            74
 CAR_20             0             0             0             0            75
 CAR_23             0             0             0             0             0
 CAR_25             0             0             0             0             0
 CAR_28             0             0             0             0             0
 CAR_30             0             0             0             0             0
 CAR_32             0             0             0             0             0
 CAR_34             0             0             0             0             0
 CAR_36             0             0             0             0             0
 SELF_19            0             0             0             0             0
 SELF_22            0             0             0             0             0
 SELF_27            0             0             0             0             0
 SELF_31            0             0             0             0             0
 SELF_35            0             0             0             0             0


           THETA
              CAR_23        CAR_25        CAR_28        CAR_30        CAR_32
              ________      ________      ________      ________      ________
 CAR_23            76
 CAR_25             0            77
 CAR_28             0             0            78
 CAR_30             0             0             0            79
 CAR_32             0             0             0             0            80
 CAR_34             0             0             0             0             0
 CAR_36             0             0             0             0             0
 SELF_19            0             0             0             0             0
 SELF_22            0             0             0             0             0
 SELF_27            0             0             0             0             0
 SELF_31            0             0             0             0             0
 SELF_35            0             0             0             0             0


           THETA
              CAR_34        CAR_36        SELF_19       SELF_22       SELF_27
              ________      ________      ________      ________      ________
 CAR_34            81
 CAR_36             0            82
 SELF_19            0             0            83
 SELF_22            0             0             0            84
 SELF_27            0             0             0             0            85
 SELF_31            0             0             0             0             0
 SELF_35            0             0             0             0             0


           THETA
              SELF_31       SELF_35
              ________      ________
 SELF_31           86
 SELF_35            0            87


           ALPHA
              F1            F2
              ________      ________
                  0             0


           BETA
              F1            F2
              ________      ________
 F1                 0             0
 F2                 0             0


           PSI
              F1            F2
              ________      ________
 F1                 0
 F2                 0             0


     STARTING VALUES


           NU
              DES_15        DES_17        DES_21        DES_24        DES_26
              ________      ________      ________      ________      ________
                4.028         3.033         2.685         3.479         4.333


           NU
              DES_29        DES_33        CAR_16        CAR_18        CAR_20
              ________      ________      ________      ________      ________
                3.822         3.487         3.240         3.069         3.257


           NU
              CAR_23        CAR_25        CAR_28        CAR_30        CAR_32
              ________      ________      ________      ________      ________
                3.630         3.661         2.443         3.009         3.635


           NU
              CAR_34        CAR_36        SELF_19       SELF_22       SELF_27
              ________      ________      ________      ________      ________
                3.697         2.834         3.515         3.983         4.150


           NU
              SELF_31       SELF_35
              ________      ________
                3.530         3.815


           LAMBDA
              F1            F2
              ________      ________
 DES_15         0.670         0.000
 DES_17         0.641         0.142
 DES_21         0.466         0.129
 DES_24         0.675        -0.042
 DES_26         0.325         0.011
 DES_29         0.850        -0.016
 DES_33         0.840         0.095
 CAR_16         0.586         0.110
 CAR_18         0.851         0.367
 CAR_20         0.749         0.328
 CAR_23         0.676         0.366
 CAR_25         0.862         0.132
 CAR_28         0.590         0.365
 CAR_30         0.841         0.249
 CAR_32         0.888         0.320
 CAR_34         0.691        -0.052
 CAR_36         0.905         0.440
 SELF_19        0.409        -0.284
 SELF_22        0.396        -0.276
 SELF_27        0.432        -0.596
 SELF_31        0.548        -0.481
 SELF_35        0.503        -0.630


           THETA
              DES_15        DES_17        DES_21        DES_24        DES_26
              ________      ________      ________      ________      ________
 DES_15         0.466
 DES_17         0.000         0.994
 DES_21         0.000         0.000         1.039
 DES_24         0.000         0.000         0.000         0.916
 DES_26         0.000         0.000         0.000         0.000         0.736
 DES_29         0.000         0.000         0.000         0.000         0.000
 DES_33         0.000         0.000         0.000         0.000         0.000
 CAR_16         0.000         0.000         0.000         0.000         0.000
 CAR_18         0.000         0.000         0.000         0.000         0.000
 CAR_20         0.000         0.000         0.000         0.000         0.000
 CAR_23         0.000         0.000         0.000         0.000         0.000
 CAR_25         0.000         0.000         0.000         0.000         0.000
 CAR_28         0.000         0.000         0.000         0.000         0.000
 CAR_30         0.000         0.000         0.000         0.000         0.000
 CAR_32         0.000         0.000         0.000         0.000         0.000
 CAR_34         0.000         0.000         0.000         0.000         0.000
 CAR_36         0.000         0.000         0.000         0.000         0.000
 SELF_19        0.000         0.000         0.000         0.000         0.000
 SELF_22        0.000         0.000         0.000         0.000         0.000
 SELF_27        0.000         0.000         0.000         0.000         0.000
 SELF_31        0.000         0.000         0.000         0.000         0.000
 SELF_35        0.000         0.000         0.000         0.000         0.000


           THETA
              DES_29        DES_33        CAR_16        CAR_18        CAR_20
              ________      ________      ________      ________      ________
 DES_29         0.710
 DES_33         0.000         0.616
 CAR_16         0.000         0.000         1.006
 CAR_18         0.000         0.000         0.000         0.646
 CAR_20         0.000         0.000         0.000         0.000         0.899
 CAR_23         0.000         0.000         0.000         0.000         0.000
 CAR_25         0.000         0.000         0.000         0.000         0.000
 CAR_28         0.000         0.000         0.000         0.000         0.000
 CAR_30         0.000         0.000         0.000         0.000         0.000
 CAR_32         0.000         0.000         0.000         0.000         0.000
 CAR_34         0.000         0.000         0.000         0.000         0.000
 CAR_36         0.000         0.000         0.000         0.000         0.000
 SELF_19        0.000         0.000         0.000         0.000         0.000
 SELF_22        0.000         0.000         0.000         0.000         0.000
 SELF_27        0.000         0.000         0.000         0.000         0.000
 SELF_31        0.000         0.000         0.000         0.000         0.000
 SELF_35        0.000         0.000         0.000         0.000         0.000


           THETA
              CAR_23        CAR_25        CAR_28        CAR_30        CAR_32
              ________      ________      ________      ________      ________
 CAR_23         0.630
 CAR_25         0.000         0.689
 CAR_28         0.000         0.000         0.753
 CAR_30         0.000         0.000         0.000         0.898
 CAR_32         0.000         0.000         0.000         0.000         0.521
 CAR_34         0.000         0.000         0.000         0.000         0.000
 CAR_36         0.000         0.000         0.000         0.000         0.000
 SELF_19        0.000         0.000         0.000         0.000         0.000
 SELF_22        0.000         0.000         0.000         0.000         0.000
 SELF_27        0.000         0.000         0.000         0.000         0.000
 SELF_31        0.000         0.000         0.000         0.000         0.000
 SELF_35        0.000         0.000         0.000         0.000         0.000


           THETA
              CAR_34        CAR_36        SELF_19       SELF_22       SELF_27
              ________      ________      ________      ________      ________
 CAR_34         0.926
 CAR_36         0.000         0.481
 SELF_19        0.000         0.000         0.667
 SELF_22        0.000         0.000         0.000         0.609
 SELF_27        0.000         0.000         0.000         0.000         0.488
 SELF_31        0.000         0.000         0.000         0.000         0.000
 SELF_35        0.000         0.000         0.000         0.000         0.000


           THETA
              SELF_31       SELF_35
              ________      ________
 SELF_31        0.938
 SELF_35        0.000         0.676


           ALPHA
              F1            F2
              ________      ________
                0.000         0.000


           BETA
              F1            F2
              ________      ________
 F1             0.000         0.000
 F2             0.000         0.000


           PSI
              F1            F2
              ________      ________
 F1             1.000
 F2             0.000         1.000


     TECHNICAL 1 OUTPUT FOR THE ROTATED SOLUTION


     PARAMETER SPECIFICATION


           NU
              DES_15        DES_17        DES_21        DES_24        DES_26
              ________      ________      ________      ________      ________
                  1             2             3             4             5


           NU
              DES_29        DES_33        CAR_16        CAR_18        CAR_20
              ________      ________      ________      ________      ________
                  6             7             8             9            10


           NU
              CAR_23        CAR_25        CAR_28        CAR_30        CAR_32
              ________      ________      ________      ________      ________
                 11            12            13            14            15


           NU
              CAR_34        CAR_36        SELF_19       SELF_22       SELF_27
              ________      ________      ________      ________      ________
                 16            17            18            19            20


           NU
              SELF_31       SELF_35
              ________      ________
                 21            22


           LAMBDA
              F1            F2
              ________      ________
 DES_15            23            24
 DES_17            25            26
 DES_21            27            28
 DES_24            29            30
 DES_26            31            32
 DES_29            33            34
 DES_33            35            36
 CAR_16            37            38
 CAR_18            39            40
 CAR_20            41            42
 CAR_23            43            44
 CAR_25            45            46
 CAR_28            47            48
 CAR_30            49            50
 CAR_32            51            52
 CAR_34            53            54
 CAR_36            55            56
 SELF_19           57            58
 SELF_22           59            60
 SELF_27           61            62
 SELF_31           63            64
 SELF_35           65            66


           THETA
              DES_15        DES_17        DES_21        DES_24        DES_26
              ________      ________      ________      ________      ________
 DES_15            67
 DES_17             0            68
 DES_21             0             0            69
 DES_24             0             0             0            70
 DES_26             0             0             0             0            71
 DES_29             0             0             0             0             0
 DES_33             0             0             0             0             0
 CAR_16             0             0             0             0             0
 CAR_18             0             0             0             0             0
 CAR_20             0             0             0             0             0
 CAR_23             0             0             0             0             0
 CAR_25             0             0             0             0             0
 CAR_28             0             0             0             0             0
 CAR_30             0             0             0             0             0
 CAR_32             0             0             0             0             0
 CAR_34             0             0             0             0             0
 CAR_36             0             0             0             0             0
 SELF_19            0             0             0             0             0
 SELF_22            0             0             0             0             0
 SELF_27            0             0             0             0             0
 SELF_31            0             0             0             0             0
 SELF_35            0             0             0             0             0


           THETA
              DES_29        DES_33        CAR_16        CAR_18        CAR_20
              ________      ________      ________      ________      ________
 DES_29            72
 DES_33             0            73
 CAR_16             0             0            74
 CAR_18             0             0             0            75
 CAR_20             0             0             0             0            76
 CAR_23             0             0             0             0             0
 CAR_25             0             0             0             0             0
 CAR_28             0             0             0             0             0
 CAR_30             0             0             0             0             0
 CAR_32             0             0             0             0             0
 CAR_34             0             0             0             0             0
 CAR_36             0             0             0             0             0
 SELF_19            0             0             0             0             0
 SELF_22            0             0             0             0             0
 SELF_27            0             0             0             0             0
 SELF_31            0             0             0             0             0
 SELF_35            0             0             0             0             0


           THETA
              CAR_23        CAR_25        CAR_28        CAR_30        CAR_32
              ________      ________      ________      ________      ________
 CAR_23            77
 CAR_25             0            78
 CAR_28             0             0            79
 CAR_30             0             0             0            80
 CAR_32             0             0             0             0            81
 CAR_34             0             0             0             0             0
 CAR_36             0             0             0             0             0
 SELF_19            0             0             0             0             0
 SELF_22            0             0             0             0             0
 SELF_27            0             0             0             0             0
 SELF_31            0             0             0             0             0
 SELF_35            0             0             0             0             0


           THETA
              CAR_34        CAR_36        SELF_19       SELF_22       SELF_27
              ________      ________      ________      ________      ________
 CAR_34            82
 CAR_36             0            83
 SELF_19            0             0            84
 SELF_22            0             0             0            85
 SELF_27            0             0             0             0            86
 SELF_31            0             0             0             0             0
 SELF_35            0             0             0             0             0


           THETA
              SELF_31       SELF_35
              ________      ________
 SELF_31           87
 SELF_35            0            88


           ALPHA
              F1            F2
              ________      ________
                  0             0


           BETA
              F1            F2
              ________      ________
 F1                 0             0
 F2                 0             0


           PSI
              F1            F2
              ________      ________
 F1                 0
 F2                89             0


     STARTING VALUES


           NU
              DES_15        DES_17        DES_21        DES_24        DES_26
              ________      ________      ________      ________      ________
                4.028         3.033         2.685         3.479         4.333


           NU
              DES_29        DES_33        CAR_16        CAR_18        CAR_20
              ________      ________      ________      ________      ________
                3.822         3.487         3.240         3.069         3.257


           NU
              CAR_23        CAR_25        CAR_28        CAR_30        CAR_32
              ________      ________      ________      ________      ________
                3.630         3.661         2.443         3.009         3.635


           NU
              CAR_34        CAR_36        SELF_19       SELF_22       SELF_27
              ________      ________      ________      ________      ________
                3.697         2.834         3.515         3.983         4.150


           NU
              SELF_31       SELF_35
              ________      ________
                3.530         3.815


           LAMBDA
              F1            F2
              ________      ________
 DES_15         0.000         0.000
 DES_17         0.000         0.000
 DES_21         0.000         0.000
 DES_24         0.000         0.000
 DES_26         0.000         0.000
 DES_29         0.000         0.000
 DES_33         0.000         0.000
 CAR_16         0.000         0.000
 CAR_18         0.000         0.000
 CAR_20         0.000         0.000
 CAR_23         0.000         0.000
 CAR_25         0.000         0.000
 CAR_28         0.000         0.000
 CAR_30         0.000         0.000
 CAR_32         0.000         0.000
 CAR_34         0.000         0.000
 CAR_36         0.000         0.000
 SELF_19        0.000         0.000
 SELF_22        0.000         0.000
 SELF_27        0.000         0.000
 SELF_31        0.000         0.000
 SELF_35        0.000         0.000


           THETA
              DES_15        DES_17        DES_21        DES_24        DES_26
              ________      ________      ________      ________      ________
 DES_15         0.458
 DES_17         0.000         0.712
 DES_21         0.000         0.000         0.637
 DES_24         0.000         0.000         0.000         0.685
 DES_26         0.000         0.000         0.000         0.000         0.421
 DES_29         0.000         0.000         0.000         0.000         0.000
 DES_33         0.000         0.000         0.000         0.000         0.000
 CAR_16         0.000         0.000         0.000         0.000         0.000
 CAR_18         0.000         0.000         0.000         0.000         0.000
 CAR_20         0.000         0.000         0.000         0.000         0.000
 CAR_23         0.000         0.000         0.000         0.000         0.000
 CAR_25         0.000         0.000         0.000         0.000         0.000
 CAR_28         0.000         0.000         0.000         0.000         0.000
 CAR_30         0.000         0.000         0.000         0.000         0.000
 CAR_32         0.000         0.000         0.000         0.000         0.000
 CAR_34         0.000         0.000         0.000         0.000         0.000
 CAR_36         0.000         0.000         0.000         0.000         0.000
 SELF_19        0.000         0.000         0.000         0.000         0.000
 SELF_22        0.000         0.000         0.000         0.000         0.000
 SELF_27        0.000         0.000         0.000         0.000         0.000
 SELF_31        0.000         0.000         0.000         0.000         0.000
 SELF_35        0.000         0.000         0.000         0.000         0.000


           THETA
              DES_29        DES_33        CAR_16        CAR_18        CAR_20
              ________      ________      ________      ________      ________
 DES_29         0.719
 DES_33         0.000         0.669
 CAR_16         0.000         0.000         0.680
 CAR_18         0.000         0.000         0.000         0.752
 CAR_20         0.000         0.000         0.000         0.000         0.783
 CAR_23         0.000         0.000         0.000         0.000         0.000
 CAR_25         0.000         0.000         0.000         0.000         0.000
 CAR_28         0.000         0.000         0.000         0.000         0.000
 CAR_30         0.000         0.000         0.000         0.000         0.000
 CAR_32         0.000         0.000         0.000         0.000         0.000
 CAR_34         0.000         0.000         0.000         0.000         0.000
 CAR_36         0.000         0.000         0.000         0.000         0.000
 SELF_19        0.000         0.000         0.000         0.000         0.000
 SELF_22        0.000         0.000         0.000         0.000         0.000
 SELF_27        0.000         0.000         0.000         0.000         0.000
 SELF_31        0.000         0.000         0.000         0.000         0.000
 SELF_35        0.000         0.000         0.000         0.000         0.000


           THETA
              CAR_23        CAR_25        CAR_28        CAR_30        CAR_32
              ________      ________      ________      ________      ________
 CAR_23         0.612
 CAR_25         0.000         0.721
 CAR_28         0.000         0.000         0.616
 CAR_30         0.000         0.000         0.000         0.835
 CAR_32         0.000         0.000         0.000         0.000         0.709
 CAR_34         0.000         0.000         0.000         0.000         0.000
 CAR_36         0.000         0.000         0.000         0.000         0.000
 SELF_19        0.000         0.000         0.000         0.000         0.000
 SELF_22        0.000         0.000         0.000         0.000         0.000
 SELF_27        0.000         0.000         0.000         0.000         0.000
 SELF_31        0.000         0.000         0.000         0.000         0.000
 SELF_35        0.000         0.000         0.000         0.000         0.000


           THETA
              CAR_34        CAR_36        SELF_19       SELF_22       SELF_27
              ________      ________      ________      ________      ________
 CAR_34         0.704
 CAR_36         0.000         0.750
 SELF_19        0.000         0.000         0.458
 SELF_22        0.000         0.000         0.000         0.421
 SELF_27        0.000         0.000         0.000         0.000         0.514
 SELF_31        0.000         0.000         0.000         0.000         0.000
 SELF_35        0.000         0.000         0.000         0.000         0.000


           THETA
              SELF_31       SELF_35
              ________      ________
 SELF_31        0.738
 SELF_35        0.000         0.662


           ALPHA
              F1            F2
              ________      ________
                0.000         0.000


           BETA
              F1            F2
              ________      ________
 F1             0.000         0.000
 F2             0.000         0.000


           PSI
              F1            F2
              ________      ________
 F1             1.000
 F2             0.000         1.000


     Beginning Time:  13:15:05
        Ending Time:  13:15:06
       Elapsed Time:  00:00:01



MUTHEN & MUTHEN
3463 Stoner Ave.
Los Angeles, CA  90066

Tel: (310) 391-9971
Fax: (310) 391-8971
Web: www.StatModel.com
Support: Support@StatModel.com

Copyright (c) 1998-2017 Muthen & Muthen
