Mplus VERSION 8 (Mac)
MUTHEN & MUTHEN
11/04/2017  12:05 PM

INPUT INSTRUCTIONS

  TITLE:
  Title: EFA of 2-factor solution using ESEM considering indicators as continuous;
  DATA:
  FILE = "../data/06_Analayses_EfaSEMContGeo.2.csv";

  VARIABLE:
  NAMES = Des_15 Des_17 Des_21 Des_24 Des_26 Des_29 Des_33 Car_16 Car_18 Car_20 Car_23
       Car_25 Car_28 Car_30 Car_32 Car_34 Car_36 Self_19 Self_22 Self_27 Self_31
       Self_35;
   MISSING=.;

    Missing are all (-99, -9, -8, -1);,
    USEVARIABLES =    Des_15  Des_17  Des_21
                      Des_24 Des_26  Des_29
                      Des_33  Car_16 Car_18
                      Car_20  Car_23  Car_25
                      Car_28  Car_30  Car_32
                      Car_34 Car_36  Self_19
                      Self_22 Self_27 Self_31
                      Self_35;
  ANALYSIS:
   ROTATION = TARGET;
  MODEL:

    f1-f2 BY Des_15  Des_17  Des_21  Des_24
    Des_26  Des_29  Des_33  Car_16
    Car_18  Car_20  Car_23  Car_25
    Car_28  Car_30  Car_32  Car_34
    Car_36  Self_19 Self_22 Self_27
    Self_31 Self_35 (*1);
  OUTPUT:
  SAMPSTAT MODINDICES(3.8) STANDARDIZED tech1;



*** WARNING in MODEL command
  Fewer than 2 loadings have been given target values in EFA set *1.
  The model may not be identified.
*** WARNING
  Data set contains cases with missing on all variables.
  These cases were not included in the analysis.
  Number of cases with missing on all variables:  10
   2 WARNING(S) FOUND IN THE INPUT INSTRUCTIONS




EFA of 2-factor solution using ESEM considering indicators as continuous;

SUMMARY OF ANALYSIS

Number of groups                                                 1
Number of observations                                         467

Number of dependent variables                                   22
Number of independent variables                                  0
Number of continuous latent variables                            2

Observed dependent variables

  Continuous
   DES_15      DES_17      DES_21      DES_24      DES_26      DES_29
   DES_33      CAR_16      CAR_18      CAR_20      CAR_23      CAR_25
   CAR_28      CAR_30      CAR_32      CAR_34      CAR_36      SELF_19
   SELF_22     SELF_27     SELF_31     SELF_35

Continuous latent variables

  EFA factors
  *1:   F1          F2


Estimator                                                       ML
Rotation                                                    TARGET
Row standardization                                    CORRELATION
Type of rotation                                           OBLIQUE
Information matrix                                        OBSERVED
Maximum number of iterations                                  1000
Convergence criterion                                    0.500D-04
Maximum number of steepest descent iterations                   20
Maximum number of iterations for H1                           2000
Convergence criterion for H1                             0.100D-03
Optimization Specifications for the Exploratory Factor Analysis
Rotation Algorithm
  Number of random starts                                       30
  Maximum number of iterations                             1000000
  Derivative convergence criterion                       0.100D-04

Input data file(s)
  ../data/06_Analayses_EfaSEMContGeo.2.csv

Input data format  FREE


SUMMARY OF DATA

     Number of missing data patterns            54


COVARIANCE COVERAGE OF DATA

Minimum covariance coverage value   0.100


     PROPORTION OF DATA PRESENT


           Covariance Coverage
              DES_15        DES_17        DES_21        DES_24        DES_26
              ________      ________      ________      ________      ________
 DES_15         0.994
 DES_17         0.959         0.966
 DES_21         0.985         0.957         0.991
 DES_24         0.972         0.944         0.970         0.979
 DES_26         0.983         0.955         0.981         0.968         0.989
 DES_29         0.979         0.953         0.976         0.964         0.974
 DES_33         0.961         0.936         0.961         0.949         0.957
 CAR_16         0.968         0.949         0.966         0.957         0.964
 CAR_18         0.981         0.953         0.979         0.968         0.976
 CAR_20         0.961         0.936         0.959         0.946         0.959
 CAR_23         0.983         0.957         0.981         0.970         0.979
 CAR_25         0.979         0.955         0.976         0.964         0.976
 CAR_28         0.981         0.953         0.979         0.968         0.976
 CAR_30         0.981         0.953         0.979         0.966         0.976
 CAR_32         0.979         0.951         0.976         0.966         0.976
 CAR_34         0.974         0.946         0.972         0.961         0.970
 CAR_36         0.987         0.961         0.985         0.974         0.983
 SELF_19        0.983         0.959         0.981         0.970         0.979
 SELF_22        0.985         0.957         0.983         0.972         0.981
 SELF_27        0.979         0.951         0.976         0.964         0.974
 SELF_31        0.979         0.951         0.976         0.964         0.979
 SELF_35        0.979         0.951         0.976         0.968         0.974


           Covariance Coverage
              DES_29        DES_33        CAR_16        CAR_18        CAR_20
              ________      ________      ________      ________      ________
 DES_29         0.985
 DES_33         0.955         0.968
 CAR_16         0.959         0.942         0.974
 CAR_18         0.972         0.955         0.961         0.987
 CAR_20         0.953         0.936         0.946         0.955         0.968
 CAR_23         0.974         0.957         0.966         0.976         0.959
 CAR_25         0.970         0.953         0.961         0.972         0.953
 CAR_28         0.972         0.957         0.961         0.976         0.955
 CAR_30         0.974         0.955         0.961         0.974         0.955
 CAR_32         0.970         0.959         0.959         0.972         0.955
 CAR_34         0.966         0.953         0.955         0.968         0.951
 CAR_36         0.979         0.964         0.968         0.981         0.961
 SELF_19        0.976         0.959         0.966         0.976         0.957
 SELF_22        0.976         0.959         0.970         0.979         0.959
 SELF_27        0.970         0.953         0.959         0.972         0.953
 SELF_31        0.970         0.957         0.959         0.974         0.955
 SELF_35        0.970         0.955         0.961         0.972         0.955


           Covariance Coverage
              CAR_23        CAR_25        CAR_28        CAR_30        CAR_32
              ________      ________      ________      ________      ________
 CAR_23         0.989
 CAR_25         0.974         0.985
 CAR_28         0.979         0.972         0.987
 CAR_30         0.979         0.974         0.974         0.987
 CAR_32         0.974         0.970         0.976         0.974         0.985
 CAR_34         0.970         0.966         0.968         0.970         0.970
 CAR_36         0.983         0.979         0.981         0.981         0.981
 SELF_19        0.979         0.974         0.976         0.976         0.974
 SELF_22        0.983         0.976         0.979         0.979         0.976
 SELF_27        0.974         0.972         0.972         0.974         0.970
 SELF_31        0.974         0.970         0.974         0.972         0.974
 SELF_35        0.976         0.970         0.972         0.972         0.972


           Covariance Coverage
              CAR_34        CAR_36        SELF_19       SELF_22       SELF_27
              ________      ________      ________      ________      ________
 CAR_34         0.981
 CAR_36         0.976         0.994
 SELF_19        0.970         0.983         0.989
 SELF_22        0.972         0.985         0.981         0.991
 SELF_27        0.966         0.979         0.976         0.976         0.985
 SELF_31        0.966         0.979         0.974         0.976         0.970
 SELF_35        0.972         0.981         0.974         0.979         0.970


           Covariance Coverage
              SELF_31       SELF_35
              ________      ________
 SELF_31        0.985
 SELF_35        0.970         0.985


SAMPLE STATISTICS


     ESTIMATED SAMPLE STATISTICS


           Means
              DES_15        DES_17        DES_21        DES_24        DES_26
              ________      ________      ________      ________      ________
                4.031         3.033         2.685         3.489         4.331


           Means
              DES_29        DES_33        CAR_16        CAR_18        CAR_20
              ________      ________      ________      ________      ________
                3.818         3.477         3.246         3.073         3.244


           Means
              CAR_23        CAR_25        CAR_28        CAR_30        CAR_32
              ________      ________      ________      ________      ________
                3.630         3.667         2.437         3.008         3.635


           Means
              CAR_34        CAR_36        SELF_19       SELF_22       SELF_27
              ________      ________      ________      ________      ________
                3.687         2.836         3.518         3.982         4.147


           Means
              SELF_31       SELF_35
              ________      ________
                3.530         3.817


           Covariances
              DES_15        DES_17        DES_21        DES_24        DES_26
              ________      ________      ________      ________      ________
 DES_15         0.915
 DES_17         0.457         1.425
 DES_21         0.295         0.601         1.272
 DES_24         0.450         0.504         0.439         1.374
 DES_26         0.237         0.269         0.185         0.227         0.842
 DES_29         0.707         0.625         0.350         0.586         0.285
 DES_33         0.670         0.602         0.463         0.589         0.389
 CAR_16         0.351         0.293         0.111         0.266         0.156
 CAR_18         0.517         0.664         0.504         0.585         0.290
 CAR_20         0.486         0.439         0.298         0.432         0.168
 CAR_23         0.407         0.497         0.367         0.526         0.278
 CAR_25         0.593         0.519         0.290         0.535         0.173
 CAR_28         0.447         0.406         0.430         0.423         0.239
 CAR_30         0.499         0.493         0.329         0.469         0.117
 CAR_32         0.599         0.565         0.416         0.571         0.375
 CAR_34         0.376         0.401         0.253         0.456         0.292
 CAR_36         0.576         0.610         0.485         0.545         0.222
 SELF_19        0.287         0.181         0.220         0.350         0.101
 SELF_22        0.247         0.253         0.208         0.405         0.147
 SELF_27        0.251         0.159         0.060         0.288         0.089
 SELF_31        0.324         0.217         0.215         0.480         0.177
 SELF_35        0.348         0.246         0.186         0.261         0.178


           Covariances
              DES_29        DES_33        CAR_16        CAR_18        CAR_20
              ________      ________      ________      ________      ________
 DES_29         1.433
 DES_33         0.833         1.331
 CAR_16         0.462         0.478         1.362
 CAR_18         0.734         0.732         0.461         1.504
 CAR_20         0.587         0.635         0.706         0.755         1.567
 CAR_23         0.540         0.518         0.386         0.779         0.589
 CAR_25         0.706         0.728         0.627         0.722         0.816
 CAR_28         0.484         0.536         0.358         0.677         0.510
 CAR_30         0.658         0.603         0.722         0.844         0.860
 CAR_32         0.726         0.741         0.490         0.833         0.727
 CAR_34         0.402         0.582         0.486         0.530         0.582
 CAR_36         0.742         0.796         0.624         0.936         0.817
 SELF_19        0.390         0.327         0.197         0.258         0.192
 SELF_22        0.360         0.326         0.132         0.291         0.120
 SELF_27        0.353         0.259         0.198         0.171         0.163
 SELF_31        0.419         0.397         0.337         0.279         0.290
 SELF_35        0.418         0.293         0.249         0.190         0.136


           Covariances
              CAR_23        CAR_25        CAR_28        CAR_30        CAR_32
              ________      ________      ________      ________      ________
 CAR_23         1.220
 CAR_25         0.670         1.450
 CAR_28         0.487         0.420         1.234
 CAR_30         0.648         0.837         0.530         1.668
 CAR_32         0.819         0.899         0.625         0.733         1.412
 CAR_34         0.429         0.728         0.359         0.765         0.622
 CAR_36         0.722         0.790         0.776         0.983         0.977
 SELF_19        0.198         0.206         0.163         0.275         0.229
 SELF_22        0.189         0.240         0.164         0.178         0.305
 SELF_27        0.077         0.349         0.016         0.248         0.181
 SELF_31        0.183         0.358         0.115         0.387         0.353
 SELF_35        0.098         0.370         0.097         0.314         0.260


           Covariances
              CAR_34        CAR_36        SELF_19       SELF_22       SELF_27
              ________      ________      ________      ________      ________
 CAR_34         1.407
 CAR_36         0.572         1.495
 SELF_19        0.208         0.283         0.916
 SELF_22        0.209         0.211         0.365         0.842
 SELF_27        0.365         0.154         0.326         0.326         1.030
 SELF_31        0.473         0.313         0.336         0.265         0.580
 SELF_35        0.432         0.184         0.385         0.373         0.613


           Covariances
              SELF_31       SELF_35
              ________      ________
 SELF_31        1.470
 SELF_35        0.577         1.326


           Correlations
              DES_15        DES_17        DES_21        DES_24        DES_26
              ________      ________      ________      ________      ________
 DES_15         1.000
 DES_17         0.400         1.000
 DES_21         0.273         0.446         1.000
 DES_24         0.401         0.361         0.332         1.000
 DES_26         0.270         0.246         0.179         0.211         1.000
 DES_29         0.618         0.437         0.259         0.417         0.259
 DES_33         0.607         0.437         0.356         0.435         0.367
 CAR_16         0.315         0.210         0.084         0.194         0.146
 CAR_18         0.440         0.453         0.365         0.407         0.258
 CAR_20         0.406         0.294         0.211         0.294         0.146
 CAR_23         0.385         0.377         0.295         0.406         0.275
 CAR_25         0.514         0.361         0.214         0.379         0.157
 CAR_28         0.421         0.306         0.343         0.325         0.235
 CAR_30         0.404         0.319         0.226         0.310         0.099
 CAR_32         0.527         0.399         0.311         0.410         0.344
 CAR_34         0.331         0.283         0.189         0.328         0.268
 CAR_36         0.492         0.418         0.352         0.380         0.198
 SELF_19        0.313         0.159         0.204         0.312         0.115
 SELF_22        0.281         0.231         0.201         0.376         0.174
 SELF_27        0.258         0.131         0.052         0.242         0.096
 SELF_31        0.280         0.150         0.157         0.338         0.159
 SELF_35        0.316         0.179         0.144         0.194         0.168


           Correlations
              DES_29        DES_33        CAR_16        CAR_18        CAR_20
              ________      ________      ________      ________      ________
 DES_29         1.000
 DES_33         0.603         1.000
 CAR_16         0.331         0.355         1.000
 CAR_18         0.500         0.518         0.322         1.000
 CAR_20         0.392         0.439         0.483         0.492         1.000
 CAR_23         0.409         0.407         0.300         0.575         0.426
 CAR_25         0.490         0.524         0.446         0.489         0.542
 CAR_28         0.364         0.419         0.277         0.497         0.367
 CAR_30         0.425         0.404         0.479         0.533         0.532
 CAR_32         0.511         0.541         0.353         0.572         0.489
 CAR_34         0.283         0.426         0.351         0.364         0.392
 CAR_36         0.507         0.564         0.437         0.624         0.534
 SELF_19        0.341         0.296         0.177         0.220         0.160
 SELF_22        0.328         0.308         0.123         0.258         0.104
 SELF_27        0.290         0.221         0.167         0.138         0.129
 SELF_31        0.288         0.284         0.238         0.188         0.191
 SELF_35        0.303         0.220         0.186         0.134         0.094


           Correlations
              CAR_23        CAR_25        CAR_28        CAR_30        CAR_32
              ________      ________      ________      ________      ________
 CAR_23         1.000
 CAR_25         0.504         1.000
 CAR_28         0.397         0.314         1.000
 CAR_30         0.454         0.538         0.369         1.000
 CAR_32         0.624         0.628         0.474         0.478         1.000
 CAR_34         0.327         0.510         0.272         0.499         0.441
 CAR_36         0.534         0.537         0.572         0.622         0.673
 SELF_19        0.187         0.178         0.153         0.223         0.202
 SELF_22        0.187         0.217         0.161         0.150         0.280
 SELF_27        0.068         0.286         0.014         0.189         0.150
 SELF_31        0.137         0.245         0.085         0.247         0.245
 SELF_35        0.077         0.267         0.076         0.211         0.190


           Correlations
              CAR_34        CAR_36        SELF_19       SELF_22       SELF_27
              ________      ________      ________      ________      ________
 CAR_34         1.000
 CAR_36         0.395         1.000
 SELF_19        0.183         0.242         1.000
 SELF_22        0.192         0.188         0.415         1.000
 SELF_27        0.303         0.124         0.335         0.351         1.000
 SELF_31        0.329         0.211         0.289         0.238         0.471
 SELF_35        0.316         0.130         0.350         0.353         0.524


           Correlations
              SELF_31       SELF_35
              ________      ________
 SELF_31        1.000
 SELF_35        0.413         1.000


     MAXIMUM LOG-LIKELIHOOD VALUE FOR THE UNRESTRICTED (H1) MODEL IS -13289.376


UNIVARIATE SAMPLE STATISTICS


     UNIVARIATE HIGHER-ORDER MOMENT DESCRIPTIVE STATISTICS

         Variable/         Mean/     Skewness/   Minimum/ % with                Percentiles
        Sample Size      Variance    Kurtosis    Maximum  Min/Max      20%/60%    40%/80%    Median

     DES_15                4.028      -0.957       1.000    2.37%       3.000      4.000      4.000
             464.000       0.915       0.764       5.000   36.42%       4.000      5.000
     DES_17                3.033      -0.158       1.000   13.30%       2.000      3.000      3.000
             451.000       1.425      -0.869       5.000   10.64%       3.000      4.000
     DES_21                2.685       0.244       1.000   16.20%       2.000      2.000      3.000
             463.000       1.274      -0.663       5.000    6.70%       3.000      4.000
     DES_24                3.479      -0.441       1.000    6.78%       2.000      3.000      4.000
             457.000       1.370      -0.640       5.000   21.66%       4.000      5.000
     DES_26                4.333      -1.632       1.000    2.38%       4.000      4.000      5.000
             462.000       0.841       2.734       5.000   54.76%       5.000      5.000
     DES_29                3.822      -0.812       1.000    5.87%       3.000      4.000      4.000
             460.000       1.438      -0.293       5.000   37.17%       4.000      5.000
     DES_33                3.487      -0.388       1.000    6.86%       3.000      3.000      3.000
             452.000       1.338      -0.545       5.000   23.23%       4.000      5.000
     CAR_16                3.240      -0.158       1.000    9.23%       2.000      3.000      3.000
             455.000       1.360      -0.620       5.000   17.58%       3.000      4.000
     CAR_18                3.069       0.023       1.000   11.28%       2.000      3.000      3.000
             461.000       1.505      -0.910       5.000   16.05%       3.000      4.000
     CAR_20                3.257      -0.168       1.000   10.62%       2.000      3.000      3.000
             452.000       1.567      -0.894       5.000   21.24%       4.000      5.000
     CAR_23                3.630      -0.584       1.000    5.41%       3.000      3.000      4.000
             462.000       1.224      -0.248       5.000   24.46%       4.000      5.000
     CAR_25                3.661      -0.487       1.000    5.65%       3.000      3.000      4.000
             460.000       1.442      -0.700       5.000   33.04%       4.000      5.000
     CAR_28                2.443       0.378       1.000   23.86%       1.000      2.000      2.000
             461.000       1.232      -0.552       5.000    4.56%       3.000      3.000
     CAR_30                3.009       0.086       1.000   14.53%       2.000      3.000      3.000
             461.000       1.670      -0.995       5.000   18.22%       3.000      4.000
     CAR_32                3.635      -0.564       1.000    6.30%       3.000      3.000      4.000
             460.000       1.419      -0.565       5.000   29.13%       4.000      5.000
     CAR_34                3.697      -0.637       1.000    6.55%       3.000      3.000      4.000
             458.000       1.408      -0.410       5.000   31.88%       4.000      5.000
     CAR_36                2.834       0.206       1.000   16.59%       2.000      3.000      3.000
             464.000       1.500      -0.735       5.000   13.15%       3.000      4.000
     SELF_19               3.515      -0.236       1.000    2.60%       3.000      3.000      3.000
             462.000       0.916      -0.185       5.000   16.45%       4.000      4.000
     SELF_22               3.983      -1.039       1.000    2.59%       3.000      4.000      4.000
             463.000       0.842       1.324       5.000   30.02%       4.000      5.000
     SELF_27               4.150      -1.205       1.000    2.83%       3.000      4.000      4.000
             460.000       1.027       0.997       5.000   47.17%       5.000      5.000
     SELF_31               3.530      -0.479       1.000    7.61%       2.000      3.000      4.000
             460.000       1.475      -0.679       5.000   26.09%       4.000      5.000
     SELF_35               3.815      -0.791       1.000    5.43%       3.000      4.000      4.000
             460.000       1.325      -0.138       5.000   34.78%       4.000      5.000


THE MODEL ESTIMATION TERMINATED NORMALLY

     PROBLEM OCCURRED IN THE COMPUTATION OF THE STANDARD ERRORS OF THE ROTATED SOLUTION.


     THE CONDITION NUMBER OF THE ROTATED SOLUTION IS 0.000D+00.
     THE OPTIMAL ROTATION IS NOT SUFFICIENTLY IDENTIFIED.

     THE PROBLEM MAY BE RESOLVED BY ADDING MORE TARGETS FOR FACTOR F1.




MODEL RESULTS

                    Estimate

 F1       BY
    DES_15             0.671
    DES_17             0.639
    DES_21             0.468
    DES_24             0.673
    DES_26             0.328
    DES_29             0.852
    DES_33             0.839
    CAR_16             0.590
    CAR_18             0.848
    CAR_20             0.746
    CAR_23             0.674
    CAR_25             0.856
    CAR_28             0.588
    CAR_30             0.837
    CAR_32             0.887
    CAR_34             0.689
    CAR_36             0.905
    SELF_19            0.410
    SELF_22            0.397
    SELF_27            0.435
    SELF_31            0.551
    SELF_35            0.503

 F2       BY
    DES_15             0.000
    DES_17             0.142
    DES_21             0.129
    DES_24            -0.039
    DES_26             0.016
    DES_29            -0.015
    DES_33             0.096
    CAR_16             0.116
    CAR_18             0.372
    CAR_20             0.329
    CAR_23             0.370
    CAR_25             0.135
    CAR_28             0.367
    CAR_30             0.253
    CAR_32             0.330
    CAR_34            -0.046
    CAR_36             0.445
    SELF_19           -0.285
    SELF_22           -0.276
    SELF_27           -0.596
    SELF_31           -0.477
    SELF_35           -0.626

 F2       WITH
    F1                 0.000

 Intercepts
    DES_15             4.030
    DES_17             3.038
    DES_21             2.683
    DES_24             3.486
    DES_26             4.332
    DES_29             3.817
    DES_33             3.480
    CAR_16             3.241
    CAR_18             3.074
    CAR_20             3.246
    CAR_23             3.630
    CAR_25             3.662
    CAR_28             2.438
    CAR_30             3.009
    CAR_32             3.636
    CAR_34             3.693
    CAR_36             2.835
    SELF_19            3.516
    SELF_22            3.983
    SELF_27            4.149
    SELF_31            3.534
    SELF_35            3.815

 Variances
    F1                 1.000
    F2                 1.000

 Residual Variances
    DES_15             0.466
    DES_17             0.990
    DES_21             1.039
    DES_24             0.915
    DES_26             0.733
    DES_29             0.710
    DES_33             0.617
    CAR_16             1.000
    CAR_18             0.646
    CAR_20             0.901
    CAR_23             0.630
    CAR_25             0.687
    CAR_28             0.754
    CAR_30             0.900
    CAR_32             0.520
    CAR_34             0.927
    CAR_36             0.478
    SELF_19            0.666
    SELF_22            0.608
    SELF_27            0.488
    SELF_31            0.940
    SELF_35            0.678


STANDARDIZED MODEL RESULTS

                      StdYX       StdY        Std
                    Estimate   Estimate   Estimate

 F1       BY
    DES_15             0.701      0.701      0.671
    DES_17             0.537      0.537      0.639
    DES_21             0.415      0.415      0.468
    DES_24             0.575      0.575      0.673
    DES_26             0.357      0.357      0.328
    DES_29             0.711      0.711      0.852
    DES_33             0.728      0.728      0.839
    CAR_16             0.506      0.506      0.590
    CAR_18             0.692      0.692      0.848
    CAR_20             0.596      0.596      0.746
    CAR_23             0.610      0.610      0.674
    CAR_25             0.714      0.714      0.856
    CAR_28             0.529      0.529      0.588
    CAR_30             0.649      0.649      0.837
    CAR_32             0.746      0.746      0.887
    CAR_34             0.582      0.582      0.689
    CAR_36             0.740      0.740      0.905
    SELF_19            0.429      0.429      0.410
    SELF_22            0.432      0.432      0.397
    SELF_27            0.428      0.428      0.435
    SELF_31            0.454      0.454      0.551
    SELF_35            0.437      0.437      0.503

 F2       BY
    DES_15             0.000      0.000      0.000
    DES_17             0.119      0.119      0.142
    DES_21             0.114      0.114      0.129
    DES_24            -0.033     -0.033     -0.039
    DES_26             0.018      0.018      0.016
    DES_29            -0.013     -0.013     -0.015
    DES_33             0.083      0.083      0.096
    CAR_16             0.099      0.099      0.116
    CAR_18             0.303      0.303      0.372
    CAR_20             0.263      0.263      0.329
    CAR_23             0.335      0.335      0.370
    CAR_25             0.113      0.113      0.135
    CAR_28             0.331      0.331      0.367
    CAR_30             0.196      0.196      0.253
    CAR_32             0.277      0.277      0.330
    CAR_34            -0.039     -0.039     -0.046
    CAR_36             0.364      0.364      0.445
    SELF_19           -0.297     -0.297     -0.285
    SELF_22           -0.300     -0.300     -0.276
    SELF_27           -0.587     -0.587     -0.596
    SELF_31           -0.394     -0.394     -0.477
    SELF_35           -0.544     -0.544     -0.626

 F2       WITH
    F1                 0.000      0.000      0.000

 Intercepts
    DES_15             4.210      4.210      4.030
    DES_17             2.551      2.551      3.038
    DES_21             2.376      2.376      2.683
    DES_24             2.979      2.979      3.486
    DES_26             4.725      4.725      4.332
    DES_29             3.185      3.185      3.817
    DES_33             3.016      3.016      3.480
    CAR_16             2.777      2.777      3.241
    CAR_18             2.507      2.507      3.074
    CAR_20             2.594      2.594      3.246
    CAR_23             3.285      3.285      3.630
    CAR_25             3.054      3.054      3.662
    CAR_28             2.195      2.195      2.438
    CAR_30             2.332      2.332      3.009
    CAR_32             3.056      3.056      3.636
    CAR_34             3.116      3.116      3.693
    CAR_36             2.319      2.319      2.835
    SELF_19            3.674      3.674      3.516
    SELF_22            4.341      4.341      3.983
    SELF_27            4.084      4.084      4.149
    SELF_31            2.914      2.914      3.534
    SELF_35            3.316      3.316      3.815

 Variances
    F1                 1.000      1.000      1.000
    F2                 1.000      1.000      1.000

 Residual Variances
    DES_15             0.508      0.508      0.466
    DES_17             0.698      0.698      0.990
    DES_21             0.815      0.815      1.039
    DES_24             0.668      0.668      0.915
    DES_26             0.872      0.872      0.733
    DES_29             0.494      0.494      0.710
    DES_33             0.464      0.464      0.617
    CAR_16             0.734      0.734      1.000
    CAR_18             0.430      0.430      0.646
    CAR_20             0.575      0.575      0.901
    CAR_23             0.516      0.516      0.630
    CAR_25             0.478      0.478      0.687
    CAR_28             0.611      0.611      0.754
    CAR_30             0.541      0.541      0.900
    CAR_32             0.367      0.367      0.520
    CAR_34             0.660      0.660      0.927
    CAR_36             0.320      0.320      0.478
    SELF_19            0.728      0.728      0.666
    SELF_22            0.723      0.723      0.608
    SELF_27            0.473      0.473      0.488
    SELF_31            0.639      0.639      0.940
    SELF_35            0.512      0.512      0.678


CFA MODEL COMMAND WITH FINAL ROTATED ESTIMATES USED AS STARTING VALUES

     f1 BY des_15*0.67119;
     f1 BY des_17*0.63915;
     f1 BY des_21*0.46809;
     f1 BY des_24*0.67277;
     f1 BY des_26*0.32771;
     f1 BY des_29*0.85177;
     f1 BY des_33*0.83937;
     f1 BY car_16*0.59015;
     f1 BY car_18*0.84809;
     f1 BY car_20*0.74640;
     f1 BY car_23*0.67397;
     f1 BY car_25*0.85554;
     f1 BY car_28*0.58784;
     f1 BY car_30*0.83685;
     f1 BY car_32*0.88730;
     f1 BY car_34*0.68943;
     f1 BY car_36*0.90486;
     f1 BY self_19*0.41037;
     f1 BY self_22*0.39662;
     f1 BY self_27*0.43473;
     f1 BY self_31*0.55060;
     f1 BY self_35*0.50330;
     f2 BY des_15*0;
     f2 BY des_17*0.14214;
     f2 BY des_21*0.12894;
     f2 BY des_24*-0.03912;
     f2 BY des_26*0.01638;
     f2 BY des_29*-0.01499;
     f2 BY des_33*0.09550;
     f2 BY car_16*0.11581;
     f2 BY car_18*0.37152;
     f2 BY car_20*0.32927;
     f2 BY car_23*0.36968;
     f2 BY car_25*0.13542;
     f2 BY car_28*0.36726;
     f2 BY car_30*0.25259;
     f2 BY car_32*0.32958;
     f2 BY car_34*-0.04616;
     f2 BY car_36*0.44548;
     f2 BY self_19*-0.28451;
     f2 BY self_22*-0.27558;
     f2 BY self_27*-0.59602;
     f2 BY self_31*-0.47725;
     f2 BY self_35*-0.62638;

     f2 WITH f1*0;

     [ des_15*4.02975 ];
     [ des_17*3.03774 ];
     [ des_21*2.68267 ];
     [ des_24*3.48595 ];
     [ des_26*4.33249 ];
     [ des_29*3.81662 ];
     [ des_33*3.47956 ];
     [ car_16*3.24091 ];
     [ car_18*3.07369 ];
     [ car_20*3.24644 ];
     [ car_23*3.62981 ];
     [ car_25*3.66210 ];
     [ car_28*2.43847 ];
     [ car_30*3.00876 ];
     [ car_32*3.63579 ];
     [ car_34*3.69335 ];
     [ car_36*2.83507 ];
     [ self_19*3.51594 ];
     [ self_22*3.98268 ];
     [ self_27*4.14884 ];
     [ self_31*3.53375 ];
     [ self_35*3.81523 ];

     des_15*0.46565;
     des_17*0.98957;
     des_21*1.03905;
     des_24*0.91513;
     des_26*0.73298;
     des_29*0.70991;
     des_33*0.61709;
     car_16*0.99994;
     car_18*0.64622;
     car_20*0.90115;
     car_23*0.63022;
     car_25*0.68717;
     car_28*0.75373;
     car_30*0.90032;
     car_32*0.51970;
     car_34*0.92701;
     car_36*0.47788;
     self_19*0.66627;
     self_22*0.60849;
     self_27*0.48795;
     self_31*0.93967;
     self_35*0.67813;
     f1@1;
     f2@1;



TECHNICAL 1 OUTPUT


     TECHNICAL 1 OUTPUT FOR THE UNROTATED SOLUTION


     PARAMETER SPECIFICATION


           NU
              DES_15        DES_17        DES_21        DES_24        DES_26
              ________      ________      ________      ________      ________
                  1             2             3             4             5


           NU
              DES_29        DES_33        CAR_16        CAR_18        CAR_20
              ________      ________      ________      ________      ________
                  6             7             8             9            10


           NU
              CAR_23        CAR_25        CAR_28        CAR_30        CAR_32
              ________      ________      ________      ________      ________
                 11            12            13            14            15


           NU
              CAR_34        CAR_36        SELF_19       SELF_22       SELF_27
              ________      ________      ________      ________      ________
                 16            17            18            19            20


           NU
              SELF_31       SELF_35
              ________      ________
                 21            22


           LAMBDA
              F1            F2
              ________      ________
 DES_15            23             0
 DES_17            24            25
 DES_21            26            27
 DES_24            28            29
 DES_26            30            31
 DES_29            32            33
 DES_33            34            35
 CAR_16            36            37
 CAR_18            38            39
 CAR_20            40            41
 CAR_23            42            43
 CAR_25            44            45
 CAR_28            46            47
 CAR_30            48            49
 CAR_32            50            51
 CAR_34            52            53
 CAR_36            54            55
 SELF_19           56            57
 SELF_22           58            59
 SELF_27           60            61
 SELF_31           62            63
 SELF_35           64            65


           THETA
              DES_15        DES_17        DES_21        DES_24        DES_26
              ________      ________      ________      ________      ________
 DES_15            66
 DES_17             0            67
 DES_21             0             0            68
 DES_24             0             0             0            69
 DES_26             0             0             0             0            70
 DES_29             0             0             0             0             0
 DES_33             0             0             0             0             0
 CAR_16             0             0             0             0             0
 CAR_18             0             0             0             0             0
 CAR_20             0             0             0             0             0
 CAR_23             0             0             0             0             0
 CAR_25             0             0             0             0             0
 CAR_28             0             0             0             0             0
 CAR_30             0             0             0             0             0
 CAR_32             0             0             0             0             0
 CAR_34             0             0             0             0             0
 CAR_36             0             0             0             0             0
 SELF_19            0             0             0             0             0
 SELF_22            0             0             0             0             0
 SELF_27            0             0             0             0             0
 SELF_31            0             0             0             0             0
 SELF_35            0             0             0             0             0


           THETA
              DES_29        DES_33        CAR_16        CAR_18        CAR_20
              ________      ________      ________      ________      ________
 DES_29            71
 DES_33             0            72
 CAR_16             0             0            73
 CAR_18             0             0             0            74
 CAR_20             0             0             0             0            75
 CAR_23             0             0             0             0             0
 CAR_25             0             0             0             0             0
 CAR_28             0             0             0             0             0
 CAR_30             0             0             0             0             0
 CAR_32             0             0             0             0             0
 CAR_34             0             0             0             0             0
 CAR_36             0             0             0             0             0
 SELF_19            0             0             0             0             0
 SELF_22            0             0             0             0             0
 SELF_27            0             0             0             0             0
 SELF_31            0             0             0             0             0
 SELF_35            0             0             0             0             0


           THETA
              CAR_23        CAR_25        CAR_28        CAR_30        CAR_32
              ________      ________      ________      ________      ________
 CAR_23            76
 CAR_25             0            77
 CAR_28             0             0            78
 CAR_30             0             0             0            79
 CAR_32             0             0             0             0            80
 CAR_34             0             0             0             0             0
 CAR_36             0             0             0             0             0
 SELF_19            0             0             0             0             0
 SELF_22            0             0             0             0             0
 SELF_27            0             0             0             0             0
 SELF_31            0             0             0             0             0
 SELF_35            0             0             0             0             0


           THETA
              CAR_34        CAR_36        SELF_19       SELF_22       SELF_27
              ________      ________      ________      ________      ________
 CAR_34            81
 CAR_36             0            82
 SELF_19            0             0            83
 SELF_22            0             0             0            84
 SELF_27            0             0             0             0            85
 SELF_31            0             0             0             0             0
 SELF_35            0             0             0             0             0


           THETA
              SELF_31       SELF_35
              ________      ________
 SELF_31           86
 SELF_35            0            87


           ALPHA
              F1            F2
              ________      ________
                  0             0


           BETA
              F1            F2
              ________      ________
 F1                 0             0
 F2                 0             0


           PSI
              F1            F2
              ________      ________
 F1                 0
 F2                 0             0


     STARTING VALUES


           NU
              DES_15        DES_17        DES_21        DES_24        DES_26
              ________      ________      ________      ________      ________
                4.028         3.033         2.685         3.479         4.333


           NU
              DES_29        DES_33        CAR_16        CAR_18        CAR_20
              ________      ________      ________      ________      ________
                3.822         3.487         3.240         3.069         3.257


           NU
              CAR_23        CAR_25        CAR_28        CAR_30        CAR_32
              ________      ________      ________      ________      ________
                3.630         3.661         2.443         3.009         3.635


           NU
              CAR_34        CAR_36        SELF_19       SELF_22       SELF_27
              ________      ________      ________      ________      ________
                3.697         2.834         3.515         3.983         4.150


           NU
              SELF_31       SELF_35
              ________      ________
                3.530         3.815


           LAMBDA
              F1            F2
              ________      ________
 DES_15         0.670         0.000
 DES_17         0.641         0.142
 DES_21         0.466         0.129
 DES_24         0.675        -0.042
 DES_26         0.325         0.011
 DES_29         0.850        -0.016
 DES_33         0.840         0.095
 CAR_16         0.586         0.110
 CAR_18         0.851         0.367
 CAR_20         0.749         0.328
 CAR_23         0.676         0.366
 CAR_25         0.862         0.132
 CAR_28         0.590         0.365
 CAR_30         0.841         0.249
 CAR_32         0.888         0.320
 CAR_34         0.691        -0.052
 CAR_36         0.905         0.440
 SELF_19        0.409        -0.284
 SELF_22        0.396        -0.276
 SELF_27        0.432        -0.596
 SELF_31        0.548        -0.481
 SELF_35        0.503        -0.630


           THETA
              DES_15        DES_17        DES_21        DES_24        DES_26
              ________      ________      ________      ________      ________
 DES_15         0.466
 DES_17         0.000         0.994
 DES_21         0.000         0.000         1.039
 DES_24         0.000         0.000         0.000         0.916
 DES_26         0.000         0.000         0.000         0.000         0.736
 DES_29         0.000         0.000         0.000         0.000         0.000
 DES_33         0.000         0.000         0.000         0.000         0.000
 CAR_16         0.000         0.000         0.000         0.000         0.000
 CAR_18         0.000         0.000         0.000         0.000         0.000
 CAR_20         0.000         0.000         0.000         0.000         0.000
 CAR_23         0.000         0.000         0.000         0.000         0.000
 CAR_25         0.000         0.000         0.000         0.000         0.000
 CAR_28         0.000         0.000         0.000         0.000         0.000
 CAR_30         0.000         0.000         0.000         0.000         0.000
 CAR_32         0.000         0.000         0.000         0.000         0.000
 CAR_34         0.000         0.000         0.000         0.000         0.000
 CAR_36         0.000         0.000         0.000         0.000         0.000
 SELF_19        0.000         0.000         0.000         0.000         0.000
 SELF_22        0.000         0.000         0.000         0.000         0.000
 SELF_27        0.000         0.000         0.000         0.000         0.000
 SELF_31        0.000         0.000         0.000         0.000         0.000
 SELF_35        0.000         0.000         0.000         0.000         0.000


           THETA
              DES_29        DES_33        CAR_16        CAR_18        CAR_20
              ________      ________      ________      ________      ________
 DES_29         0.710
 DES_33         0.000         0.616
 CAR_16         0.000         0.000         1.006
 CAR_18         0.000         0.000         0.000         0.646
 CAR_20         0.000         0.000         0.000         0.000         0.899
 CAR_23         0.000         0.000         0.000         0.000         0.000
 CAR_25         0.000         0.000         0.000         0.000         0.000
 CAR_28         0.000         0.000         0.000         0.000         0.000
 CAR_30         0.000         0.000         0.000         0.000         0.000
 CAR_32         0.000         0.000         0.000         0.000         0.000
 CAR_34         0.000         0.000         0.000         0.000         0.000
 CAR_36         0.000         0.000         0.000         0.000         0.000
 SELF_19        0.000         0.000         0.000         0.000         0.000
 SELF_22        0.000         0.000         0.000         0.000         0.000
 SELF_27        0.000         0.000         0.000         0.000         0.000
 SELF_31        0.000         0.000         0.000         0.000         0.000
 SELF_35        0.000         0.000         0.000         0.000         0.000


           THETA
              CAR_23        CAR_25        CAR_28        CAR_30        CAR_32
              ________      ________      ________      ________      ________
 CAR_23         0.630
 CAR_25         0.000         0.689
 CAR_28         0.000         0.000         0.753
 CAR_30         0.000         0.000         0.000         0.898
 CAR_32         0.000         0.000         0.000         0.000         0.521
 CAR_34         0.000         0.000         0.000         0.000         0.000
 CAR_36         0.000         0.000         0.000         0.000         0.000
 SELF_19        0.000         0.000         0.000         0.000         0.000
 SELF_22        0.000         0.000         0.000         0.000         0.000
 SELF_27        0.000         0.000         0.000         0.000         0.000
 SELF_31        0.000         0.000         0.000         0.000         0.000
 SELF_35        0.000         0.000         0.000         0.000         0.000


           THETA
              CAR_34        CAR_36        SELF_19       SELF_22       SELF_27
              ________      ________      ________      ________      ________
 CAR_34         0.926
 CAR_36         0.000         0.481
 SELF_19        0.000         0.000         0.667
 SELF_22        0.000         0.000         0.000         0.609
 SELF_27        0.000         0.000         0.000         0.000         0.488
 SELF_31        0.000         0.000         0.000         0.000         0.000
 SELF_35        0.000         0.000         0.000         0.000         0.000


           THETA
              SELF_31       SELF_35
              ________      ________
 SELF_31        0.938
 SELF_35        0.000         0.676


           ALPHA
              F1            F2
              ________      ________
                0.000         0.000


           BETA
              F1            F2
              ________      ________
 F1             0.000         0.000
 F2             0.000         0.000


           PSI
              F1            F2
              ________      ________
 F1             1.000
 F2             0.000         1.000


     TECHNICAL 1 OUTPUT FOR THE ROTATED SOLUTION


     PARAMETER SPECIFICATION


           NU
              DES_15        DES_17        DES_21        DES_24        DES_26
              ________      ________      ________      ________      ________
                  1             2             3             4             5


           NU
              DES_29        DES_33        CAR_16        CAR_18        CAR_20
              ________      ________      ________      ________      ________
                  6             7             8             9            10


           NU
              CAR_23        CAR_25        CAR_28        CAR_30        CAR_32
              ________      ________      ________      ________      ________
                 11            12            13            14            15


           NU
              CAR_34        CAR_36        SELF_19       SELF_22       SELF_27
              ________      ________      ________      ________      ________
                 16            17            18            19            20


           NU
              SELF_31       SELF_35
              ________      ________
                 21            22


           LAMBDA
              F1            F2
              ________      ________
 DES_15            23            24
 DES_17            25            26
 DES_21            27            28
 DES_24            29            30
 DES_26            31            32
 DES_29            33            34
 DES_33            35            36
 CAR_16            37            38
 CAR_18            39            40
 CAR_20            41            42
 CAR_23            43            44
 CAR_25            45            46
 CAR_28            47            48
 CAR_30            49            50
 CAR_32            51            52
 CAR_34            53            54
 CAR_36            55            56
 SELF_19           57            58
 SELF_22           59            60
 SELF_27           61            62
 SELF_31           63            64
 SELF_35           65            66


           THETA
              DES_15        DES_17        DES_21        DES_24        DES_26
              ________      ________      ________      ________      ________
 DES_15            67
 DES_17             0            68
 DES_21             0             0            69
 DES_24             0             0             0            70
 DES_26             0             0             0             0            71
 DES_29             0             0             0             0             0
 DES_33             0             0             0             0             0
 CAR_16             0             0             0             0             0
 CAR_18             0             0             0             0             0
 CAR_20             0             0             0             0             0
 CAR_23             0             0             0             0             0
 CAR_25             0             0             0             0             0
 CAR_28             0             0             0             0             0
 CAR_30             0             0             0             0             0
 CAR_32             0             0             0             0             0
 CAR_34             0             0             0             0             0
 CAR_36             0             0             0             0             0
 SELF_19            0             0             0             0             0
 SELF_22            0             0             0             0             0
 SELF_27            0             0             0             0             0
 SELF_31            0             0             0             0             0
 SELF_35            0             0             0             0             0


           THETA
              DES_29        DES_33        CAR_16        CAR_18        CAR_20
              ________      ________      ________      ________      ________
 DES_29            72
 DES_33             0            73
 CAR_16             0             0            74
 CAR_18             0             0             0            75
 CAR_20             0             0             0             0            76
 CAR_23             0             0             0             0             0
 CAR_25             0             0             0             0             0
 CAR_28             0             0             0             0             0
 CAR_30             0             0             0             0             0
 CAR_32             0             0             0             0             0
 CAR_34             0             0             0             0             0
 CAR_36             0             0             0             0             0
 SELF_19            0             0             0             0             0
 SELF_22            0             0             0             0             0
 SELF_27            0             0             0             0             0
 SELF_31            0             0             0             0             0
 SELF_35            0             0             0             0             0


           THETA
              CAR_23        CAR_25        CAR_28        CAR_30        CAR_32
              ________      ________      ________      ________      ________
 CAR_23            77
 CAR_25             0            78
 CAR_28             0             0            79
 CAR_30             0             0             0            80
 CAR_32             0             0             0             0            81
 CAR_34             0             0             0             0             0
 CAR_36             0             0             0             0             0
 SELF_19            0             0             0             0             0
 SELF_22            0             0             0             0             0
 SELF_27            0             0             0             0             0
 SELF_31            0             0             0             0             0
 SELF_35            0             0             0             0             0


           THETA
              CAR_34        CAR_36        SELF_19       SELF_22       SELF_27
              ________      ________      ________      ________      ________
 CAR_34            82
 CAR_36             0            83
 SELF_19            0             0            84
 SELF_22            0             0             0            85
 SELF_27            0             0             0             0            86
 SELF_31            0             0             0             0             0
 SELF_35            0             0             0             0             0


           THETA
              SELF_31       SELF_35
              ________      ________
 SELF_31           87
 SELF_35            0            88


           ALPHA
              F1            F2
              ________      ________
                  0             0


           BETA
              F1            F2
              ________      ________
 F1                 0             0
 F2                 0             0


           PSI
              F1            F2
              ________      ________
 F1                 0
 F2                89             0


     STARTING VALUES


           NU
              DES_15        DES_17        DES_21        DES_24        DES_26
              ________      ________      ________      ________      ________
                4.028         3.033         2.685         3.479         4.333


           NU
              DES_29        DES_33        CAR_16        CAR_18        CAR_20
              ________      ________      ________      ________      ________
                3.822         3.487         3.240         3.069         3.257


           NU
              CAR_23        CAR_25        CAR_28        CAR_30        CAR_32
              ________      ________      ________      ________      ________
                3.630         3.661         2.443         3.009         3.635


           NU
              CAR_34        CAR_36        SELF_19       SELF_22       SELF_27
              ________      ________      ________      ________      ________
                3.697         2.834         3.515         3.983         4.150


           NU
              SELF_31       SELF_35
              ________      ________
                3.530         3.815


           LAMBDA
              F1            F2
              ________      ________
 DES_15         0.000         0.000
 DES_17         0.000         0.000
 DES_21         0.000         0.000
 DES_24         0.000         0.000
 DES_26         0.000         0.000
 DES_29         0.000         0.000
 DES_33         0.000         0.000
 CAR_16         0.000         0.000
 CAR_18         0.000         0.000
 CAR_20         0.000         0.000
 CAR_23         0.000         0.000
 CAR_25         0.000         0.000
 CAR_28         0.000         0.000
 CAR_30         0.000         0.000
 CAR_32         0.000         0.000
 CAR_34         0.000         0.000
 CAR_36         0.000         0.000
 SELF_19        0.000         0.000
 SELF_22        0.000         0.000
 SELF_27        0.000         0.000
 SELF_31        0.000         0.000
 SELF_35        0.000         0.000


           THETA
              DES_15        DES_17        DES_21        DES_24        DES_26
              ________      ________      ________      ________      ________
 DES_15         0.458
 DES_17         0.000         0.712
 DES_21         0.000         0.000         0.637
 DES_24         0.000         0.000         0.000         0.685
 DES_26         0.000         0.000         0.000         0.000         0.421
 DES_29         0.000         0.000         0.000         0.000         0.000
 DES_33         0.000         0.000         0.000         0.000         0.000
 CAR_16         0.000         0.000         0.000         0.000         0.000
 CAR_18         0.000         0.000         0.000         0.000         0.000
 CAR_20         0.000         0.000         0.000         0.000         0.000
 CAR_23         0.000         0.000         0.000         0.000         0.000
 CAR_25         0.000         0.000         0.000         0.000         0.000
 CAR_28         0.000         0.000         0.000         0.000         0.000
 CAR_30         0.000         0.000         0.000         0.000         0.000
 CAR_32         0.000         0.000         0.000         0.000         0.000
 CAR_34         0.000         0.000         0.000         0.000         0.000
 CAR_36         0.000         0.000         0.000         0.000         0.000
 SELF_19        0.000         0.000         0.000         0.000         0.000
 SELF_22        0.000         0.000         0.000         0.000         0.000
 SELF_27        0.000         0.000         0.000         0.000         0.000
 SELF_31        0.000         0.000         0.000         0.000         0.000
 SELF_35        0.000         0.000         0.000         0.000         0.000


           THETA
              DES_29        DES_33        CAR_16        CAR_18        CAR_20
              ________      ________      ________      ________      ________
 DES_29         0.719
 DES_33         0.000         0.669
 CAR_16         0.000         0.000         0.680
 CAR_18         0.000         0.000         0.000         0.752
 CAR_20         0.000         0.000         0.000         0.000         0.783
 CAR_23         0.000         0.000         0.000         0.000         0.000
 CAR_25         0.000         0.000         0.000         0.000         0.000
 CAR_28         0.000         0.000         0.000         0.000         0.000
 CAR_30         0.000         0.000         0.000         0.000         0.000
 CAR_32         0.000         0.000         0.000         0.000         0.000
 CAR_34         0.000         0.000         0.000         0.000         0.000
 CAR_36         0.000         0.000         0.000         0.000         0.000
 SELF_19        0.000         0.000         0.000         0.000         0.000
 SELF_22        0.000         0.000         0.000         0.000         0.000
 SELF_27        0.000         0.000         0.000         0.000         0.000
 SELF_31        0.000         0.000         0.000         0.000         0.000
 SELF_35        0.000         0.000         0.000         0.000         0.000


           THETA
              CAR_23        CAR_25        CAR_28        CAR_30        CAR_32
              ________      ________      ________      ________      ________
 CAR_23         0.612
 CAR_25         0.000         0.721
 CAR_28         0.000         0.000         0.616
 CAR_30         0.000         0.000         0.000         0.835
 CAR_32         0.000         0.000         0.000         0.000         0.709
 CAR_34         0.000         0.000         0.000         0.000         0.000
 CAR_36         0.000         0.000         0.000         0.000         0.000
 SELF_19        0.000         0.000         0.000         0.000         0.000
 SELF_22        0.000         0.000         0.000         0.000         0.000
 SELF_27        0.000         0.000         0.000         0.000         0.000
 SELF_31        0.000         0.000         0.000         0.000         0.000
 SELF_35        0.000         0.000         0.000         0.000         0.000


           THETA
              CAR_34        CAR_36        SELF_19       SELF_22       SELF_27
              ________      ________      ________      ________      ________
 CAR_34         0.704
 CAR_36         0.000         0.750
 SELF_19        0.000         0.000         0.458
 SELF_22        0.000         0.000         0.000         0.421
 SELF_27        0.000         0.000         0.000         0.000         0.514
 SELF_31        0.000         0.000         0.000         0.000         0.000
 SELF_35        0.000         0.000         0.000         0.000         0.000


           THETA
              SELF_31       SELF_35
              ________      ________
 SELF_31        0.738
 SELF_35        0.000         0.662


           ALPHA
              F1            F2
              ________      ________
                0.000         0.000


           BETA
              F1            F2
              ________      ________
 F1             0.000         0.000
 F2             0.000         0.000


           PSI
              F1            F2
              ________      ________
 F1             1.000
 F2             0.000         1.000


     Beginning Time:  12:05:11
        Ending Time:  12:05:11
       Elapsed Time:  00:00:00



MUTHEN & MUTHEN
3463 Stoner Ave.
Los Angeles, CA  90066

Tel: (310) 391-9971
Fax: (310) 391-8971
Web: www.StatModel.com
Support: Support@StatModel.com

Copyright (c) 1998-2017 Muthen & Muthen
