Mplus VERSION 8 (Mac)
MUTHEN & MUTHEN
11/04/2017   1:26 PM

INPUT INSTRUCTIONS

  TITLE:
  Title: EFA of 2-factor solution using the ICM-CFA approach considering indicators
    as continuous;
  DATA:
  FILE = "../data/06_Analayses_icm.cfaCont.2.csv";

  VARIABLE:
  NAMES = Des_15 Des_17 Des_21 Des_24 Des_26 Des_29 Des_33 Car_16 Car_18 Car_20 Car_23
       Car_25 Car_28 Car_30 Car_32 Car_34 Car_36 Self_19 Self_22 Self_27 Self_31
       Self_35;
   MISSING=.;

    Missing are all (-99, -9, -8, -1);,
    USEVARIABLES =    Des_15  Des_17  Des_21
                      Des_24 Des_26  Des_29
                      Des_33  Car_16 Car_18
                      Car_20  Car_23  Car_25
                      Car_28  Car_30  Car_32
                      Car_34 Car_36  Self_19
                      Self_22 Self_27 Self_31
                      Self_35;
  ANALYSIS:

    ITERATIONS = 10000;
    ESTIMATOR = MLR;
    ! MLR = maximum likelihood estimation with robust standard errors is used
  MODEL:

    DESCAREER BY Des_15  Des_17  Des_21  Des_24 Des_26  Des_29  Des_33
    Car_16 Car_18  Car_20  Car_23  Car_25 Car_28  Car_30
    Car_32  Car_34 Car_36;
    SELF BY Self_19 Self_22 Self_27
    Self_31 Self_35;
    ! ICM-CFA models for the latent variables in the analysis
    ! (measurement component of the model)
  OUTPUT:
  STDYX CINTERVAL MODINDICES(3.8);
    ! STDYX standardizes parameters with the variances of the continuous latent variables an
    ! the variances of the background and outcome variables
    ! CINTERVAL option is used to request confidence intervals for parameter estimates
    ! wherein SYMMETRIC intervals is the default for frequentist estimation (such as MLR),
    ! producing 90%, 95% and 99% symmetric confidence intervals by default in program output



*** WARNING
  Input line exceeded 90 characters. Some input may be truncated.
    ! STDYX standardizes parameters with the variances of the continuous latent variables and
*** WARNING
  Data set contains cases with missing on all variables.
  These cases were not included in the analysis.
  Number of cases with missing on all variables:  10
   2 WARNING(S) FOUND IN THE INPUT INSTRUCTIONS




EFA of 2-factor solution using the ICM-CFA approach considering indicators
as continuous;

SUMMARY OF ANALYSIS

Number of groups                                                 1
Number of observations                                         467

Number of dependent variables                                   22
Number of independent variables                                  0
Number of continuous latent variables                            2

Observed dependent variables

  Continuous
   DES_15      DES_17      DES_21      DES_24      DES_26      DES_29
   DES_33      CAR_16      CAR_18      CAR_20      CAR_23      CAR_25
   CAR_28      CAR_30      CAR_32      CAR_34      CAR_36      SELF_19
   SELF_22     SELF_27     SELF_31     SELF_35

Continuous latent variables
   DESCAREE    SELF


Estimator                                                      MLR
Information matrix                                        OBSERVED
Maximum number of iterations                                 10000
Convergence criterion                                    0.500D-04
Maximum number of steepest descent iterations                   20
Maximum number of iterations for H1                           2000
Convergence criterion for H1                             0.100D-03

Input data file(s)
  ../data/06_Analayses_icm.cfaCont.2.csv

Input data format  FREE


SUMMARY OF DATA

     Number of missing data patterns            54


COVARIANCE COVERAGE OF DATA

Minimum covariance coverage value   0.100


     PROPORTION OF DATA PRESENT


           Covariance Coverage
              DES_15        DES_17        DES_21        DES_24        DES_26
              ________      ________      ________      ________      ________
 DES_15         0.994
 DES_17         0.959         0.966
 DES_21         0.985         0.957         0.991
 DES_24         0.972         0.944         0.970         0.979
 DES_26         0.983         0.955         0.981         0.968         0.989
 DES_29         0.979         0.953         0.976         0.964         0.974
 DES_33         0.961         0.936         0.961         0.949         0.957
 CAR_16         0.968         0.949         0.966         0.957         0.964
 CAR_18         0.981         0.953         0.979         0.968         0.976
 CAR_20         0.961         0.936         0.959         0.946         0.959
 CAR_23         0.983         0.957         0.981         0.970         0.979
 CAR_25         0.979         0.955         0.976         0.964         0.976
 CAR_28         0.981         0.953         0.979         0.968         0.976
 CAR_30         0.981         0.953         0.979         0.966         0.976
 CAR_32         0.979         0.951         0.976         0.966         0.976
 CAR_34         0.974         0.946         0.972         0.961         0.970
 CAR_36         0.987         0.961         0.985         0.974         0.983
 SELF_19        0.983         0.959         0.981         0.970         0.979
 SELF_22        0.985         0.957         0.983         0.972         0.981
 SELF_27        0.979         0.951         0.976         0.964         0.974
 SELF_31        0.979         0.951         0.976         0.964         0.979
 SELF_35        0.979         0.951         0.976         0.968         0.974


           Covariance Coverage
              DES_29        DES_33        CAR_16        CAR_18        CAR_20
              ________      ________      ________      ________      ________
 DES_29         0.985
 DES_33         0.955         0.968
 CAR_16         0.959         0.942         0.974
 CAR_18         0.972         0.955         0.961         0.987
 CAR_20         0.953         0.936         0.946         0.955         0.968
 CAR_23         0.974         0.957         0.966         0.976         0.959
 CAR_25         0.970         0.953         0.961         0.972         0.953
 CAR_28         0.972         0.957         0.961         0.976         0.955
 CAR_30         0.974         0.955         0.961         0.974         0.955
 CAR_32         0.970         0.959         0.959         0.972         0.955
 CAR_34         0.966         0.953         0.955         0.968         0.951
 CAR_36         0.979         0.964         0.968         0.981         0.961
 SELF_19        0.976         0.959         0.966         0.976         0.957
 SELF_22        0.976         0.959         0.970         0.979         0.959
 SELF_27        0.970         0.953         0.959         0.972         0.953
 SELF_31        0.970         0.957         0.959         0.974         0.955
 SELF_35        0.970         0.955         0.961         0.972         0.955


           Covariance Coverage
              CAR_23        CAR_25        CAR_28        CAR_30        CAR_32
              ________      ________      ________      ________      ________
 CAR_23         0.989
 CAR_25         0.974         0.985
 CAR_28         0.979         0.972         0.987
 CAR_30         0.979         0.974         0.974         0.987
 CAR_32         0.974         0.970         0.976         0.974         0.985
 CAR_34         0.970         0.966         0.968         0.970         0.970
 CAR_36         0.983         0.979         0.981         0.981         0.981
 SELF_19        0.979         0.974         0.976         0.976         0.974
 SELF_22        0.983         0.976         0.979         0.979         0.976
 SELF_27        0.974         0.972         0.972         0.974         0.970
 SELF_31        0.974         0.970         0.974         0.972         0.974
 SELF_35        0.976         0.970         0.972         0.972         0.972


           Covariance Coverage
              CAR_34        CAR_36        SELF_19       SELF_22       SELF_27
              ________      ________      ________      ________      ________
 CAR_34         0.981
 CAR_36         0.976         0.994
 SELF_19        0.970         0.983         0.989
 SELF_22        0.972         0.985         0.981         0.991
 SELF_27        0.966         0.979         0.976         0.976         0.985
 SELF_31        0.966         0.979         0.974         0.976         0.970
 SELF_35        0.972         0.981         0.974         0.979         0.970


           Covariance Coverage
              SELF_31       SELF_35
              ________      ________
 SELF_31        0.985
 SELF_35        0.970         0.985



UNIVARIATE SAMPLE STATISTICS


     UNIVARIATE HIGHER-ORDER MOMENT DESCRIPTIVE STATISTICS

         Variable/         Mean/     Skewness/   Minimum/ % with                Percentiles
        Sample Size      Variance    Kurtosis    Maximum  Min/Max      20%/60%    40%/80%    Median

     DES_15                4.028      -0.957       1.000    2.37%       3.000      4.000      4.000
             464.000       0.915       0.764       5.000   36.42%       4.000      5.000
     DES_17                3.033      -0.158       1.000   13.30%       2.000      3.000      3.000
             451.000       1.425      -0.869       5.000   10.64%       3.000      4.000
     DES_21                2.685       0.244       1.000   16.20%       2.000      2.000      3.000
             463.000       1.274      -0.663       5.000    6.70%       3.000      4.000
     DES_24                3.479      -0.441       1.000    6.78%       2.000      3.000      4.000
             457.000       1.370      -0.640       5.000   21.66%       4.000      5.000
     DES_26                4.333      -1.632       1.000    2.38%       4.000      4.000      5.000
             462.000       0.841       2.734       5.000   54.76%       5.000      5.000
     DES_29                3.822      -0.812       1.000    5.87%       3.000      4.000      4.000
             460.000       1.438      -0.293       5.000   37.17%       4.000      5.000
     DES_33                3.487      -0.388       1.000    6.86%       3.000      3.000      3.000
             452.000       1.338      -0.545       5.000   23.23%       4.000      5.000
     CAR_16                3.240      -0.158       1.000    9.23%       2.000      3.000      3.000
             455.000       1.360      -0.620       5.000   17.58%       3.000      4.000
     CAR_18                3.069       0.023       1.000   11.28%       2.000      3.000      3.000
             461.000       1.505      -0.910       5.000   16.05%       3.000      4.000
     CAR_20                3.257      -0.168       1.000   10.62%       2.000      3.000      3.000
             452.000       1.567      -0.894       5.000   21.24%       4.000      5.000
     CAR_23                3.630      -0.584       1.000    5.41%       3.000      3.000      4.000
             462.000       1.224      -0.248       5.000   24.46%       4.000      5.000
     CAR_25                3.661      -0.487       1.000    5.65%       3.000      3.000      4.000
             460.000       1.442      -0.700       5.000   33.04%       4.000      5.000
     CAR_28                2.443       0.378       1.000   23.86%       1.000      2.000      2.000
             461.000       1.232      -0.552       5.000    4.56%       3.000      3.000
     CAR_30                3.009       0.086       1.000   14.53%       2.000      3.000      3.000
             461.000       1.670      -0.995       5.000   18.22%       3.000      4.000
     CAR_32                3.635      -0.564       1.000    6.30%       3.000      3.000      4.000
             460.000       1.419      -0.565       5.000   29.13%       4.000      5.000
     CAR_34                3.697      -0.637       1.000    6.55%       3.000      3.000      4.000
             458.000       1.408      -0.410       5.000   31.88%       4.000      5.000
     CAR_36                2.834       0.206       1.000   16.59%       2.000      3.000      3.000
             464.000       1.500      -0.735       5.000   13.15%       3.000      4.000
     SELF_19               3.515      -0.236       1.000    2.60%       3.000      3.000      3.000
             462.000       0.916      -0.185       5.000   16.45%       4.000      4.000
     SELF_22               3.983      -1.039       1.000    2.59%       3.000      4.000      4.000
             463.000       0.842       1.324       5.000   30.02%       4.000      5.000
     SELF_27               4.150      -1.205       1.000    2.83%       3.000      4.000      4.000
             460.000       1.027       0.997       5.000   47.17%       5.000      5.000
     SELF_31               3.530      -0.479       1.000    7.61%       2.000      3.000      4.000
             460.000       1.475      -0.679       5.000   26.09%       4.000      5.000
     SELF_35               3.815      -0.791       1.000    5.43%       3.000      4.000      4.000
             460.000       1.325      -0.138       5.000   34.78%       4.000      5.000


THE MODEL ESTIMATION TERMINATED NORMALLY



MODEL FIT INFORMATION

Number of Free Parameters                       67

Loglikelihood

          H0 Value                      -13726.995
          H0 Scaling Correction Factor      1.2158
            for MLR
          H1 Value                      -13289.376
          H1 Scaling Correction Factor      1.3047
            for MLR

Information Criteria

          Akaike (AIC)                   27587.991
          Bayesian (BIC)                 27865.795
          Sample-Size Adjusted BIC       27653.151
            (n* = (n + 2) / 24)

Chi-Square Test of Model Fit

          Value                            656.442*
          Degrees of Freedom                   208
          P-Value                           0.0000
          Scaling Correction Factor         1.3333
            for MLR

*   The chi-square value for MLM, MLMV, MLR, ULSMV, WLSM and WLSMV cannot be used
    for chi-square difference testing in the regular way.  MLM, MLR and WLSM
    chi-square difference testing is described on the Mplus website.  MLMV, WLSMV,
    and ULSMV difference testing is done using the DIFFTEST option.

RMSEA (Root Mean Square Error Of Approximation)

          Estimate                           0.068
          90 Percent C.I.                    0.062  0.074
          Probability RMSEA <= .05           0.000

CFI/TLI

          CFI                                0.854
          TLI                                0.838

Chi-Square Test of Model Fit for the Baseline Model

          Value                           3300.534
          Degrees of Freedom                   231
          P-Value                           0.0000

SRMR (Standardized Root Mean Square Residual)

          Value                              0.065



MODEL RESULTS

                                                    Two-Tailed
                    Estimate       S.E.  Est./S.E.    P-Value

 DESCAREE BY
    DES_15             1.000      0.000    999.000    999.000
    DES_17             1.007      0.088     11.411      0.000
    DES_21             0.737      0.085      8.703      0.000
    DES_24             0.978      0.088     11.057      0.000
    DES_26             0.495      0.074      6.726      0.000
    DES_29             1.256      0.073     17.276      0.000
    DES_33             1.290      0.084     15.334      0.000
    CAR_16             0.922      0.113      8.151      0.000
    CAR_18             1.389      0.108     12.831      0.000
    CAR_20             1.235      0.108     11.382      0.000
    CAR_23             1.131      0.105     10.776      0.000
    CAR_25             1.334      0.092     14.469      0.000
    CAR_28             0.998      0.091     11.001      0.000
    CAR_30             1.335      0.122     10.976      0.000
    CAR_32             1.436      0.103     13.888      0.000
    CAR_34             1.013      0.107      9.455      0.000
    CAR_36             1.493      0.120     12.472      0.000

 SELF     BY
    SELF_19            1.000      0.000    999.000    999.000
    SELF_22            0.946      0.091     10.420      0.000
    SELF_27            1.361      0.179      7.597      0.000
    SELF_31            1.396      0.192      7.271      0.000
    SELF_35            1.506      0.193      7.821      0.000

 SELF     WITH
    DESCAREER          0.162      0.033      4.865      0.000

 Intercepts
    DES_15             4.030      0.044     90.991      0.000
    DES_17             3.038      0.056     54.458      0.000
    DES_21             2.683      0.052     51.170      0.000
    DES_24             3.486      0.054     63.956      0.000
    DES_26             4.332      0.043    101.532      0.000
    DES_29             3.819      0.056     68.593      0.000
    DES_33             3.479      0.054     64.520      0.000
    CAR_16             3.242      0.054     59.511      0.000
    CAR_18             3.073      0.057     53.960      0.000
    CAR_20             3.246      0.059     55.435      0.000
    CAR_23             3.629      0.051     70.738      0.000
    CAR_25             3.662      0.056     65.756      0.000
    CAR_28             2.438      0.052     47.299      0.000
    CAR_30             3.009      0.060     50.205      0.000
    CAR_32             3.634      0.055     65.835      0.000
    CAR_34             3.694      0.055     66.830      0.000
    CAR_36             2.835      0.057     50.034      0.000
    SELF_19            3.515      0.044     79.053      0.000
    SELF_22            3.983      0.043     93.466      0.000
    SELF_27            4.149      0.047     87.774      0.000
    SELF_31            3.535      0.056     62.610      0.000
    SELF_35            3.815      0.054     71.237      0.000

 Variances
    DESCAREER          0.427      0.059      7.283      0.000
    SELF               0.274      0.056      4.853      0.000

 Residual Variances
    DES_15             0.489      0.044     11.103      0.000
    DES_17             0.985      0.072     13.701      0.000
    DES_21             1.043      0.066     15.870      0.000
    DES_24             0.961      0.069     13.897      0.000
    DES_26             0.736      0.084      8.720      0.000
    DES_29             0.758      0.056     13.632      0.000
    DES_33             0.622      0.065      9.608      0.000
    CAR_16             0.998      0.083     12.000      0.000
    CAR_18             0.680      0.061     11.158      0.000
    CAR_20             0.916      0.083     11.085      0.000
    CAR_23             0.674      0.053     12.657      0.000
    CAR_25             0.678      0.070      9.663      0.000
    CAR_28             0.808      0.065     12.452      0.000
    CAR_30             0.904      0.095      9.524      0.000
    CAR_32             0.535      0.045     11.818      0.000
    CAR_34             0.966      0.080     12.013      0.000
    CAR_36             0.544      0.054     10.156      0.000
    SELF_19            0.642      0.058     11.153      0.000
    SELF_22            0.597      0.069      8.635      0.000
    SELF_27            0.523      0.069      7.540      0.000
    SELF_31            0.939      0.089     10.569      0.000
    SELF_35            0.703      0.104      6.768      0.000


STANDARDIZED MODEL RESULTS


STDYX Standardization

                                                    Two-Tailed
                    Estimate       S.E.  Est./S.E.    P-Value

 DESCAREE BY
    DES_15             0.683      0.031     22.087      0.000
    DES_17             0.553      0.039     14.147      0.000
    DES_21             0.427      0.041     10.295      0.000
    DES_24             0.546      0.039     14.089      0.000
    DES_26             0.353      0.052      6.820      0.000
    DES_29             0.686      0.028     24.344      0.000
    DES_33             0.730      0.032     22.636      0.000
    CAR_16             0.516      0.051     10.167      0.000
    CAR_18             0.740      0.028     26.828      0.000
    CAR_20             0.645      0.039     16.388      0.000
    CAR_23             0.669      0.032     20.925      0.000
    CAR_25             0.727      0.031     23.089      0.000
    CAR_28             0.587      0.037     16.032      0.000
    CAR_30             0.676      0.039     17.146      0.000
    CAR_32             0.789      0.020     39.082      0.000
    CAR_34             0.559      0.041     13.700      0.000
    CAR_36             0.798      0.022     35.531      0.000

 SELF     BY
    SELF_19            0.547      0.050     10.877      0.000
    SELF_22            0.539      0.053     10.199      0.000
    SELF_27            0.701      0.040     17.400      0.000
    SELF_31            0.602      0.046     13.205      0.000
    SELF_35            0.685      0.050     13.727      0.000

 SELF     WITH
    DESCAREER          0.475      0.053      8.982      0.000

 Intercepts
    DES_15             4.211      0.193     21.842      0.000
    DES_17             2.551      0.084     30.208      0.000
    DES_21             2.376      0.071     33.662      0.000
    DES_24             2.978      0.108     27.663      0.000
    DES_26             4.725      0.276     17.131      0.000
    DES_29             3.191      0.131     24.381      0.000
    DES_33             3.014      0.109     27.578      0.000
    CAR_16             2.778      0.095     29.361      0.000
    CAR_18             2.505      0.076     33.107      0.000
    CAR_20             2.593      0.085     30.528      0.000
    CAR_23             3.285      0.128     25.591      0.000
    CAR_25             3.054      0.109     27.978      0.000
    CAR_28             2.195      0.065     34.015      0.000
    CAR_30             2.332      0.068     34.145      0.000
    CAR_32             3.054      0.115     26.623      0.000
    CAR_34             3.117      0.122     25.528      0.000
    CAR_36             2.318      0.069     33.525      0.000
    SELF_19            3.673      0.131     27.981      0.000
    SELF_22            4.341      0.214     20.308      0.000
    SELF_27            4.089      0.200     20.417      0.000
    SELF_31            2.913      0.106     27.450      0.000
    SELF_35            3.316      0.138     24.084      0.000

 Variances
    DESCAREER          1.000      0.000    999.000    999.000
    SELF               1.000      0.000    999.000    999.000

 Residual Variances
    DES_15             0.534      0.042     12.642      0.000
    DES_17             0.695      0.043     16.097      0.000
    DES_21             0.818      0.035     23.120      0.000
    DES_24             0.702      0.042     16.557      0.000
    DES_26             0.875      0.037     23.935      0.000
    DES_29             0.529      0.039     13.676      0.000
    DES_33             0.466      0.047      9.893      0.000
    CAR_16             0.733      0.052     13.974      0.000
    CAR_18             0.452      0.041     11.079      0.000
    CAR_20             0.584      0.051     11.523      0.000
    CAR_23             0.552      0.043     12.907      0.000
    CAR_25             0.472      0.046     10.304      0.000
    CAR_28             0.655      0.043     15.238      0.000
    CAR_30             0.543      0.053     10.183      0.000
    CAR_32             0.378      0.032     11.855      0.000
    CAR_34             0.688      0.046     15.094      0.000
    CAR_36             0.364      0.036     10.153      0.000
    SELF_19            0.701      0.055     12.763      0.000
    SELF_22            0.709      0.057     12.444      0.000
    SELF_27            0.508      0.057      8.980      0.000
    SELF_31            0.638      0.055     11.633      0.000
    SELF_35            0.531      0.068      7.767      0.000


R-SQUARE

    Observed                                        Two-Tailed
    Variable        Estimate       S.E.  Est./S.E.    P-Value

    DES_15             0.466      0.042     11.044      0.000
    DES_17             0.305      0.043      7.073      0.000
    DES_21             0.182      0.035      5.148      0.000
    DES_24             0.298      0.042      7.044      0.000
    DES_26             0.125      0.037      3.410      0.001
    DES_29             0.471      0.039     12.172      0.000
    DES_33             0.534      0.047     11.318      0.000
    CAR_16             0.267      0.052      5.083      0.000
    CAR_18             0.548      0.041     13.414      0.000
    CAR_20             0.416      0.051      8.194      0.000
    CAR_23             0.448      0.043     10.462      0.000
    CAR_25             0.528      0.046     11.545      0.000
    CAR_28             0.345      0.043      8.016      0.000
    CAR_30             0.457      0.053      8.573      0.000
    CAR_32             0.622      0.032     19.541      0.000
    CAR_34             0.312      0.046      6.850      0.000
    CAR_36             0.636      0.036     17.765      0.000
    SELF_19            0.299      0.055      5.439      0.000
    SELF_22            0.291      0.057      5.099      0.000
    SELF_27            0.492      0.057      8.700      0.000
    SELF_31            0.362      0.055      6.602      0.000
    SELF_35            0.469      0.068      6.864      0.000


QUALITY OF NUMERICAL RESULTS

     Condition Number for the Information Matrix              0.252E-02
       (ratio of smallest to largest eigenvalue)


CONFIDENCE INTERVALS OF MODEL RESULTS

                  Lower .5%  Lower 2.5%    Lower 5%    Estimate    Upper 5%  Upper 2.5%   Upper .5%

 DESCAREE BY
    DES_15           1.000       1.000       1.000       1.000       1.000       1.000       1.000
    DES_17           0.780       0.834       0.862       1.007       1.152       1.180       1.234
    DES_21           0.519       0.571       0.598       0.737       0.877       0.903       0.955
    DES_24           0.750       0.805       0.833       0.978       1.124       1.152       1.206
    DES_26           0.306       0.351       0.374       0.495       0.617       0.640       0.685
    DES_29           1.069       1.114       1.137       1.256       1.376       1.399       1.444
    DES_33           1.074       1.125       1.152       1.290       1.429       1.455       1.507
    CAR_16           0.631       0.700       0.736       0.922       1.108       1.144       1.213
    CAR_18           1.110       1.177       1.211       1.389       1.567       1.601       1.667
    CAR_20           0.955       1.022       1.056       1.235       1.413       1.447       1.514
    CAR_23           0.861       0.925       0.959       1.131       1.304       1.337       1.402
    CAR_25           1.096       1.153       1.182       1.334       1.485       1.514       1.571
    CAR_28           0.764       0.820       0.849       0.998       1.147       1.175       1.231
    CAR_30           1.021       1.096       1.135       1.335       1.535       1.573       1.648
    CAR_32           1.170       1.234       1.266       1.436       1.606       1.639       1.703
    CAR_34           0.737       0.803       0.837       1.013       1.190       1.223       1.289
    CAR_36           1.184       1.258       1.296       1.493       1.690       1.727       1.801

 SELF     BY
    SELF_19          1.000       1.000       1.000       1.000       1.000       1.000       1.000
    SELF_22          0.712       0.768       0.796       0.946       1.095       1.123       1.179
    SELF_27          0.899       1.010       1.066       1.361       1.655       1.712       1.822
    SELF_31          0.901       1.019       1.080       1.396       1.711       1.772       1.890
    SELF_35          1.010       1.129       1.189       1.506       1.823       1.884       2.002

 SELF     WITH
    DESCAREER        0.076       0.097       0.107       0.162       0.217       0.228       0.248

 Intercepts
    DES_15           3.916       3.944       3.958       4.030       4.103       4.117       4.145
    DES_17           2.894       2.929       2.946       3.038       3.130       3.147       3.182
    DES_21           2.548       2.580       2.596       2.683       2.769       2.785       2.818
    DES_24           3.345       3.379       3.396       3.486       3.575       3.592       3.626
    DES_26           4.222       4.249       4.262       4.332       4.403       4.416       4.442
    DES_29           3.675       3.709       3.727       3.819       3.910       3.928       3.962
    DES_33           3.340       3.374       3.391       3.479       3.568       3.585       3.618
    CAR_16           3.101       3.135       3.152       3.242       3.331       3.348       3.382
    CAR_18           2.926       2.961       2.979       3.073       3.166       3.184       3.219
    CAR_20           3.095       3.131       3.149       3.246       3.342       3.360       3.397
    CAR_23           3.497       3.529       3.545       3.629       3.714       3.730       3.761
    CAR_25           3.519       3.553       3.570       3.662       3.754       3.771       3.805
    CAR_28           2.305       2.337       2.353       2.438       2.523       2.539       2.571
    CAR_30           2.854       2.891       2.910       3.009       3.107       3.126       3.163
    CAR_32           3.492       3.526       3.543       3.634       3.725       3.742       3.776
    CAR_34           3.552       3.586       3.603       3.694       3.785       3.802       3.837
    CAR_36           2.689       2.724       2.742       2.835       2.928       2.946       2.981
    SELF_19          3.400       3.428       3.442       3.515       3.588       3.602       3.629
    SELF_22          3.873       3.899       3.913       3.983       4.053       4.066       4.092
    SELF_27          4.027       4.056       4.071       4.149       4.227       4.242       4.271
    SELF_31          3.389       3.424       3.442       3.535       3.627       3.645       3.680
    SELF_35          3.677       3.710       3.727       3.815       3.903       3.920       3.953

 Variances
    DESCAREE         0.276       0.312       0.331       0.427       0.524       0.542       0.578
    SELF             0.128       0.163       0.181       0.274       0.366       0.384       0.419

 Residual Variances
    DES_15           0.375       0.403       0.416       0.489       0.561       0.575       0.602
    DES_17           0.800       0.845       0.867       0.985       1.104       1.126       1.171
    DES_21           0.873       0.914       0.935       1.043       1.151       1.171       1.212
    DES_24           0.783       0.825       0.847       0.961       1.074       1.096       1.139
    DES_26           0.518       0.570       0.597       0.736       0.875       0.901       0.953
    DES_29           0.614       0.649       0.666       0.758       0.849       0.867       0.901
    DES_33           0.455       0.495       0.515       0.622       0.728       0.748       0.788
    CAR_16           0.784       0.835       0.861       0.998       1.135       1.161       1.213
    CAR_18           0.523       0.561       0.580       0.680       0.781       0.800       0.837
    CAR_20           0.703       0.754       0.780       0.916       1.052       1.078       1.128
    CAR_23           0.537       0.570       0.587       0.674       0.762       0.779       0.812
    CAR_25           0.497       0.540       0.563       0.678       0.793       0.815       0.859
    CAR_28           0.641       0.681       0.701       0.808       0.915       0.935       0.975
    CAR_30           0.659       0.718       0.748       0.904       1.060       1.090       1.148
    CAR_32           0.418       0.446       0.460       0.535       0.609       0.623       0.651
    CAR_34           0.759       0.809       0.834       0.966       1.099       1.124       1.174
    CAR_36           0.406       0.439       0.456       0.544       0.632       0.649       0.682
    SELF_19          0.494       0.529       0.548       0.642       0.737       0.755       0.791
    SELF_22          0.419       0.462       0.483       0.597       0.711       0.733       0.775
    SELF_27          0.344       0.387       0.409       0.523       0.637       0.659       0.702
    SELF_31          0.710       0.765       0.793       0.939       1.085       1.113       1.168
    SELF_35          0.435       0.499       0.532       0.703       0.873       0.906       0.970


CONFIDENCE INTERVALS OF STANDARDIZED MODEL RESULTS


STDYX Standardization

                  Lower .5%  Lower 2.5%    Lower 5%    Estimate    Upper 5%  Upper 2.5%   Upper .5%

 DESCAREE BY
    DES_15           0.603       0.622       0.632       0.683       0.734       0.743       0.762
    DES_17           0.452       0.476       0.488       0.553       0.617       0.629       0.653
    DES_21           0.320       0.345       0.359       0.427       0.495       0.508       0.534
    DES_24           0.446       0.470       0.483       0.546       0.610       0.622       0.646
    DES_26           0.220       0.252       0.268       0.353       0.438       0.455       0.487
    DES_29           0.614       0.631       0.640       0.686       0.733       0.741       0.759
    DES_33           0.647       0.667       0.677       0.730       0.784       0.794       0.814
    CAR_16           0.386       0.417       0.433       0.516       0.600       0.616       0.647
    CAR_18           0.669       0.686       0.695       0.740       0.785       0.794       0.811
    CAR_20           0.543       0.568       0.580       0.645       0.709       0.722       0.746
    CAR_23           0.587       0.606       0.617       0.669       0.722       0.732       0.751
    CAR_25           0.646       0.665       0.675       0.727       0.779       0.789       0.808
    CAR_28           0.493       0.515       0.527       0.587       0.647       0.659       0.681
    CAR_30           0.575       0.599       0.611       0.676       0.741       0.753       0.778
    CAR_32           0.737       0.749       0.756       0.789       0.822       0.828       0.841
    CAR_34           0.454       0.479       0.492       0.559       0.626       0.639       0.664
    CAR_36           0.740       0.754       0.761       0.798       0.835       0.842       0.856

 SELF     BY
    SELF_19          0.417       0.448       0.464       0.547       0.629       0.645       0.676
    SELF_22          0.403       0.436       0.452       0.539       0.626       0.643       0.675
    SELF_27          0.598       0.622       0.635       0.701       0.768       0.781       0.805
    SELF_31          0.484       0.512       0.527       0.602       0.677       0.691       0.719
    SELF_35          0.556       0.587       0.603       0.685       0.767       0.783       0.813

 SELF     WITH
    DESCAREER        0.339       0.371       0.388       0.475       0.562       0.578       0.611

 Intercepts
    DES_15           3.715       3.833       3.894       4.211       4.528       4.589       4.708
    DES_17           2.333       2.385       2.412       2.551       2.690       2.716       2.768
    DES_21           2.194       2.238       2.260       2.376       2.492       2.514       2.558
    DES_24           2.701       2.767       2.801       2.978       3.156       3.189       3.256
    DES_26           4.015       4.184       4.271       4.725       5.179       5.266       5.436
    DES_29           2.854       2.935       2.976       3.191       3.406       3.448       3.528
    DES_33           2.732       2.800       2.834       3.014       3.194       3.228       3.295
    CAR_16           2.534       2.593       2.623       2.778       2.934       2.964       3.022
    CAR_18           2.311       2.357       2.381       2.505       2.630       2.654       2.700
    CAR_20           2.374       2.426       2.453       2.593       2.733       2.759       2.812
    CAR_23           2.954       3.033       3.073       3.285       3.496       3.536       3.615
    CAR_25           2.773       2.840       2.875       3.054       3.234       3.268       3.336
    CAR_28           2.029       2.069       2.089       2.195       2.301       2.322       2.362
    CAR_30           2.156       2.198       2.220       2.332       2.445       2.466       2.508
    CAR_32           2.759       2.830       2.866       3.054       3.243       3.279       3.350
    CAR_34           2.802       2.877       2.916       3.117       3.317       3.356       3.431
    CAR_36           2.140       2.183       2.204       2.318       2.432       2.454       2.496
    SELF_19          3.334       3.415       3.457       3.673       3.888       3.930       4.011
    SELF_22          3.790       3.922       3.989       4.341       4.692       4.760       4.891
    SELF_27          3.573       3.696       3.759       4.089       4.418       4.481       4.604
    SELF_31          2.640       2.705       2.738       2.913       3.088       3.121       3.186
    SELF_35          2.962       3.047       3.090       3.316       3.543       3.586       3.671

 Variances
    DESCAREE         1.000       1.000       1.000       1.000       1.000       1.000       1.000
    SELF             1.000       1.000       1.000       1.000       1.000       1.000       1.000

 Residual Variances
    DES_15           0.425       0.451       0.464       0.534       0.603       0.616       0.642
    DES_17           0.584       0.610       0.624       0.695       0.766       0.779       0.806
    DES_21           0.727       0.749       0.760       0.818       0.876       0.887       0.909
    DES_24           0.592       0.618       0.632       0.702       0.771       0.785       0.811
    DES_26           0.781       0.804       0.815       0.875       0.935       0.947       0.969
    DES_29           0.429       0.453       0.465       0.529       0.593       0.605       0.629
    DES_33           0.345       0.374       0.389       0.466       0.544       0.559       0.588
    CAR_16           0.598       0.630       0.647       0.733       0.820       0.836       0.868
    CAR_18           0.347       0.372       0.385       0.452       0.519       0.532       0.558
    CAR_20           0.454       0.485       0.501       0.584       0.668       0.684       0.715
    CAR_23           0.442       0.468       0.482       0.552       0.623       0.636       0.663
    CAR_25           0.354       0.382       0.396       0.472       0.547       0.561       0.589
    CAR_28           0.545       0.571       0.585       0.655       0.726       0.740       0.766
    CAR_30           0.406       0.438       0.455       0.543       0.631       0.647       0.680
    CAR_32           0.296       0.315       0.325       0.378       0.430       0.440       0.460
    CAR_34           0.570       0.599       0.613       0.688       0.763       0.777       0.805
    CAR_36           0.271       0.293       0.305       0.364       0.423       0.434       0.456
    SELF_19          0.560       0.594       0.611       0.701       0.792       0.809       0.843
    SELF_22          0.563       0.598       0.616       0.709       0.803       0.821       0.856
    SELF_27          0.362       0.397       0.415       0.508       0.601       0.619       0.654
    SELF_31          0.497       0.530       0.548       0.638       0.728       0.745       0.779
    SELF_35          0.355       0.397       0.418       0.531       0.643       0.665       0.707


MODEL MODIFICATION INDICES

NOTE:  Modification indices for direct effects of observed dependent variables
regressed on covariates may not be included.  To include these, request
MODINDICES (ALL).

Minimum M.I. value for printing the modification index     3.800

                                   M.I.     E.P.C.  Std E.P.C.  StdYX E.P.C.

BY Statements

DESCAREE BY SELF_22                4.830     0.188      0.123        0.134
DESCAREE BY SELF_27                7.847    -0.258     -0.169       -0.166
SELF     BY DES_15                11.653     0.344      0.180        0.188
SELF     BY DES_24                15.131     0.543      0.284        0.243
SELF     BY DES_29                16.259     0.508      0.266        0.222
SELF     BY CAR_18                 4.343    -0.252     -0.132       -0.107
SELF     BY CAR_20                 5.228    -0.317     -0.166       -0.132
SELF     BY CAR_23                10.731    -0.387     -0.202       -0.183
SELF     BY CAR_28                10.655    -0.418     -0.219       -0.197
SELF     BY CAR_34                14.243     0.528      0.276        0.233
SELF     BY CAR_36                13.079    -0.399     -0.208       -0.170

WITH Statements

DES_21   WITH DES_17              26.658     0.293      0.293        0.289
DES_24   WITH DES_21               4.886     0.123      0.123        0.123
DES_29   WITH DES_15              31.854     0.200      0.200        0.329
DES_33   WITH DES_15              18.735     0.142      0.142        0.257
DES_33   WITH DES_26              10.631     0.127      0.127        0.187
DES_33   WITH DES_29              16.149     0.165      0.165        0.240
CAR_16   WITH DES_21               9.639    -0.176     -0.176       -0.173
CAR_16   WITH DES_24               4.523    -0.117     -0.117       -0.120
CAR_18   WITH DES_15               7.448    -0.093     -0.093       -0.161
CAR_20   WITH DES_26               4.768    -0.101     -0.101       -0.123
CAR_20   WITH CAR_16              18.356     0.235      0.235        0.246
CAR_23   WITH DES_15               6.996    -0.088     -0.088       -0.153
CAR_23   WITH DES_33              10.381    -0.124     -0.124       -0.191
CAR_23   WITH CAR_18              10.882     0.132      0.132        0.195
CAR_25   WITH DES_21               9.242    -0.146     -0.146       -0.173
CAR_25   WITH DES_26               6.830    -0.105     -0.105       -0.149
CAR_25   WITH CAR_16               5.077     0.107      0.107        0.130
CAR_25   WITH CAR_18               5.041    -0.092     -0.092       -0.135
CAR_25   WITH CAR_20               7.111     0.124      0.124        0.158
CAR_28   WITH DES_21               6.087     0.126      0.126        0.137
CAR_28   WITH CAR_18               5.250     0.099      0.099        0.133
CAR_28   WITH CAR_25              16.956    -0.177     -0.177       -0.239
CAR_30   WITH DES_15               4.698    -0.084     -0.084       -0.126
CAR_30   WITH DES_24               4.187    -0.109     -0.109       -0.117
CAR_30   WITH DES_26              14.780    -0.176     -0.176       -0.216
CAR_30   WITH DES_33              13.502    -0.164     -0.164       -0.219
CAR_30   WITH CAR_16              15.260     0.212      0.212        0.223
CAR_30   WITH CAR_20              11.051     0.176      0.176        0.194
CAR_32   WITH DES_26               5.560     0.086      0.086        0.137
CAR_32   WITH CAR_23              19.005     0.158      0.158        0.263
CAR_32   WITH CAR_25               7.336     0.100      0.100        0.167
CAR_32   WITH CAR_30               6.776    -0.109     -0.109       -0.157
CAR_34   WITH DES_29              10.934    -0.162     -0.162       -0.190
CAR_34   WITH CAR_25              11.422     0.159      0.159        0.196
CAR_34   WITH CAR_30              15.192     0.208      0.208        0.223
CAR_36   WITH DES_15               6.097    -0.077     -0.077       -0.149
CAR_36   WITH DES_24               5.337    -0.099     -0.099       -0.137
CAR_36   WITH DES_26               7.839    -0.103     -0.103       -0.163
CAR_36   WITH DES_29               3.941    -0.078     -0.078       -0.121
CAR_36   WITH CAR_25               4.329    -0.078     -0.078       -0.128
CAR_36   WITH CAR_28              18.712     0.171      0.171        0.257
CAR_36   WITH CAR_30              15.845     0.169      0.169        0.241
CAR_36   WITH CAR_32               6.664     0.089      0.089        0.164
CAR_36   WITH CAR_34               4.060    -0.087     -0.087       -0.120
SELF_19  WITH CAR_25               7.340    -0.106     -0.106       -0.161
SELF_22  WITH DES_24              12.657     0.156      0.156        0.205
SELF_22  WITH CAR_20               4.853    -0.096     -0.096       -0.129
SELF_22  WITH CAR_30               5.710    -0.103     -0.103       -0.140
SELF_22  WITH SELF_19             13.947     0.147      0.147        0.237
SELF_27  WITH DES_21               5.695    -0.108     -0.108       -0.147
SELF_27  WITH CAR_25               9.722     0.118      0.118        0.199
SELF_27  WITH CAR_28               6.775    -0.106     -0.106       -0.162
SELF_27  WITH CAR_34               6.136     0.110      0.110        0.155
SELF_27  WITH SELF_19              4.147    -0.089     -0.089       -0.153
SELF_31  WITH DES_24               5.319     0.130      0.130        0.136
SELF_31  WITH CAR_34               4.829     0.124      0.124        0.130
SELF_31  WITH SELF_22              8.383    -0.143     -0.143       -0.191
SELF_31  WITH SELF_27              5.268     0.129      0.129        0.185
SELF_35  WITH DES_15               5.200     0.083      0.083        0.142
SELF_35  WITH CAR_34               5.407     0.118      0.118        0.143
SELF_35  WITH CAR_36               4.276    -0.082     -0.082       -0.133
SELF_35  WITH SELF_27              6.925     0.149      0.149        0.245


     Beginning Time:  13:26:08
        Ending Time:  13:26:08
       Elapsed Time:  00:00:00



MUTHEN & MUTHEN
3463 Stoner Ave.
Los Angeles, CA  90066

Tel: (310) 391-9971
Fax: (310) 391-8971
Web: www.StatModel.com
Support: Support@StatModel.com

Copyright (c) 1998-2017 Muthen & Muthen
